00:00:00.111274 VirtualBox NAT Network 4.1.34 r1337363904 win.amd64 (Jul 26 2022 16:16:15) release log
00:00:00.111278 Log opened 2024-11-04T03:13:02.012005100Z
00:00:00.111279 Build Type: release
00:00:00.111282 OS Product: Windows 10
00:00:00.111283 OS Release: 10.0.19045
00:00:00.111284 OS Service Pack: 
00:00:00.129015 DMI Product Name: Z590 GAMING X
00:00:00.136770 DMI Product Version: Default string
00:00:00.136781 Firmware type: UEFI
00:00:00.137092 Secure Boot: VERR_PRIVILEGE_NOT_HELD
00:00:00.137103 Host RAM: 65401MB (63.8GB) total, 46405MB (45.3GB) available
00:00:00.137107 Executable: C:\Program Files\ldplayer9box\VBoxNetNAT.exe
00:00:00.137107 Process ID: 21792
00:00:00.137108 Package type: WINDOWS_64BITS_GENERIC (OSE)
00:00:00.145702 SUP: Opened Ld9VMMR0.r0 (C:\Program Files\ldplayer9box\Ld9VMMR0.r0) at 0xXXXXXXXXXXXXXXXX loaded by the native ring-0 loader.
00:00:00.145798 SUP: windbg> .reload /f C:\Program Files\ldplayer9box\Ld9VMMR0.r0=0xXXXXXXXXXXXXXXXX
00:00:00.228245 netif NT0: mac 52:54:00:12:35:00
00:00:00.228265 netif NT0: inet 172.16.1.1 netmask 255.255.255.0
00:00:00.228271 netif NT0: inet6 fe80::5054:ff:fe12:3500
00:00:00.228278 netif NT0: inet6 fd17:625c:f037:1001::1
