00:00:00.001134 VirtualBox DHCP Server 4.1.34 r1579636408 win.amd64 (Jul 26 2022 16:16:05) release log
00:00:00.001135 Log opened 2024-09-22T05:20:17.264406300Z
00:00:00.001136 Build Type: release
00:00:00.001139 OS Product: Windows 10
00:00:00.001140 OS Release: 10.0.19045
00:00:00.001140 OS Service Pack: 
00:00:00.011870 DMI Product Name: Z590 GAMING X
00:00:00.019174 DMI Product Version: Default string
00:00:00.019181 Firmware type: UEFI
00:00:00.019432 Secure Boot: VERR_PRIVILEGE_NOT_HELD
00:00:00.019443 Host RAM: 65401MB (63.8GB) total, 40190MB (39.2GB) available
00:00:00.019446 Executable: C:\Program Files\ldplayer9box\VBoxNetDHCP.exe
00:00:00.019446 Process ID: 54508
00:00:00.019446 Package type: WINDOWS_64BITS_GENERIC (OSE)
00:00:00.019529 --config:  LdNatNetwork6
00:00:00.019534 --comment: LdNatNetwork6
00:00:00.021015 IP address:   172.16.1.3/24
00:00:00.021025 Address pool: 172.16.1.4 - 172.16.1.254
00:00:00.021068 MAC address is not specified: will use generated MAC 08:00:27:f3:aa:03
00:00:00.021077 Db::i_enterFixedAddressAssignment: 08:00:27:f3:aa:03: 172.16.1.3
00:00:00.021085 loading leases from C:\Users\mr.dildogun\.Ld9VirtualBox\LdNatNetwork6-Dhcpd.leases
00:00:00.021169 Runtime error opening 'C:\Users\mr.dildogun\.Ld9VirtualBox\LdNatNetwork6-Dhcpd.leases' for reading: -102 (File not found.)
00:00:08.186240 DISCOVER xid 0x504222ea chaddr 00:db:fd:38:d1:58
00:00:08.186263  ciaddr 0.0.0.0
00:00:08.186268  client id: 01 00 db fd 38 d1 58
00:00:08.186271  params { 1 3 6 15 26 28 51 58 59 43 }
00:00:08.186288   57: 05 dc
00:00:08.186290   60: 'android-dhcp-9'
00:00:08.186295 > allocateAddress to client [01:00:db:fd:38:d1:58] (00:db:fd:38:d1:58)
00:00:08.186301 > .... creating new binding
00:00:08.186302 > .... allocated 172.16.1.4 free
00:00:08.186305 Lease time 600 secs (default)
00:00:08.186309 >>> requested option 1 (SubnetMask)
00:00:08.186311 ... always supplied
00:00:08.186313 >>> requested option 3 (Routers)
00:00:08.186315 ... found in GlobalConfig (type global)
00:00:08.186317 >>> requested option 6 (DNSes)
00:00:08.186319 ... found in GlobalConfig (type global)
00:00:08.186320 >>> requested option 15 (DomainName)
00:00:08.186322 ... not found
00:00:08.186324 >>> requested option 26 (InterfaceMTU)
00:00:08.186325 ... not found
00:00:08.186327 >>> requested option 28 (BroadcastAddress)
00:00:08.186329 ... not found
00:00:08.186330 >>> requested option 51 (LeaseTime)
00:00:08.186332 ... not found
00:00:08.186333 >>> requested option 58 (RenewalTime)
00:00:08.186335 ... not found
00:00:08.186336 >>> requested option 59 (RebindingTime)
00:00:08.186338 ... not found
00:00:08.186340 >>> requested option 43 (VendorSpecificInfo)
00:00:08.186341 ... not found
00:00:08.186345 encoding option 1 (SubnetMask)
00:00:08.186347 encoding option 3 (Routers)
00:00:08.186349 encoding option 6 (DNSes)
00:00:08.186350 encoding option 51 (LeaseTime)
00:00:08.186353 OFFER xid 0x504222ea chaddr 00:db:fd:38:d1:58
00:00:08.186358  ciaddr 0.0.0.0 yiaddr 172.16.1.4
00:00:08.186363 encoded message: 548 bytes
00:00:08.186364 000000000161eae0/0000: 02 01 06 00 ea 22 42 50-00 00 00 00 00 00 00 00 ....."BP........
00:00:08.186367 000000000161eaf0/0010: ac 10 01 04 00 00 00 00-00 00 00 00 00 db fd 38 ...............8
00:00:08.186368 000000000161eb00/0020: d1 58 00 00 00 00 00 00-00 00 00 00 00 00 00 00 .X..............
00:00:08.186369 000000000161eb10/0030: 00 00 00 00 00 00 00 00-00 00 00 00 00 00 00 00 ................
00:00:08.186370 000000000161eb20/0040: 00 00 00 00 00 00 00 00-00 00 00 00 00 00 00 00 ................
00:00:08.186371 000000000161eb30/0050: 00 00 00 00 00 00 00 00-00 00 00 00 00 00 00 00 ................
00:00:08.186372 000000000161eb40/0060: 00 00 00 00 00 00 00 00-00 00 00 00 00 00 00 00 ................
00:00:08.186373 000000000161eb50/0070: 00 00 00 00 00 00 00 00-00 00 00 00 00 00 00 00 ................
00:00:08.186374 000000000161eb60/0080: 00 00 00 00 00 00 00 00-00 00 00 00 00 00 00 00 ................
00:00:08.186375 000000000161eb70/0090: 00 00 00 00 00 00 00 00-00 00 00 00 00 00 00 00 ................
00:00:08.186376 000000000161eb80/00a0: 00 00 00 00 00 00 00 00-00 00 00 00 00 00 00 00 ................
00:00:08.186377 000000000161eb90/00b0: 00 00 00 00 00 00 00 00-00 00 00 00 00 00 00 00 ................
00:00:08.186378 000000000161eba0/00c0: 00 00 00 00 00 00 00 00-00 00 00 00 00 00 00 00 ................
00:00:08.186379 000000000161ebb0/00d0: 00 00 00 00 00 00 00 00-00 00 00 00 00 00 00 00 ................
00:00:08.186380 000000000161ebc0/00e0: 00 00 00 00 00 00 00 00-00 00 00 00 63 82 53 63 ............c.Sc
00:00:08.186381 000000000161ebd0/00f0: 36 04 ac 10 01 03 35 01-02 01 04 ff ff ff 00 03 6.....5.........
00:00:08.186382 000000000161ebe0/0100: 04 ac 10 01 01 06 04 c0-a8 01 fe 33 04 00 00 02 ...........3....
00:00:08.186383 000000000161ebf0/0110: 58 ff 00 00 00 00 00 00-00 00 00 00 00 00 00 00 X...............
00:00:08.186384 000000000161ec00/0120: 00 00 00 00 00 00 00 00-00 00 00 00 00 00 00 00 ................
00:00:08.186385 000000000161ec10/0130: 00 00 00 00 00 00 00 00-00 00 00 00 00 00 00 00 ................
00:00:08.186386 000000000161ec20/0140: 00 00 00 00 00 00 00 00-00 00 00 00 00 00 00 00 ................
00:00:08.186386 000000000161ec30/0150: 00 00 00 00 00 00 00 00-00 00 00 00 00 00 00 00 ................
00:00:08.186387 000000000161ec40/0160: 00 00 00 00 00 00 00 00-00 00 00 00 00 00 00 00 ................
00:00:08.186388 000000000161ec50/0170: 00 00 00 00 00 00 00 00-00 00 00 00 00 00 00 00 ................
00:00:08.186389 000000000161ec60/0180: 00 00 00 00 00 00 00 00-00 00 00 00 00 00 00 00 ................
00:00:08.186390 000000000161ec70/0190: 00 00 00 00 00 00 00 00-00 00 00 00 00 00 00 00 ................
00:00:08.186391 000000000161ec80/01a0: 00 00 00 00 00 00 00 00-00 00 00 00 00 00 00 00 ................
00:00:08.186392 000000000161ec90/01b0: 00 00 00 00 00 00 00 00-00 00 00 00 00 00 00 00 ................
00:00:08.186393 000000000161eca0/01c0: 00 00 00 00 00 00 00 00-00 00 00 00 00 00 00 00 ................
00:00:08.186394 000000000161ecb0/01d0: 00 00 00 00 00 00 00 00-00 00 00 00 00 00 00 00 ................
00:00:08.186395 000000000161ecc0/01e0: 00 00 00 00 00 00 00 00-00 00 00 00 00 00 00 00 ................
00:00:08.186396 000000000161ecd0/01f0: 00 00 00 00 00 00 00 00-00 00 00 00 00 00 00 00 ................
00:00:08.186397 000000000161ece0/0200: 00 00 00 00 00 00 00 00-00 00 00 00 00 00 00 00 ................
00:00:08.186397 000000000161ecf0/0210: 00 00 00 00 00 00 00 00-00 00 00 00 00 00 00 00 ................
00:00:08.186398 000000000161ed00/0220: 00 00 00 00                                     ....
00:00:08.193551 REQUEST xid 0x504222ea chaddr 00:db:fd:38:d1:58
00:00:08.193572  ciaddr 0.0.0.0
00:00:08.193575  for server 172.16.1.3 client id: 01 00 db fd 38 d1 58
00:00:08.193580  requested address 172.16.1.4
00:00:08.193584  params { 1 3 6 15 26 28 51 58 59 43 }
00:00:08.193601   54: ac 10 01 03
00:00:08.193603   57: 05 dc
00:00:08.193605   60: 'android-dhcp-9'
00:00:08.193609 > allocateAddress 172.16.1.4 to client [01:00:db:fd:38:d1:58] (00:db:fd:38:d1:58)
00:00:08.193613 > ... found existing binding 172.16.1.4 to [01:00:db:fd:38:d1:58] (00:db:fd:38:d1:58), offered, valid from 2024-09-22T05:20:25Z for 600s until 2024-09-22T05:30:25Z
00:00:08.193618 Lease time 600 secs (default)
00:00:08.193620 writing leases to C:\Users\mr.dildogun\.Ld9VirtualBox\LdNatNetwork6-Dhcpd.leases
00:00:08.195599 >>> requested option 1 (SubnetMask)
00:00:08.195605 ... always supplied
00:00:08.195607 >>> requested option 3 (Routers)
00:00:08.195609 ... found in GlobalConfig (type global)
00:00:08.195611 >>> requested option 6 (DNSes)
00:00:08.195613 ... found in GlobalConfig (type global)
00:00:08.195615 >>> requested option 15 (DomainName)
00:00:08.195617 ... not found
00:00:08.195618 >>> requested option 26 (InterfaceMTU)
00:00:08.195620 ... not found
00:00:08.195622 >>> requested option 28 (BroadcastAddress)
00:00:08.195623 ... not found
00:00:08.195625 >>> requested option 51 (LeaseTime)
00:00:08.195629 ... not found
00:00:08.195632 >>> requested option 58 (RenewalTime)
00:00:08.195633 ... not found
00:00:08.195635 >>> requested option 59 (RebindingTime)
00:00:08.195636 ... not found
00:00:08.195638 >>> requested option 43 (VendorSpecificInfo)
00:00:08.195640 ... not found
00:00:08.195644 encoding option 1 (SubnetMask)
00:00:08.195646 encoding option 3 (Routers)
00:00:08.195648 encoding option 6 (DNSes)
00:00:08.195649 encoding option 51 (LeaseTime)
00:00:08.195652 ACK xid 0x504222ea chaddr 00:db:fd:38:d1:58
00:00:08.195658  ciaddr 0.0.0.0 yiaddr 172.16.1.4
00:00:08.195663 encoded message: 548 bytes
00:00:08.195664 000000000161eae0/0000: 02 01 06 00 ea 22 42 50-00 00 00 00 00 00 00 00 ....."BP........
00:00:08.195665 000000000161eaf0/0010: ac 10 01 04 00 00 00 00-00 00 00 00 00 db fd 38 ...............8
00:00:08.195666 000000000161eb00/0020: d1 58 00 00 00 00 00 00-00 00 00 00 00 00 00 00 .X..............
00:00:08.195667 000000000161eb10/0030: 00 00 00 00 00 00 00 00-00 00 00 00 00 00 00 00 ................
00:00:08.195668 000000000161eb20/0040: 00 00 00 00 00 00 00 00-00 00 00 00 00 00 00 00 ................
00:00:08.195669 000000000161eb30/0050: 00 00 00 00 00 00 00 00-00 00 00 00 00 00 00 00 ................
00:00:08.195670 000000000161eb40/0060: 00 00 00 00 00 00 00 00-00 00 00 00 00 00 00 00 ................
00:00:08.195671 000000000161eb50/0070: 00 00 00 00 00 00 00 00-00 00 00 00 00 00 00 00 ................
00:00:08.195672 000000000161eb60/0080: 00 00 00 00 00 00 00 00-00 00 00 00 00 00 00 00 ................
00:00:08.195673 000000000161eb70/0090: 00 00 00 00 00 00 00 00-00 00 00 00 00 00 00 00 ................
00:00:08.195674 000000000161eb80/00a0: 00 00 00 00 00 00 00 00-00 00 00 00 00 00 00 00 ................
00:00:08.195675 000000000161eb90/00b0: 00 00 00 00 00 00 00 00-00 00 00 00 00 00 00 00 ................
00:00:08.195676 000000000161eba0/00c0: 00 00 00 00 00 00 00 00-00 00 00 00 00 00 00 00 ................
00:00:08.195677 000000000161ebb0/00d0: 00 00 00 00 00 00 00 00-00 00 00 00 00 00 00 00 ................
00:00:08.195678 000000000161ebc0/00e0: 00 00 00 00 00 00 00 00-00 00 00 00 63 82 53 63 ............c.Sc
00:00:08.195679 000000000161ebd0/00f0: 36 04 ac 10 01 03 35 01-05 01 04 ff ff ff 00 03 6.....5.........
00:00:08.195680 000000000161ebe0/0100: 04 ac 10 01 01 06 04 c0-a8 01 fe 33 04 00 00 02 ...........3....
00:00:08.195681 000000000161ebf0/0110: 58 ff 00 00 00 00 00 00-00 00 00 00 00 00 00 00 X...............
00:00:08.195682 000000000161ec00/0120: 00 00 00 00 00 00 00 00-00 00 00 00 00 00 00 00 ................
00:00:08.195683 000000000161ec10/0130: 00 00 00 00 00 00 00 00-00 00 00 00 00 00 00 00 ................
00:00:08.195684 000000000161ec20/0140: 00 00 00 00 00 00 00 00-00 00 00 00 00 00 00 00 ................
00:00:08.195685 000000000161ec30/0150: 00 00 00 00 00 00 00 00-00 00 00 00 00 00 00 00 ................
00:00:08.195685 000000000161ec40/0160: 00 00 00 00 00 00 00 00-00 00 00 00 00 00 00 00 ................
00:00:08.195686 000000000161ec50/0170: 00 00 00 00 00 00 00 00-00 00 00 00 00 00 00 00 ................
00:00:08.195687 000000000161ec60/0180: 00 00 00 00 00 00 00 00-00 00 00 00 00 00 00 00 ................
00:00:08.195688 000000000161ec70/0190: 00 00 00 00 00 00 00 00-00 00 00 00 00 00 00 00 ................
00:00:08.195689 000000000161ec80/01a0: 00 00 00 00 00 00 00 00-00 00 00 00 00 00 00 00 ................
00:00:08.195690 000000000161ec90/01b0: 00 00 00 00 00 00 00 00-00 00 00 00 00 00 00 00 ................
00:00:08.195691 000000000161eca0/01c0: 00 00 00 00 00 00 00 00-00 00 00 00 00 00 00 00 ................
00:00:08.195692 000000000161ecb0/01d0: 00 00 00 00 00 00 00 00-00 00 00 00 00 00 00 00 ................
00:00:08.195693 000000000161ecc0/01e0: 00 00 00 00 00 00 00 00-00 00 00 00 00 00 00 00 ................
00:00:08.195694 000000000161ecd0/01f0: 00 00 00 00 00 00 00 00-00 00 00 00 00 00 00 00 ................
00:00:08.195695 000000000161ece0/0200: 00 00 00 00 00 00 00 00-00 00 00 00 00 00 00 00 ................
00:00:08.195696 000000000161ecf0/0210: 00 00 00 00 00 00 00 00-00 00 00 00 00 00 00 00 ................
00:00:08.195697 000000000161ed00/0220: 00 00 00 00                                     ....
00:05:08.211761 REQUEST xid 0x36b49ec7 chaddr 00:db:fd:38:d1:58
00:05:08.211778  ciaddr 172.16.1.4
00:05:08.211783  client id: 01 00 db fd 38 d1 58
00:05:08.211786  params { 1 3 6 15 26 28 51 58 59 43 }
00:05:08.211803   57: 05 dc
00:05:08.211805   60: 'android-dhcp-9'
00:05:08.211809 > allocateAddress to client [01:00:db:fd:38:d1:58] (00:db:fd:38:d1:58)
00:05:08.211813 > ... found existing binding 172.16.1.4 to [01:00:db:fd:38:d1:58] (00:db:fd:38:d1:58), acked, valid from 2024-09-22T05:20:25Z for 600s until 2024-09-22T05:30:25Z
00:05:08.211820 Lease time 600 secs (default)
00:05:08.211823 writing leases to C:\Users\mr.dildogun\.Ld9VirtualBox\LdNatNetwork6-Dhcpd.leases
00:05:08.213475 >>> requested option 1 (SubnetMask)
00:05:08.213481 ... always supplied
00:05:08.213483 >>> requested option 3 (Routers)
00:05:08.213485 ... found in GlobalConfig (type global)
00:05:08.213487 >>> requested option 6 (DNSes)
00:05:08.213489 ... found in GlobalConfig (type global)
00:05:08.213490 >>> requested option 15 (DomainName)
00:05:08.213492 ... not found
00:05:08.213494 >>> requested option 26 (InterfaceMTU)
00:05:08.213496 ... not found
00:05:08.213497 >>> requested option 28 (BroadcastAddress)
00:05:08.213499 ... not found
00:05:08.213500 >>> requested option 51 (LeaseTime)
00:05:08.213502 ... not found
00:05:08.213503 >>> requested option 58 (RenewalTime)
00:05:08.213505 ... not found
00:05:08.213507 >>> requested option 59 (RebindingTime)
00:05:08.213508 ... not found
00:05:08.213510 >>> requested option 43 (VendorSpecificInfo)
00:05:08.213512 ... not found
00:05:08.213516 encoding option 1 (SubnetMask)
00:05:08.213517 encoding option 3 (Routers)
00:05:08.213519 encoding option 6 (DNSes)
00:05:08.213521 encoding option 51 (LeaseTime)
00:05:08.213523 ACK xid 0x36b49ec7 chaddr 00:db:fd:38:d1:58
00:05:08.213529  ciaddr 172.16.1.4 yiaddr 172.16.1.4
00:05:08.213534 encoded message: 548 bytes
00:05:08.213535 000000000161eae0/0000: 02 01 06 00 c7 9e b4 36-00 00 00 00 ac 10 01 04 .......6........
00:05:08.213536 000000000161eaf0/0010: ac 10 01 04 00 00 00 00-00 00 00 00 00 db fd 38 ...............8
00:05:08.213537 000000000161eb00/0020: d1 58 00 00 00 00 00 00-00 00 00 00 00 00 00 00 .X..............
00:05:08.213539 000000000161eb10/0030: 00 00 00 00 00 00 00 00-00 00 00 00 00 00 00 00 ................
00:05:08.213539 000000000161eb20/0040: 00 00 00 00 00 00 00 00-00 00 00 00 00 00 00 00 ................
00:05:08.213540 000000000161eb30/0050: 00 00 00 00 00 00 00 00-00 00 00 00 00 00 00 00 ................
00:05:08.213541 000000000161eb40/0060: 00 00 00 00 00 00 00 00-00 00 00 00 00 00 00 00 ................
00:05:08.213542 000000000161eb50/0070: 00 00 00 00 00 00 00 00-00 00 00 00 00 00 00 00 ................
00:05:08.213543 000000000161eb60/0080: 00 00 00 00 00 00 00 00-00 00 00 00 00 00 00 00 ................
00:05:08.213544 000000000161eb70/0090: 00 00 00 00 00 00 00 00-00 00 00 00 00 00 00 00 ................
00:05:08.213545 000000000161eb80/00a0: 00 00 00 00 00 00 00 00-00 00 00 00 00 00 00 00 ................
00:05:08.213546 000000000161eb90/00b0: 00 00 00 00 00 00 00 00-00 00 00 00 00 00 00 00 ................
00:05:08.213547 000000000161eba0/00c0: 00 00 00 00 00 00 00 00-00 00 00 00 00 00 00 00 ................
00:05:08.213548 000000000161ebb0/00d0: 00 00 00 00 00 00 00 00-00 00 00 00 00 00 00 00 ................
00:05:08.213549 000000000161ebc0/00e0: 00 00 00 00 00 00 00 00-00 00 00 00 63 82 53 63 ............c.Sc
00:05:08.213550 000000000161ebd0/00f0: 36 04 ac 10 01 03 35 01-05 01 04 ff ff ff 00 03 6.....5.........
00:05:08.213551 000000000161ebe0/0100: 04 ac 10 01 01 06 04 c0-a8 01 fe 33 04 00 00 02 ...........3....
00:05:08.213552 000000000161ebf0/0110: 58 ff 00 00 00 00 00 00-00 00 00 00 00 00 00 00 X...............
00:05:08.213553 000000000161ec00/0120: 00 00 00 00 00 00 00 00-00 00 00 00 00 00 00 00 ................
00:05:08.213554 000000000161ec10/0130: 00 00 00 00 00 00 00 00-00 00 00 00 00 00 00 00 ................
00:05:08.213555 000000000161ec20/0140: 00 00 00 00 00 00 00 00-00 00 00 00 00 00 00 00 ................
00:05:08.213556 000000000161ec30/0150: 00 00 00 00 00 00 00 00-00 00 00 00 00 00 00 00 ................
00:05:08.213557 000000000161ec40/0160: 00 00 00 00 00 00 00 00-00 00 00 00 00 00 00 00 ................
00:05:08.213558 000000000161ec50/0170: 00 00 00 00 00 00 00 00-00 00 00 00 00 00 00 00 ................
00:05:08.213558 000000000161ec60/0180: 00 00 00 00 00 00 00 00-00 00 00 00 00 00 00 00 ................
00:05:08.213559 000000000161ec70/0190: 00 00 00 00 00 00 00 00-00 00 00 00 00 00 00 00 ................
00:05:08.213560 000000000161ec80/01a0: 00 00 00 00 00 00 00 00-00 00 00 00 00 00 00 00 ................
00:05:08.213561 000000000161ec90/01b0: 00 00 00 00 00 00 00 00-00 00 00 00 00 00 00 00 ................
00:05:08.213562 000000000161eca0/01c0: 00 00 00 00 00 00 00 00-00 00 00 00 00 00 00 00 ................
00:05:08.213563 000000000161ecb0/01d0: 00 00 00 00 00 00 00 00-00 00 00 00 00 00 00 00 ................
00:05:08.213564 000000000161ecc0/01e0: 00 00 00 00 00 00 00 00-00 00 00 00 00 00 00 00 ................
00:05:08.213565 000000000161ecd0/01f0: 00 00 00 00 00 00 00 00-00 00 00 00 00 00 00 00 ................
00:05:08.213566 000000000161ece0/0200: 00 00 00 00 00 00 00 00-00 00 00 00 00 00 00 00 ................
00:05:08.213567 000000000161ecf0/0210: 00 00 00 00 00 00 00 00-00 00 00 00 00 00 00 00 ................
00:05:08.213568 000000000161ed00/0220: 00 00 00 00                                     ....
00:10:08.213670 REQUEST xid 0x9a81d6b3 chaddr 00:db:fd:38:d1:58
00:10:08.213689  ciaddr 172.16.1.4
00:10:08.213693  client id: 01 00 db fd 38 d1 58
00:10:08.213696  params { 1 3 6 15 26 28 51 58 59 43 }
00:10:08.213714   57: 05 dc
00:10:08.213716   60: 'android-dhcp-9'
00:10:08.213719 > allocateAddress to client [01:00:db:fd:38:d1:58] (00:db:fd:38:d1:58)
00:10:08.213724 > ... found existing binding 172.16.1.4 to [01:00:db:fd:38:d1:58] (00:db:fd:38:d1:58), acked, valid from 2024-09-22T05:25:25Z for 600s until 2024-09-22T05:35:25Z
00:10:08.213730 Lease time 600 secs (default)
00:10:08.213733 writing leases to C:\Users\mr.dildogun\.Ld9VirtualBox\LdNatNetwork6-Dhcpd.leases
00:10:08.215298 >>> requested option 1 (SubnetMask)
00:10:08.215304 ... always supplied
00:10:08.215305 >>> requested option 3 (Routers)
00:10:08.215308 ... found in GlobalConfig (type global)
00:10:08.215310 >>> requested option 6 (DNSes)
00:10:08.215311 ... found in GlobalConfig (type global)
00:10:08.215313 >>> requested option 15 (DomainName)
00:10:08.215315 ... not found
00:10:08.215316 >>> requested option 26 (InterfaceMTU)
00:10:08.215318 ... not found
00:10:08.215320 >>> requested option 28 (BroadcastAddress)
00:10:08.215321 ... not found
00:10:08.215323 >>> requested option 51 (LeaseTime)
00:10:08.215324 ... not found
00:10:08.215326 >>> requested option 58 (RenewalTime)
00:10:08.215328 ... not found
00:10:08.215329 >>> requested option 59 (RebindingTime)
00:10:08.215331 ... not found
00:10:08.215332 >>> requested option 43 (VendorSpecificInfo)
00:10:08.215334 ... not found
00:10:08.215338 encoding option 1 (SubnetMask)
00:10:08.215340 encoding option 3 (Routers)
00:10:08.215342 encoding option 6 (DNSes)
00:10:08.215344 encoding option 51 (LeaseTime)
00:10:08.215346 ACK xid 0x9a81d6b3 chaddr 00:db:fd:38:d1:58
00:10:08.215352  ciaddr 172.16.1.4 yiaddr 172.16.1.4
00:10:08.215357 encoded message: 548 bytes
00:10:08.215358 000000000161dc80/0000: 02 01 06 00 b3 d6 81 9a-00 00 00 00 ac 10 01 04 ................
00:10:08.215360 000000000161dc90/0010: ac 10 01 04 00 00 00 00-00 00 00 00 00 db fd 38 ...............8
00:10:08.215361 000000000161dca0/0020: d1 58 00 00 00 00 00 00-00 00 00 00 00 00 00 00 .X..............
00:10:08.215362 000000000161dcb0/0030: 00 00 00 00 00 00 00 00-00 00 00 00 00 00 00 00 ................
00:10:08.215363 000000000161dcc0/0040: 00 00 00 00 00 00 00 00-00 00 00 00 00 00 00 00 ................
00:10:08.215364 000000000161dcd0/0050: 00 00 00 00 00 00 00 00-00 00 00 00 00 00 00 00 ................
00:10:08.215365 000000000161dce0/0060: 00 00 00 00 00 00 00 00-00 00 00 00 00 00 00 00 ................
00:10:08.215366 000000000161dcf0/0070: 00 00 00 00 00 00 00 00-00 00 00 00 00 00 00 00 ................
00:10:08.215367 000000000161dd00/0080: 00 00 00 00 00 00 00 00-00 00 00 00 00 00 00 00 ................
00:10:08.215367 000000000161dd10/0090: 00 00 00 00 00 00 00 00-00 00 00 00 00 00 00 00 ................
00:10:08.215368 000000000161dd20/00a0: 00 00 00 00 00 00 00 00-00 00 00 00 00 00 00 00 ................
00:10:08.215369 000000000161dd30/00b0: 00 00 00 00 00 00 00 00-00 00 00 00 00 00 00 00 ................
00:10:08.215370 000000000161dd40/00c0: 00 00 00 00 00 00 00 00-00 00 00 00 00 00 00 00 ................
00:10:08.215371 000000000161dd50/00d0: 00 00 00 00 00 00 00 00-00 00 00 00 00 00 00 00 ................
00:10:08.215372 000000000161dd60/00e0: 00 00 00 00 00 00 00 00-00 00 00 00 63 82 53 63 ............c.Sc
00:10:08.215373 000000000161dd70/00f0: 36 04 ac 10 01 03 35 01-05 01 04 ff ff ff 00 03 6.....5.........
00:10:08.215374 000000000161dd80/0100: 04 ac 10 01 01 06 04 c0-a8 01 fe 33 04 00 00 02 ...........3....
00:10:08.215375 000000000161dd90/0110: 58 ff 00 00 00 00 00 00-00 00 00 00 00 00 00 00 X...............
00:10:08.215376 000000000161dda0/0120: 00 00 00 00 00 00 00 00-00 00 00 00 00 00 00 00 ................
00:10:08.215377 000000000161ddb0/0130: 00 00 00 00 00 00 00 00-00 00 00 00 00 00 00 00 ................
00:10:08.215378 000000000161ddc0/0140: 00 00 00 00 00 00 00 00-00 00 00 00 00 00 00 00 ................
00:10:08.215379 000000000161ddd0/0150: 00 00 00 00 00 00 00 00-00 00 00 00 00 00 00 00 ................
00:10:08.215380 000000000161dde0/0160: 00 00 00 00 00 00 00 00-00 00 00 00 00 00 00 00 ................
00:10:08.215381 000000000161ddf0/0170: 00 00 00 00 00 00 00 00-00 00 00 00 00 00 00 00 ................
00:10:08.215382 000000000161de00/0180: 00 00 00 00 00 00 00 00-00 00 00 00 00 00 00 00 ................
00:10:08.215383 000000000161de10/0190: 00 00 00 00 00 00 00 00-00 00 00 00 00 00 00 00 ................
00:10:08.215384 000000000161de20/01a0: 00 00 00 00 00 00 00 00-00 00 00 00 00 00 00 00 ................
00:10:08.215385 000000000161de30/01b0: 00 00 00 00 00 00 00 00-00 00 00 00 00 00 00 00 ................
00:10:08.215386 000000000161de40/01c0: 00 00 00 00 00 00 00 00-00 00 00 00 00 00 00 00 ................
00:10:08.215387 000000000161de50/01d0: 00 00 00 00 00 00 00 00-00 00 00 00 00 00 00 00 ................
00:10:08.215387 000000000161de60/01e0: 00 00 00 00 00 00 00 00-00 00 00 00 00 00 00 00 ................
00:10:08.215388 000000000161de70/01f0: 00 00 00 00 00 00 00 00-00 00 00 00 00 00 00 00 ................
00:10:08.215389 000000000161de80/0200: 00 00 00 00 00 00 00 00-00 00 00 00 00 00 00 00 ................
00:10:08.215390 000000000161de90/0210: 00 00 00 00 00 00 00 00-00 00 00 00 00 00 00 00 ................
00:10:08.215391 000000000161dea0/0220: 00 00 00 00                                     ....
00:15:08.215962 REQUEST xid 0x1040381b chaddr 00:db:fd:38:d1:58
00:15:08.215983  ciaddr 172.16.1.4
00:15:08.215988  client id: 01 00 db fd 38 d1 58
00:15:08.215991  params { 1 3 6 15 26 28 51 58 59 43 }
00:15:08.216008   57: 05 dc
00:15:08.216010   60: 'android-dhcp-9'
00:15:08.216014 > allocateAddress to client [01:00:db:fd:38:d1:58] (00:db:fd:38:d1:58)
00:15:08.216018 > ... found existing binding 172.16.1.4 to [01:00:db:fd:38:d1:58] (00:db:fd:38:d1:58), acked, valid from 2024-09-22T05:30:25Z for 600s until 2024-09-22T05:40:25Z
00:15:08.216024 Lease time 600 secs (default)
00:15:08.216027 writing leases to C:\Users\mr.dildogun\.Ld9VirtualBox\LdNatNetwork6-Dhcpd.leases
00:15:08.217894 >>> requested option 1 (SubnetMask)
00:15:08.217899 ... always supplied
00:15:08.217901 >>> requested option 3 (Routers)
00:15:08.217903 ... found in GlobalConfig (type global)
00:15:08.217908 >>> requested option 6 (DNSes)
00:15:08.217910 ... found in GlobalConfig (type global)
00:15:08.217912 >>> requested option 15 (DomainName)
00:15:08.217914 ... not found
00:15:08.217916 >>> requested option 26 (InterfaceMTU)
00:15:08.217917 ... not found
00:15:08.217919 >>> requested option 28 (BroadcastAddress)
00:15:08.217921 ... not found
00:15:08.217922 >>> requested option 51 (LeaseTime)
00:15:08.217924 ... not found
00:15:08.217925 >>> requested option 58 (RenewalTime)
00:15:08.217927 ... not found
00:15:08.217929 >>> requested option 59 (RebindingTime)
00:15:08.217930 ... not found
00:15:08.217932 >>> requested option 43 (VendorSpecificInfo)
00:15:08.217933 ... not found
00:15:08.217937 encoding option 1 (SubnetMask)
00:15:08.217939 encoding option 3 (Routers)
00:15:08.217941 encoding option 6 (DNSes)
00:15:08.217943 encoding option 51 (LeaseTime)
00:15:08.217945 ACK xid 0x1040381b chaddr 00:db:fd:38:d1:58
00:15:08.217950  ciaddr 172.16.1.4 yiaddr 172.16.1.4
00:15:08.217956 encoded message: 548 bytes
00:15:08.217956 000000000161e540/0000: 02 01 06 00 1b 38 40 10-00 00 00 00 ac 10 01 04 .....8@.........
00:15:08.217958 000000000161e550/0010: ac 10 01 04 00 00 00 00-00 00 00 00 00 db fd 38 ...............8
00:15:08.217959 000000000161e560/0020: d1 58 00 00 00 00 00 00-00 00 00 00 00 00 00 00 .X..............
00:15:08.217960 000000000161e570/0030: 00 00 00 00 00 00 00 00-00 00 00 00 00 00 00 00 ................
00:15:08.217961 000000000161e580/0040: 00 00 00 00 00 00 00 00-00 00 00 00 00 00 00 00 ................
00:15:08.217962 000000000161e590/0050: 00 00 00 00 00 00 00 00-00 00 00 00 00 00 00 00 ................
00:15:08.217963 000000000161e5a0/0060: 00 00 00 00 00 00 00 00-00 00 00 00 00 00 00 00 ................
00:15:08.217964 000000000161e5b0/0070: 00 00 00 00 00 00 00 00-00 00 00 00 00 00 00 00 ................
00:15:08.217965 000000000161e5c0/0080: 00 00 00 00 00 00 00 00-00 00 00 00 00 00 00 00 ................
00:15:08.217966 000000000161e5d0/0090: 00 00 00 00 00 00 00 00-00 00 00 00 00 00 00 00 ................
00:15:08.217967 000000000161e5e0/00a0: 00 00 00 00 00 00 00 00-00 00 00 00 00 00 00 00 ................
00:15:08.217968 000000000161e5f0/00b0: 00 00 00 00 00 00 00 00-00 00 00 00 00 00 00 00 ................
00:15:08.217969 000000000161e600/00c0: 00 00 00 00 00 00 00 00-00 00 00 00 00 00 00 00 ................
00:15:08.217970 000000000161e610/00d0: 00 00 00 00 00 00 00 00-00 00 00 00 00 00 00 00 ................
00:15:08.217971 000000000161e620/00e0: 00 00 00 00 00 00 00 00-00 00 00 00 63 82 53 63 ............c.Sc
00:15:08.217972 000000000161e630/00f0: 36 04 ac 10 01 03 35 01-05 01 04 ff ff ff 00 03 6.....5.........
00:15:08.217973 000000000161e640/0100: 04 ac 10 01 01 06 04 c0-a8 01 fe 33 04 00 00 02 ...........3....
00:15:08.217974 000000000161e650/0110: 58 ff 00 00 00 00 00 00-00 00 00 00 00 00 00 00 X...............
00:15:08.217975 000000000161e660/0120: 00 00 00 00 00 00 00 00-00 00 00 00 00 00 00 00 ................
00:15:08.217976 000000000161e670/0130: 00 00 00 00 00 00 00 00-00 00 00 00 00 00 00 00 ................
00:15:08.217976 000000000161e680/0140: 00 00 00 00 00 00 00 00-00 00 00 00 00 00 00 00 ................
00:15:08.217978 000000000161e690/0150: 00 00 00 00 00 00 00 00-00 00 00 00 00 00 00 00 ................
00:15:08.217979 000000000161e6a0/0160: 00 00 00 00 00 00 00 00-00 00 00 00 00 00 00 00 ................
00:15:08.217979 000000000161e6b0/0170: 00 00 00 00 00 00 00 00-00 00 00 00 00 00 00 00 ................
00:15:08.217980 000000000161e6c0/0180: 00 00 00 00 00 00 00 00-00 00 00 00 00 00 00 00 ................
00:15:08.217981 000000000161e6d0/0190: 00 00 00 00 00 00 00 00-00 00 00 00 00 00 00 00 ................
00:15:08.217982 000000000161e6e0/01a0: 00 00 00 00 00 00 00 00-00 00 00 00 00 00 00 00 ................
00:15:08.217983 000000000161e6f0/01b0: 00 00 00 00 00 00 00 00-00 00 00 00 00 00 00 00 ................
00:15:08.217984 000000000161e700/01c0: 00 00 00 00 00 00 00 00-00 00 00 00 00 00 00 00 ................
00:15:08.217985 000000000161e710/01d0: 00 00 00 00 00 00 00 00-00 00 00 00 00 00 00 00 ................
00:15:08.217986 000000000161e720/01e0: 00 00 00 00 00 00 00 00-00 00 00 00 00 00 00 00 ................
00:15:08.217987 000000000161e730/01f0: 00 00 00 00 00 00 00 00-00 00 00 00 00 00 00 00 ................
00:15:08.217988 000000000161e740/0200: 00 00 00 00 00 00 00 00-00 00 00 00 00 00 00 00 ................
00:15:08.217989 000000000161e750/0210: 00 00 00 00 00 00 00 00-00 00 00 00 00 00 00 00 ................
00:15:08.217990 000000000161e760/0220: 00 00 00 00                                     ....
00:20:08.219304 REQUEST xid 0x44212ec9 chaddr 00:db:fd:38:d1:58
00:20:08.219325  ciaddr 172.16.1.4
00:20:08.219329  client id: 01 00 db fd 38 d1 58
00:20:08.219332  params { 1 3 6 15 26 28 51 58 59 43 }
00:20:08.219349   57: 05 dc
00:20:08.219351   60: 'android-dhcp-9'
00:20:08.219355 > allocateAddress to client [01:00:db:fd:38:d1:58] (00:db:fd:38:d1:58)
00:20:08.219359 > ... found existing binding 172.16.1.4 to [01:00:db:fd:38:d1:58] (00:db:fd:38:d1:58), acked, valid from 2024-09-22T05:35:25Z for 600s until 2024-09-22T05:45:25Z
00:20:08.219364 Lease time 600 secs (default)
00:20:08.219367 writing leases to C:\Users\mr.dildogun\.Ld9VirtualBox\LdNatNetwork6-Dhcpd.leases
00:20:08.221323 >>> requested option 1 (SubnetMask)
00:20:08.221328 ... always supplied
00:20:08.221330 >>> requested option 3 (Routers)
00:20:08.221332 ... found in GlobalConfig (type global)
00:20:08.221334 >>> requested option 6 (DNSes)
00:20:08.221336 ... found in GlobalConfig (type global)
00:20:08.221337 >>> requested option 15 (DomainName)
00:20:08.221339 ... not found
00:20:08.221341 >>> requested option 26 (InterfaceMTU)
00:20:08.221342 ... not found
00:20:08.221344 >>> requested option 28 (BroadcastAddress)
00:20:08.221346 ... not found
00:20:08.221347 >>> requested option 51 (LeaseTime)
00:20:08.221349 ... not found
00:20:08.221350 >>> requested option 58 (RenewalTime)
00:20:08.221352 ... not found
00:20:08.221354 >>> requested option 59 (RebindingTime)
00:20:08.221355 ... not found
00:20:08.221357 >>> requested option 43 (VendorSpecificInfo)
00:20:08.221359 ... not found
00:20:08.221362 encoding option 1 (SubnetMask)
00:20:08.221364 encoding option 3 (Routers)
00:20:08.221366 encoding option 6 (DNSes)
00:20:08.221368 encoding option 51 (LeaseTime)
00:20:08.221370 ACK xid 0x44212ec9 chaddr 00:db:fd:38:d1:58
00:20:08.221376  ciaddr 172.16.1.4 yiaddr 172.16.1.4
00:20:08.221381 encoded message: 548 bytes
00:20:08.221382 000000000161e540/0000: 02 01 06 00 c9 2e 21 44-00 00 00 00 ac 10 01 04 ......!D........
00:20:08.221384 000000000161e550/0010: ac 10 01 04 00 00 00 00-00 00 00 00 00 db fd 38 ...............8
00:20:08.221385 000000000161e560/0020: d1 58 00 00 00 00 00 00-00 00 00 00 00 00 00 00 .X..............
00:20:08.221386 000000000161e570/0030: 00 00 00 00 00 00 00 00-00 00 00 00 00 00 00 00 ................
00:20:08.221387 000000000161e580/0040: 00 00 00 00 00 00 00 00-00 00 00 00 00 00 00 00 ................
00:20:08.221388 000000000161e590/0050: 00 00 00 00 00 00 00 00-00 00 00 00 00 00 00 00 ................
00:20:08.221389 000000000161e5a0/0060: 00 00 00 00 00 00 00 00-00 00 00 00 00 00 00 00 ................
00:20:08.221390 000000000161e5b0/0070: 00 00 00 00 00 00 00 00-00 00 00 00 00 00 00 00 ................
00:20:08.221390 000000000161e5c0/0080: 00 00 00 00 00 00 00 00-00 00 00 00 00 00 00 00 ................
00:20:08.221391 000000000161e5d0/0090: 00 00 00 00 00 00 00 00-00 00 00 00 00 00 00 00 ................
00:20:08.221392 000000000161e5e0/00a0: 00 00 00 00 00 00 00 00-00 00 00 00 00 00 00 00 ................
00:20:08.221393 000000000161e5f0/00b0: 00 00 00 00 00 00 00 00-00 00 00 00 00 00 00 00 ................
00:20:08.221394 000000000161e600/00c0: 00 00 00 00 00 00 00 00-00 00 00 00 00 00 00 00 ................
00:20:08.221395 000000000161e610/00d0: 00 00 00 00 00 00 00 00-00 00 00 00 00 00 00 00 ................
00:20:08.221396 000000000161e620/00e0: 00 00 00 00 00 00 00 00-00 00 00 00 63 82 53 63 ............c.Sc
00:20:08.221397 000000000161e630/00f0: 36 04 ac 10 01 03 35 01-05 01 04 ff ff ff 00 03 6.....5.........
00:20:08.221398 000000000161e640/0100: 04 ac 10 01 01 06 04 c0-a8 01 fe 33 04 00 00 02 ...........3....
00:20:08.221399 000000000161e650/0110: 58 ff 00 00 00 00 00 00-00 00 00 00 00 00 00 00 X...............
00:20:08.221400 000000000161e660/0120: 00 00 00 00 00 00 00 00-00 00 00 00 00 00 00 00 ................
00:20:08.221401 000000000161e670/0130: 00 00 00 00 00 00 00 00-00 00 00 00 00 00 00 00 ................
00:20:08.221402 000000000161e680/0140: 00 00 00 00 00 00 00 00-00 00 00 00 00 00 00 00 ................
00:20:08.221403 000000000161e690/0150: 00 00 00 00 00 00 00 00-00 00 00 00 00 00 00 00 ................
00:20:08.221404 000000000161e6a0/0160: 00 00 00 00 00 00 00 00-00 00 00 00 00 00 00 00 ................
00:20:08.221405 000000000161e6b0/0170: 00 00 00 00 00 00 00 00-00 00 00 00 00 00 00 00 ................
00:20:08.221406 000000000161e6c0/0180: 00 00 00 00 00 00 00 00-00 00 00 00 00 00 00 00 ................
00:20:08.221406 000000000161e6d0/0190: 00 00 00 00 00 00 00 00-00 00 00 00 00 00 00 00 ................
00:20:08.221407 000000000161e6e0/01a0: 00 00 00 00 00 00 00 00-00 00 00 00 00 00 00 00 ................
00:20:08.221408 000000000161e6f0/01b0: 00 00 00 00 00 00 00 00-00 00 00 00 00 00 00 00 ................
00:20:08.221409 000000000161e700/01c0: 00 00 00 00 00 00 00 00-00 00 00 00 00 00 00 00 ................
00:20:08.221410 000000000161e710/01d0: 00 00 00 00 00 00 00 00-00 00 00 00 00 00 00 00 ................
00:20:08.221411 000000000161e720/01e0: 00 00 00 00 00 00 00 00-00 00 00 00 00 00 00 00 ................
00:20:08.221412 000000000161e730/01f0: 00 00 00 00 00 00 00 00-00 00 00 00 00 00 00 00 ................
00:20:08.221413 000000000161e740/0200: 00 00 00 00 00 00 00 00-00 00 00 00 00 00 00 00 ................
00:20:08.221414 000000000161e750/0210: 00 00 00 00 00 00 00 00-00 00 00 00 00 00 00 00 ................
00:20:08.221415 000000000161e760/0220: 00 00 00 00                                     ....
00:25:08.225178 REQUEST xid 0xb0e984bd chaddr 00:db:fd:38:d1:58
00:25:08.225194  ciaddr 172.16.1.4
00:25:08.225199  client id: 01 00 db fd 38 d1 58
00:25:08.225202  params { 1 3 6 15 26 28 51 58 59 43 }
00:25:08.225220   57: 05 dc
00:25:08.225221   60: 'android-dhcp-9'
00:25:08.225225 > allocateAddress to client [01:00:db:fd:38:d1:58] (00:db:fd:38:d1:58)
00:25:08.225229 > ... found existing binding 172.16.1.4 to [01:00:db:fd:38:d1:58] (00:db:fd:38:d1:58), acked, valid from 2024-09-22T05:40:25Z for 600s until 2024-09-22T05:50:25Z
00:25:08.225234 Lease time 600 secs (default)
00:25:08.225237 writing leases to C:\Users\mr.dildogun\.Ld9VirtualBox\LdNatNetwork6-Dhcpd.leases
00:25:08.227042 >>> requested option 1 (SubnetMask)
00:25:08.227048 ... always supplied
00:25:08.227050 >>> requested option 3 (Routers)
00:25:08.227052 ... found in GlobalConfig (type global)
00:25:08.227054 >>> requested option 6 (DNSes)
00:25:08.227056 ... found in GlobalConfig (type global)
00:25:08.227058 >>> requested option 15 (DomainName)
00:25:08.227060 ... not found
00:25:08.227061 >>> requested option 26 (InterfaceMTU)
00:25:08.227063 ... not found
00:25:08.227065 >>> requested option 28 (BroadcastAddress)
00:25:08.227066 ... not found
00:25:08.227068 >>> requested option 51 (LeaseTime)
00:25:08.227070 ... not found
00:25:08.227071 >>> requested option 58 (RenewalTime)
00:25:08.227073 ... not found
00:25:08.227074 >>> requested option 59 (RebindingTime)
00:25:08.227076 ... not found
00:25:08.227078 >>> requested option 43 (VendorSpecificInfo)
00:25:08.227079 ... not found
00:25:08.227083 encoding option 1 (SubnetMask)
00:25:08.227085 encoding option 3 (Routers)
00:25:08.227087 encoding option 6 (DNSes)
00:25:08.227089 encoding option 51 (LeaseTime)
00:25:08.227091 ACK xid 0xb0e984bd chaddr 00:db:fd:38:d1:58
00:25:08.227097  ciaddr 172.16.1.4 yiaddr 172.16.1.4
00:25:08.227102 encoded message: 548 bytes
00:25:08.227103 000000000161e540/0000: 02 01 06 00 bd 84 e9 b0-00 00 00 00 ac 10 01 04 ................
00:25:08.227104 000000000161e550/0010: ac 10 01 04 00 00 00 00-00 00 00 00 00 db fd 38 ...............8
00:25:08.227106 000000000161e560/0020: d1 58 00 00 00 00 00 00-00 00 00 00 00 00 00 00 .X..............
00:25:08.227107 000000000161e570/0030: 00 00 00 00 00 00 00 00-00 00 00 00 00 00 00 00 ................
00:25:08.227108 000000000161e580/0040: 00 00 00 00 00 00 00 00-00 00 00 00 00 00 00 00 ................
00:25:08.227108 000000000161e590/0050: 00 00 00 00 00 00 00 00-00 00 00 00 00 00 00 00 ................
00:25:08.227109 000000000161e5a0/0060: 00 00 00 00 00 00 00 00-00 00 00 00 00 00 00 00 ................
00:25:08.227110 000000000161e5b0/0070: 00 00 00 00 00 00 00 00-00 00 00 00 00 00 00 00 ................
00:25:08.227111 000000000161e5c0/0080: 00 00 00 00 00 00 00 00-00 00 00 00 00 00 00 00 ................
00:25:08.227112 000000000161e5d0/0090: 00 00 00 00 00 00 00 00-00 00 00 00 00 00 00 00 ................
00:25:08.227113 000000000161e5e0/00a0: 00 00 00 00 00 00 00 00-00 00 00 00 00 00 00 00 ................
00:25:08.227114 000000000161e5f0/00b0: 00 00 00 00 00 00 00 00-00 00 00 00 00 00 00 00 ................
00:25:08.227115 000000000161e600/00c0: 00 00 00 00 00 00 00 00-00 00 00 00 00 00 00 00 ................
00:25:08.227116 000000000161e610/00d0: 00 00 00 00 00 00 00 00-00 00 00 00 00 00 00 00 ................
00:25:08.227117 000000000161e620/00e0: 00 00 00 00 00 00 00 00-00 00 00 00 63 82 53 63 ............c.Sc
00:25:08.227118 000000000161e630/00f0: 36 04 ac 10 01 03 35 01-05 01 04 ff ff ff 00 03 6.....5.........
00:25:08.227119 000000000161e640/0100: 04 ac 10 01 01 06 04 c0-a8 01 fe 33 04 00 00 02 ...........3....
00:25:08.227120 000000000161e650/0110: 58 ff 00 00 00 00 00 00-00 00 00 00 00 00 00 00 X...............
00:25:08.227121 000000000161e660/0120: 00 00 00 00 00 00 00 00-00 00 00 00 00 00 00 00 ................
00:25:08.227122 000000000161e670/0130: 00 00 00 00 00 00 00 00-00 00 00 00 00 00 00 00 ................
00:25:08.227123 000000000161e680/0140: 00 00 00 00 00 00 00 00-00 00 00 00 00 00 00 00 ................
00:25:08.227124 000000000161e690/0150: 00 00 00 00 00 00 00 00-00 00 00 00 00 00 00 00 ................
00:25:08.227125 000000000161e6a0/0160: 00 00 00 00 00 00 00 00-00 00 00 00 00 00 00 00 ................
00:25:08.227126 000000000161e6b0/0170: 00 00 00 00 00 00 00 00-00 00 00 00 00 00 00 00 ................
00:25:08.227126 000000000161e6c0/0180: 00 00 00 00 00 00 00 00-00 00 00 00 00 00 00 00 ................
00:25:08.227127 000000000161e6d0/0190: 00 00 00 00 00 00 00 00-00 00 00 00 00 00 00 00 ................
00:25:08.227128 000000000161e6e0/01a0: 00 00 00 00 00 00 00 00-00 00 00 00 00 00 00 00 ................
00:25:08.227129 000000000161e6f0/01b0: 00 00 00 00 00 00 00 00-00 00 00 00 00 00 00 00 ................
00:25:08.227130 000000000161e700/01c0: 00 00 00 00 00 00 00 00-00 00 00 00 00 00 00 00 ................
00:25:08.227131 000000000161e710/01d0: 00 00 00 00 00 00 00 00-00 00 00 00 00 00 00 00 ................
00:25:08.227132 000000000161e720/01e0: 00 00 00 00 00 00 00 00-00 00 00 00 00 00 00 00 ................
00:25:08.227133 000000000161e730/01f0: 00 00 00 00 00 00 00 00-00 00 00 00 00 00 00 00 ................
00:25:08.227134 000000000161e740/0200: 00 00 00 00 00 00 00 00-00 00 00 00 00 00 00 00 ................
00:25:08.227135 000000000161e750/0210: 00 00 00 00 00 00 00 00-00 00 00 00 00 00 00 00 ................
00:25:08.227136 000000000161e760/0220: 00 00 00 00                                     ....
00:30:08.229302 REQUEST xid 0xb523a3ee chaddr 00:db:fd:38:d1:58
00:30:08.229321  ciaddr 172.16.1.4
00:30:08.229326  client id: 01 00 db fd 38 d1 58
00:30:08.229329  params { 1 3 6 15 26 28 51 58 59 43 }
00:30:08.229347   57: 05 dc
00:30:08.229349   60: 'android-dhcp-9'
00:30:08.229353 > allocateAddress to client [01:00:db:fd:38:d1:58] (00:db:fd:38:d1:58)
00:30:08.229358 > ... found existing binding 172.16.1.4 to [01:00:db:fd:38:d1:58] (00:db:fd:38:d1:58), acked, valid from 2024-09-22T05:45:25Z for 600s until 2024-09-22T05:55:25Z
00:30:08.229372 Lease time 600 secs (default)
00:30:08.229377 writing leases to C:\Users\mr.dildogun\.Ld9VirtualBox\LdNatNetwork6-Dhcpd.leases
00:30:08.231136 >>> requested option 1 (SubnetMask)
00:30:08.231142 ... always supplied
00:30:08.231143 >>> requested option 3 (Routers)
00:30:08.231146 ... found in GlobalConfig (type global)
00:30:08.231148 >>> requested option 6 (DNSes)
00:30:08.231150 ... found in GlobalConfig (type global)
00:30:08.231151 >>> requested option 15 (DomainName)
00:30:08.231153 ... not found
00:30:08.231155 >>> requested option 26 (InterfaceMTU)
00:30:08.231157 ... not found
00:30:08.231158 >>> requested option 28 (BroadcastAddress)
00:30:08.231160 ... not found
00:30:08.231162 >>> requested option 51 (LeaseTime)
00:30:08.231163 ... not found
00:30:08.231165 >>> requested option 58 (RenewalTime)
00:30:08.231166 ... not found
00:30:08.231168 >>> requested option 59 (RebindingTime)
00:30:08.231170 ... not found
00:30:08.231171 >>> requested option 43 (VendorSpecificInfo)
00:30:08.231173 ... not found
00:30:08.231177 encoding option 1 (SubnetMask)
00:30:08.231179 encoding option 3 (Routers)
00:30:08.231181 encoding option 6 (DNSes)
00:30:08.231183 encoding option 51 (LeaseTime)
00:30:08.231186 ACK xid 0xb523a3ee chaddr 00:db:fd:38:d1:58
00:30:08.231191  ciaddr 172.16.1.4 yiaddr 172.16.1.4
00:30:08.231197 encoded message: 548 bytes
00:30:08.231198 000000000161e540/0000: 02 01 06 00 ee a3 23 b5-00 00 00 00 ac 10 01 04 ......#.........
00:30:08.231199 000000000161e550/0010: ac 10 01 04 00 00 00 00-00 00 00 00 00 db fd 38 ...............8
00:30:08.231200 000000000161e560/0020: d1 58 00 00 00 00 00 00-00 00 00 00 00 00 00 00 .X..............
00:30:08.231201 000000000161e570/0030: 00 00 00 00 00 00 00 00-00 00 00 00 00 00 00 00 ................
00:30:08.231202 000000000161e580/0040: 00 00 00 00 00 00 00 00-00 00 00 00 00 00 00 00 ................
00:30:08.231203 000000000161e590/0050: 00 00 00 00 00 00 00 00-00 00 00 00 00 00 00 00 ................
00:30:08.231204 000000000161e5a0/0060: 00 00 00 00 00 00 00 00-00 00 00 00 00 00 00 00 ................
00:30:08.231205 000000000161e5b0/0070: 00 00 00 00 00 00 00 00-00 00 00 00 00 00 00 00 ................
00:30:08.231206 000000000161e5c0/0080: 00 00 00 00 00 00 00 00-00 00 00 00 00 00 00 00 ................
00:30:08.231207 000000000161e5d0/0090: 00 00 00 00 00 00 00 00-00 00 00 00 00 00 00 00 ................
00:30:08.231208 000000000161e5e0/00a0: 00 00 00 00 00 00 00 00-00 00 00 00 00 00 00 00 ................
00:30:08.231209 000000000161e5f0/00b0: 00 00 00 00 00 00 00 00-00 00 00 00 00 00 00 00 ................
00:30:08.231210 000000000161e600/00c0: 00 00 00 00 00 00 00 00-00 00 00 00 00 00 00 00 ................
00:30:08.231211 000000000161e610/00d0: 00 00 00 00 00 00 00 00-00 00 00 00 00 00 00 00 ................
00:30:08.231212 000000000161e620/00e0: 00 00 00 00 00 00 00 00-00 00 00 00 63 82 53 63 ............c.Sc
00:30:08.231213 000000000161e630/00f0: 36 04 ac 10 01 03 35 01-05 01 04 ff ff ff 00 03 6.....5.........
00:30:08.231214 000000000161e640/0100: 04 ac 10 01 01 06 04 c0-a8 01 fe 33 04 00 00 02 ...........3....
00:30:08.231215 000000000161e650/0110: 58 ff 00 00 00 00 00 00-00 00 00 00 00 00 00 00 X...............
00:30:08.231216 000000000161e660/0120: 00 00 00 00 00 00 00 00-00 00 00 00 00 00 00 00 ................
00:30:08.231217 000000000161e670/0130: 00 00 00 00 00 00 00 00-00 00 00 00 00 00 00 00 ................
00:30:08.231218 000000000161e680/0140: 00 00 00 00 00 00 00 00-00 00 00 00 00 00 00 00 ................
00:30:08.231219 000000000161e690/0150: 00 00 00 00 00 00 00 00-00 00 00 00 00 00 00 00 ................
00:30:08.231220 000000000161e6a0/0160: 00 00 00 00 00 00 00 00-00 00 00 00 00 00 00 00 ................
00:30:08.231221 000000000161e6b0/0170: 00 00 00 00 00 00 00 00-00 00 00 00 00 00 00 00 ................
00:30:08.231222 000000000161e6c0/0180: 00 00 00 00 00 00 00 00-00 00 00 00 00 00 00 00 ................
00:30:08.231223 000000000161e6d0/0190: 00 00 00 00 00 00 00 00-00 00 00 00 00 00 00 00 ................
00:30:08.231223 000000000161e6e0/01a0: 00 00 00 00 00 00 00 00-00 00 00 00 00 00 00 00 ................
00:30:08.231224 000000000161e6f0/01b0: 00 00 00 00 00 00 00 00-00 00 00 00 00 00 00 00 ................
00:30:08.231225 000000000161e700/01c0: 00 00 00 00 00 00 00 00-00 00 00 00 00 00 00 00 ................
00:30:08.231226 000000000161e710/01d0: 00 00 00 00 00 00 00 00-00 00 00 00 00 00 00 00 ................
00:30:08.231227 000000000161e720/01e0: 00 00 00 00 00 00 00 00-00 00 00 00 00 00 00 00 ................
00:30:08.231228 000000000161e730/01f0: 00 00 00 00 00 00 00 00-00 00 00 00 00 00 00 00 ................
00:30:08.231229 000000000161e740/0200: 00 00 00 00 00 00 00 00-00 00 00 00 00 00 00 00 ................
00:30:08.231230 000000000161e750/0210: 00 00 00 00 00 00 00 00-00 00 00 00 00 00 00 00 ................
00:30:08.231231 000000000161e760/0220: 00 00 00 00                                     ....
00:35:08.232029 REQUEST xid 0x971a78a2 chaddr 00:db:fd:38:d1:58
00:35:08.232060  ciaddr 172.16.1.4
00:35:08.232064  client id: 01 00 db fd 38 d1 58
00:35:08.232067  params { 1 3 6 15 26 28 51 58 59 43 }
00:35:08.232085   57: 05 dc
00:35:08.232087   60: 'android-dhcp-9'
00:35:08.232091 > allocateAddress to client [01:00:db:fd:38:d1:58] (00:db:fd:38:d1:58)
00:35:08.232096 > ... found existing binding 172.16.1.4 to [01:00:db:fd:38:d1:58] (00:db:fd:38:d1:58), acked, valid from 2024-09-22T05:50:25Z for 600s until 2024-09-22T06:00:25Z
00:35:08.232102 Lease time 600 secs (default)
00:35:08.232105 writing leases to C:\Users\mr.dildogun\.Ld9VirtualBox\LdNatNetwork6-Dhcpd.leases
00:35:08.234057 >>> requested option 1 (SubnetMask)
00:35:08.234063 ... always supplied
00:35:08.234065 >>> requested option 3 (Routers)
00:35:08.234067 ... found in GlobalConfig (type global)
00:35:08.234069 >>> requested option 6 (DNSes)
00:35:08.234071 ... found in GlobalConfig (type global)
00:35:08.234072 >>> requested option 15 (DomainName)
00:35:08.234074 ... not found
00:35:08.234076 >>> requested option 26 (InterfaceMTU)
00:35:08.234077 ... not found
00:35:08.234079 >>> requested option 28 (BroadcastAddress)
00:35:08.234081 ... not found
00:35:08.234082 >>> requested option 51 (LeaseTime)
00:35:08.234084 ... not found
00:35:08.234085 >>> requested option 58 (RenewalTime)
00:35:08.234087 ... not found
00:35:08.234089 >>> requested option 59 (RebindingTime)
00:35:08.234090 ... not found
00:35:08.234092 >>> requested option 43 (VendorSpecificInfo)
00:35:08.234093 ... not found
00:35:08.234098 encoding option 1 (SubnetMask)
00:35:08.234099 encoding option 3 (Routers)
00:35:08.234101 encoding option 6 (DNSes)
00:35:08.234103 encoding option 51 (LeaseTime)
00:35:08.234105 ACK xid 0x971a78a2 chaddr 00:db:fd:38:d1:58
00:35:08.234111  ciaddr 172.16.1.4 yiaddr 172.16.1.4
00:35:08.234116 encoded message: 548 bytes
00:35:08.234118 000000000161e540/0000: 02 01 06 00 a2 78 1a 97-00 00 00 00 ac 10 01 04 .....x..........
00:35:08.234119 000000000161e550/0010: ac 10 01 04 00 00 00 00-00 00 00 00 00 db fd 38 ...............8
00:35:08.234120 000000000161e560/0020: d1 58 00 00 00 00 00 00-00 00 00 00 00 00 00 00 .X..............
00:35:08.234121 000000000161e570/0030: 00 00 00 00 00 00 00 00-00 00 00 00 00 00 00 00 ................
00:35:08.234122 000000000161e580/0040: 00 00 00 00 00 00 00 00-00 00 00 00 00 00 00 00 ................
00:35:08.234123 000000000161e590/0050: 00 00 00 00 00 00 00 00-00 00 00 00 00 00 00 00 ................
00:35:08.234124 000000000161e5a0/0060: 00 00 00 00 00 00 00 00-00 00 00 00 00 00 00 00 ................
00:35:08.234125 000000000161e5b0/0070: 00 00 00 00 00 00 00 00-00 00 00 00 00 00 00 00 ................
00:35:08.234126 000000000161e5c0/0080: 00 00 00 00 00 00 00 00-00 00 00 00 00 00 00 00 ................
00:35:08.234127 000000000161e5d0/0090: 00 00 00 00 00 00 00 00-00 00 00 00 00 00 00 00 ................
00:35:08.234128 000000000161e5e0/00a0: 00 00 00 00 00 00 00 00-00 00 00 00 00 00 00 00 ................
00:35:08.234129 000000000161e5f0/00b0: 00 00 00 00 00 00 00 00-00 00 00 00 00 00 00 00 ................
00:35:08.234130 000000000161e600/00c0: 00 00 00 00 00 00 00 00-00 00 00 00 00 00 00 00 ................
00:35:08.234131 000000000161e610/00d0: 00 00 00 00 00 00 00 00-00 00 00 00 00 00 00 00 ................
00:35:08.234132 000000000161e620/00e0: 00 00 00 00 00 00 00 00-00 00 00 00 63 82 53 63 ............c.Sc
00:35:08.234133 000000000161e630/00f0: 36 04 ac 10 01 03 35 01-05 01 04 ff ff ff 00 03 6.....5.........
00:35:08.234134 000000000161e640/0100: 04 ac 10 01 01 06 04 c0-a8 01 fe 33 04 00 00 02 ...........3....
00:35:08.234135 000000000161e650/0110: 58 ff 00 00 00 00 00 00-00 00 00 00 00 00 00 00 X...............
00:35:08.234136 000000000161e660/0120: 00 00 00 00 00 00 00 00-00 00 00 00 00 00 00 00 ................
00:35:08.234137 000000000161e670/0130: 00 00 00 00 00 00 00 00-00 00 00 00 00 00 00 00 ................
00:35:08.234138 000000000161e680/0140: 00 00 00 00 00 00 00 00-00 00 00 00 00 00 00 00 ................
00:35:08.234139 000000000161e690/0150: 00 00 00 00 00 00 00 00-00 00 00 00 00 00 00 00 ................
00:35:08.234140 000000000161e6a0/0160: 00 00 00 00 00 00 00 00-00 00 00 00 00 00 00 00 ................
00:35:08.234141 000000000161e6b0/0170: 00 00 00 00 00 00 00 00-00 00 00 00 00 00 00 00 ................
00:35:08.234142 000000000161e6c0/0180: 00 00 00 00 00 00 00 00-00 00 00 00 00 00 00 00 ................
00:35:08.234143 000000000161e6d0/0190: 00 00 00 00 00 00 00 00-00 00 00 00 00 00 00 00 ................
00:35:08.234143 000000000161e6e0/01a0: 00 00 00 00 00 00 00 00-00 00 00 00 00 00 00 00 ................
00:35:08.234144 000000000161e6f0/01b0: 00 00 00 00 00 00 00 00-00 00 00 00 00 00 00 00 ................
00:35:08.234145 000000000161e700/01c0: 00 00 00 00 00 00 00 00-00 00 00 00 00 00 00 00 ................
00:35:08.234146 000000000161e710/01d0: 00 00 00 00 00 00 00 00-00 00 00 00 00 00 00 00 ................
00:35:08.234147 000000000161e720/01e0: 00 00 00 00 00 00 00 00-00 00 00 00 00 00 00 00 ................
00:35:08.234148 000000000161e730/01f0: 00 00 00 00 00 00 00 00-00 00 00 00 00 00 00 00 ................
00:35:08.234149 000000000161e740/0200: 00 00 00 00 00 00 00 00-00 00 00 00 00 00 00 00 ................
00:35:08.234150 000000000161e750/0210: 00 00 00 00 00 00 00 00-00 00 00 00 00 00 00 00 ................
00:35:08.234151 000000000161e760/0220: 00 00 00 00                                     ....
00:40:08.241792 REQUEST xid 0x14717a1d chaddr 00:db:fd:38:d1:58
00:40:08.241863  ciaddr 172.16.1.4
00:40:08.241867  client id: 01 00 db fd 38 d1 58
00:40:08.241870  params { 1 3 6 15 26 28 51 58 59 43 }
00:40:08.241888   57: 05 dc
00:40:08.241890   60: 'android-dhcp-9'
00:40:08.241894 > allocateAddress to client [01:00:db:fd:38:d1:58] (00:db:fd:38:d1:58)
00:40:08.241898 > ... found existing binding 172.16.1.4 to [01:00:db:fd:38:d1:58] (00:db:fd:38:d1:58), acked, valid from 2024-09-22T05:55:25Z for 600s until 2024-09-22T06:05:25Z
00:40:08.241904 Lease time 600 secs (default)
00:40:08.241906 writing leases to C:\Users\mr.dildogun\.Ld9VirtualBox\LdNatNetwork6-Dhcpd.leases
00:40:08.243435 >>> requested option 1 (SubnetMask)
00:40:08.243442 ... always supplied
00:40:08.243444 >>> requested option 3 (Routers)
00:40:08.243447 ... found in GlobalConfig (type global)
00:40:08.243450 >>> requested option 6 (DNSes)
00:40:08.243452 ... found in GlobalConfig (type global)
00:40:08.243455 >>> requested option 15 (DomainName)
00:40:08.243458 ... not found
00:40:08.243460 >>> requested option 26 (InterfaceMTU)
00:40:08.243463 ... not found
00:40:08.243465 >>> requested option 28 (BroadcastAddress)
00:40:08.243467 ... not found
00:40:08.243469 >>> requested option 51 (LeaseTime)
00:40:08.243472 ... not found
00:40:08.243474 >>> requested option 58 (RenewalTime)
00:40:08.243477 ... not found
00:40:08.243479 >>> requested option 59 (RebindingTime)
00:40:08.243482 ... not found
00:40:08.243487 >>> requested option 43 (VendorSpecificInfo)
00:40:08.243490 ... not found
00:40:08.243496 encoding option 1 (SubnetMask)
00:40:08.243499 encoding option 3 (Routers)
00:40:08.243501 encoding option 6 (DNSes)
00:40:08.243504 encoding option 51 (LeaseTime)
00:40:08.243507 ACK xid 0x14717a1d chaddr 00:db:fd:38:d1:58
00:40:08.243513  ciaddr 172.16.1.4 yiaddr 172.16.1.4
00:40:08.243518 encoded message: 548 bytes
00:40:08.243519 000000000161e540/0000: 02 01 06 00 1d 7a 71 14-00 00 00 00 ac 10 01 04 .....zq.........
00:40:08.243521 000000000161e550/0010: ac 10 01 04 00 00 00 00-00 00 00 00 00 db fd 38 ...............8
00:40:08.243522 000000000161e560/0020: d1 58 00 00 00 00 00 00-00 00 00 00 00 00 00 00 .X..............
00:40:08.243523 000000000161e570/0030: 00 00 00 00 00 00 00 00-00 00 00 00 00 00 00 00 ................
00:40:08.243524 000000000161e580/0040: 00 00 00 00 00 00 00 00-00 00 00 00 00 00 00 00 ................
00:40:08.243525 000000000161e590/0050: 00 00 00 00 00 00 00 00-00 00 00 00 00 00 00 00 ................
00:40:08.243526 000000000161e5a0/0060: 00 00 00 00 00 00 00 00-00 00 00 00 00 00 00 00 ................
00:40:08.243527 000000000161e5b0/0070: 00 00 00 00 00 00 00 00-00 00 00 00 00 00 00 00 ................
00:40:08.243528 000000000161e5c0/0080: 00 00 00 00 00 00 00 00-00 00 00 00 00 00 00 00 ................
00:40:08.243529 000000000161e5d0/0090: 00 00 00 00 00 00 00 00-00 00 00 00 00 00 00 00 ................
00:40:08.243529 000000000161e5e0/00a0: 00 00 00 00 00 00 00 00-00 00 00 00 00 00 00 00 ................
00:40:08.243530 000000000161e5f0/00b0: 00 00 00 00 00 00 00 00-00 00 00 00 00 00 00 00 ................
00:40:08.243531 000000000161e600/00c0: 00 00 00 00 00 00 00 00-00 00 00 00 00 00 00 00 ................
00:40:08.243532 000000000161e610/00d0: 00 00 00 00 00 00 00 00-00 00 00 00 00 00 00 00 ................
00:40:08.243533 000000000161e620/00e0: 00 00 00 00 00 00 00 00-00 00 00 00 63 82 53 63 ............c.Sc
00:40:08.243534 000000000161e630/00f0: 36 04 ac 10 01 03 35 01-05 01 04 ff ff ff 00 03 6.....5.........
00:40:08.243535 000000000161e640/0100: 04 ac 10 01 01 06 04 c0-a8 01 fe 33 04 00 00 02 ...........3....
00:40:08.243536 000000000161e650/0110: 58 ff 00 00 00 00 00 00-00 00 00 00 00 00 00 00 X...............
00:40:08.243537 000000000161e660/0120: 00 00 00 00 00 00 00 00-00 00 00 00 00 00 00 00 ................
00:40:08.243538 000000000161e670/0130: 00 00 00 00 00 00 00 00-00 00 00 00 00 00 00 00 ................
00:40:08.243539 000000000161e680/0140: 00 00 00 00 00 00 00 00-00 00 00 00 00 00 00 00 ................
00:40:08.243540 000000000161e690/0150: 00 00 00 00 00 00 00 00-00 00 00 00 00 00 00 00 ................
00:40:08.243541 000000000161e6a0/0160: 00 00 00 00 00 00 00 00-00 00 00 00 00 00 00 00 ................
00:40:08.243542 000000000161e6b0/0170: 00 00 00 00 00 00 00 00-00 00 00 00 00 00 00 00 ................
00:40:08.243543 000000000161e6c0/0180: 00 00 00 00 00 00 00 00-00 00 00 00 00 00 00 00 ................
00:40:08.243544 000000000161e6d0/0190: 00 00 00 00 00 00 00 00-00 00 00 00 00 00 00 00 ................
00:40:08.243545 000000000161e6e0/01a0: 00 00 00 00 00 00 00 00-00 00 00 00 00 00 00 00 ................
00:40:08.243546 000000000161e6f0/01b0: 00 00 00 00 00 00 00 00-00 00 00 00 00 00 00 00 ................
00:40:08.243547 000000000161e700/01c0: 00 00 00 00 00 00 00 00-00 00 00 00 00 00 00 00 ................
00:40:08.243548 000000000161e710/01d0: 00 00 00 00 00 00 00 00-00 00 00 00 00 00 00 00 ................
00:40:08.243549 000000000161e720/01e0: 00 00 00 00 00 00 00 00-00 00 00 00 00 00 00 00 ................
00:40:08.243549 000000000161e730/01f0: 00 00 00 00 00 00 00 00-00 00 00 00 00 00 00 00 ................
00:40:08.243550 000000000161e740/0200: 00 00 00 00 00 00 00 00-00 00 00 00 00 00 00 00 ................
00:40:08.243551 000000000161e750/0210: 00 00 00 00 00 00 00 00-00 00 00 00 00 00 00 00 ................
00:40:08.243552 000000000161e760/0220: 00 00 00 00                                     ....
00:45:08.244346 REQUEST xid 0xac00029c chaddr 00:db:fd:38:d1:58
00:45:08.244371  ciaddr 172.16.1.4
00:45:08.244375  client id: 01 00 db fd 38 d1 58
00:45:08.244378  params { 1 3 6 15 26 28 51 58 59 43 }
00:45:08.244397   57: 05 dc
00:45:08.244399   60: 'android-dhcp-9'
00:45:08.244403 > allocateAddress to client [01:00:db:fd:38:d1:58] (00:db:fd:38:d1:58)
00:45:08.244407 > ... found existing binding 172.16.1.4 to [01:00:db:fd:38:d1:58] (00:db:fd:38:d1:58), acked, valid from 2024-09-22T06:00:25Z for 600s until 2024-09-22T06:10:25Z
00:45:08.244413 Lease time 600 secs (default)
00:45:08.244416 writing leases to C:\Users\mr.dildogun\.Ld9VirtualBox\LdNatNetwork6-Dhcpd.leases
00:45:08.246402 >>> requested option 1 (SubnetMask)
00:45:08.246408 ... always supplied
00:45:08.246410 >>> requested option 3 (Routers)
00:45:08.246412 ... found in GlobalConfig (type global)
00:45:08.246414 >>> requested option 6 (DNSes)
00:45:08.246415 ... found in GlobalConfig (type global)
00:45:08.246417 >>> requested option 15 (DomainName)
00:45:08.246419 ... not found
00:45:08.246421 >>> requested option 26 (InterfaceMTU)
00:45:08.246422 ... not found
00:45:08.246424 >>> requested option 28 (BroadcastAddress)
00:45:08.246426 ... not found
00:45:08.246427 >>> requested option 51 (LeaseTime)
00:45:08.246429 ... not found
00:45:08.246430 >>> requested option 58 (RenewalTime)
00:45:08.246432 ... not found
00:45:08.246433 >>> requested option 59 (RebindingTime)
00:45:08.246435 ... not found
00:45:08.246437 >>> requested option 43 (VendorSpecificInfo)
00:45:08.246439 ... not found
00:45:08.246442 encoding option 1 (SubnetMask)
00:45:08.246444 encoding option 3 (Routers)
00:45:08.246446 encoding option 6 (DNSes)
00:45:08.246448 encoding option 51 (LeaseTime)
00:45:08.246450 ACK xid 0xac00029c chaddr 00:db:fd:38:d1:58
00:45:08.246456  ciaddr 172.16.1.4 yiaddr 172.16.1.4
00:45:08.246461 encoded message: 548 bytes
00:45:08.246462 000000000161e540/0000: 02 01 06 00 9c 02 00 ac-00 00 00 00 ac 10 01 04 ................
00:45:08.246463 000000000161e550/0010: ac 10 01 04 00 00 00 00-00 00 00 00 00 db fd 38 ...............8
00:45:08.246464 000000000161e560/0020: d1 58 00 00 00 00 00 00-00 00 00 00 00 00 00 00 .X..............
00:45:08.246465 000000000161e570/0030: 00 00 00 00 00 00 00 00-00 00 00 00 00 00 00 00 ................
00:45:08.246466 000000000161e580/0040: 00 00 00 00 00 00 00 00-00 00 00 00 00 00 00 00 ................
00:45:08.246467 000000000161e590/0050: 00 00 00 00 00 00 00 00-00 00 00 00 00 00 00 00 ................
00:45:08.246468 000000000161e5a0/0060: 00 00 00 00 00 00 00 00-00 00 00 00 00 00 00 00 ................
00:45:08.246469 000000000161e5b0/0070: 00 00 00 00 00 00 00 00-00 00 00 00 00 00 00 00 ................
00:45:08.246470 000000000161e5c0/0080: 00 00 00 00 00 00 00 00-00 00 00 00 00 00 00 00 ................
00:45:08.246471 000000000161e5d0/0090: 00 00 00 00 00 00 00 00-00 00 00 00 00 00 00 00 ................
00:45:08.246472 000000000161e5e0/00a0: 00 00 00 00 00 00 00 00-00 00 00 00 00 00 00 00 ................
00:45:08.246473 000000000161e5f0/00b0: 00 00 00 00 00 00 00 00-00 00 00 00 00 00 00 00 ................
00:45:08.246474 000000000161e600/00c0: 00 00 00 00 00 00 00 00-00 00 00 00 00 00 00 00 ................
00:45:08.246475 000000000161e610/00d0: 00 00 00 00 00 00 00 00-00 00 00 00 00 00 00 00 ................
00:45:08.246476 000000000161e620/00e0: 00 00 00 00 00 00 00 00-00 00 00 00 63 82 53 63 ............c.Sc
00:45:08.246477 000000000161e630/00f0: 36 04 ac 10 01 03 35 01-05 01 04 ff ff ff 00 03 6.....5.........
00:45:08.246478 000000000161e640/0100: 04 ac 10 01 01 06 04 c0-a8 01 fe 33 04 00 00 02 ...........3....
00:45:08.246479 000000000161e650/0110: 58 ff 00 00 00 00 00 00-00 00 00 00 00 00 00 00 X...............
00:45:08.246480 000000000161e660/0120: 00 00 00 00 00 00 00 00-00 00 00 00 00 00 00 00 ................
00:45:08.246481 000000000161e670/0130: 00 00 00 00 00 00 00 00-00 00 00 00 00 00 00 00 ................
00:45:08.246482 000000000161e680/0140: 00 00 00 00 00 00 00 00-00 00 00 00 00 00 00 00 ................
00:45:08.246483 000000000161e690/0150: 00 00 00 00 00 00 00 00-00 00 00 00 00 00 00 00 ................
00:45:08.246484 000000000161e6a0/0160: 00 00 00 00 00 00 00 00-00 00 00 00 00 00 00 00 ................
00:45:08.246484 000000000161e6b0/0170: 00 00 00 00 00 00 00 00-00 00 00 00 00 00 00 00 ................
00:45:08.246485 000000000161e6c0/0180: 00 00 00 00 00 00 00 00-00 00 00 00 00 00 00 00 ................
00:45:08.246486 000000000161e6d0/0190: 00 00 00 00 00 00 00 00-00 00 00 00 00 00 00 00 ................
00:45:08.246487 000000000161e6e0/01a0: 00 00 00 00 00 00 00 00-00 00 00 00 00 00 00 00 ................
00:45:08.246488 000000000161e6f0/01b0: 00 00 00 00 00 00 00 00-00 00 00 00 00 00 00 00 ................
00:45:08.246489 000000000161e700/01c0: 00 00 00 00 00 00 00 00-00 00 00 00 00 00 00 00 ................
00:45:08.246490 000000000161e710/01d0: 00 00 00 00 00 00 00 00-00 00 00 00 00 00 00 00 ................
00:45:08.246491 000000000161e720/01e0: 00 00 00 00 00 00 00 00-00 00 00 00 00 00 00 00 ................
00:45:08.246492 000000000161e730/01f0: 00 00 00 00 00 00 00 00-00 00 00 00 00 00 00 00 ................
00:45:08.246493 000000000161e740/0200: 00 00 00 00 00 00 00 00-00 00 00 00 00 00 00 00 ................
00:45:08.246494 000000000161e750/0210: 00 00 00 00 00 00 00 00-00 00 00 00 00 00 00 00 ................
00:45:08.246496 000000000161e760/0220: 00 00 00 00                                     ....
00:50:08.249193 REQUEST xid 0xe849c940 chaddr 00:db:fd:38:d1:58
00:50:08.249217  ciaddr 172.16.1.4
00:50:08.249222  client id: 01 00 db fd 38 d1 58
00:50:08.249225  params { 1 3 6 15 26 28 51 58 59 43 }
00:50:08.249243   57: 05 dc
00:50:08.249245   60: 'android-dhcp-9'
00:50:08.249248 > allocateAddress to client [01:00:db:fd:38:d1:58] (00:db:fd:38:d1:58)
00:50:08.249252 > ... found existing binding 172.16.1.4 to [01:00:db:fd:38:d1:58] (00:db:fd:38:d1:58), acked, valid from 2024-09-22T06:05:25Z for 600s until 2024-09-22T06:15:25Z
00:50:08.249258 Lease time 600 secs (default)
00:50:08.249261 writing leases to C:\Users\mr.dildogun\.Ld9VirtualBox\LdNatNetwork6-Dhcpd.leases
00:50:08.251443 >>> requested option 1 (SubnetMask)
00:50:08.251450 ... always supplied
00:50:08.251452 >>> requested option 3 (Routers)
00:50:08.251454 ... found in GlobalConfig (type global)
00:50:08.251456 >>> requested option 6 (DNSes)
00:50:08.251457 ... found in GlobalConfig (type global)
00:50:08.251459 >>> requested option 15 (DomainName)
00:50:08.251461 ... not found
00:50:08.251463 >>> requested option 26 (InterfaceMTU)
00:50:08.251464 ... not found
00:50:08.251466 >>> requested option 28 (BroadcastAddress)
00:50:08.251468 ... not found
00:50:08.251469 >>> requested option 51 (LeaseTime)
00:50:08.251471 ... not found
00:50:08.251472 >>> requested option 58 (RenewalTime)
00:50:08.251474 ... not found
00:50:08.251475 >>> requested option 59 (RebindingTime)
00:50:08.251477 ... not found
00:50:08.251479 >>> requested option 43 (VendorSpecificInfo)
00:50:08.251480 ... not found
00:50:08.251484 encoding option 1 (SubnetMask)
00:50:08.251486 encoding option 3 (Routers)
00:50:08.251488 encoding option 6 (DNSes)
00:50:08.251490 encoding option 51 (LeaseTime)
00:50:08.251492 ACK xid 0xe849c940 chaddr 00:db:fd:38:d1:58
00:50:08.251498  ciaddr 172.16.1.4 yiaddr 172.16.1.4
00:50:08.251503 encoded message: 548 bytes
00:50:08.251504 000000000161e540/0000: 02 01 06 00 40 c9 49 e8-00 00 00 00 ac 10 01 04 ....@.I.........
00:50:08.251505 000000000161e550/0010: ac 10 01 04 00 00 00 00-00 00 00 00 00 db fd 38 ...............8
00:50:08.251507 000000000161e560/0020: d1 58 00 00 00 00 00 00-00 00 00 00 00 00 00 00 .X..............
00:50:08.251508 000000000161e570/0030: 00 00 00 00 00 00 00 00-00 00 00 00 00 00 00 00 ................
00:50:08.251509 000000000161e580/0040: 00 00 00 00 00 00 00 00-00 00 00 00 00 00 00 00 ................
00:50:08.251509 000000000161e590/0050: 00 00 00 00 00 00 00 00-00 00 00 00 00 00 00 00 ................
00:50:08.251510 000000000161e5a0/0060: 00 00 00 00 00 00 00 00-00 00 00 00 00 00 00 00 ................
00:50:08.251511 000000000161e5b0/0070: 00 00 00 00 00 00 00 00-00 00 00 00 00 00 00 00 ................
00:50:08.251512 000000000161e5c0/0080: 00 00 00 00 00 00 00 00-00 00 00 00 00 00 00 00 ................
00:50:08.251513 000000000161e5d0/0090: 00 00 00 00 00 00 00 00-00 00 00 00 00 00 00 00 ................
00:50:08.251514 000000000161e5e0/00a0: 00 00 00 00 00 00 00 00-00 00 00 00 00 00 00 00 ................
00:50:08.251515 000000000161e5f0/00b0: 00 00 00 00 00 00 00 00-00 00 00 00 00 00 00 00 ................
00:50:08.251516 000000000161e600/00c0: 00 00 00 00 00 00 00 00-00 00 00 00 00 00 00 00 ................
00:50:08.251517 000000000161e610/00d0: 00 00 00 00 00 00 00 00-00 00 00 00 00 00 00 00 ................
00:50:08.251518 000000000161e620/00e0: 00 00 00 00 00 00 00 00-00 00 00 00 63 82 53 63 ............c.Sc
00:50:08.251519 000000000161e630/00f0: 36 04 ac 10 01 03 35 01-05 01 04 ff ff ff 00 03 6.....5.........
00:50:08.251520 000000000161e640/0100: 04 ac 10 01 01 06 04 c0-a8 01 fe 33 04 00 00 02 ...........3....
00:50:08.251521 000000000161e650/0110: 58 ff 00 00 00 00 00 00-00 00 00 00 00 00 00 00 X...............
00:50:08.251522 000000000161e660/0120: 00 00 00 00 00 00 00 00-00 00 00 00 00 00 00 00 ................
00:50:08.251523 000000000161e670/0130: 00 00 00 00 00 00 00 00-00 00 00 00 00 00 00 00 ................
00:50:08.251524 000000000161e680/0140: 00 00 00 00 00 00 00 00-00 00 00 00 00 00 00 00 ................
00:50:08.251525 000000000161e690/0150: 00 00 00 00 00 00 00 00-00 00 00 00 00 00 00 00 ................
00:50:08.251526 000000000161e6a0/0160: 00 00 00 00 00 00 00 00-00 00 00 00 00 00 00 00 ................
00:50:08.251527 000000000161e6b0/0170: 00 00 00 00 00 00 00 00-00 00 00 00 00 00 00 00 ................
00:50:08.251527 000000000161e6c0/0180: 00 00 00 00 00 00 00 00-00 00 00 00 00 00 00 00 ................
00:50:08.251528 000000000161e6d0/0190: 00 00 00 00 00 00 00 00-00 00 00 00 00 00 00 00 ................
00:50:08.251529 000000000161e6e0/01a0: 00 00 00 00 00 00 00 00-00 00 00 00 00 00 00 00 ................
00:50:08.251530 000000000161e6f0/01b0: 00 00 00 00 00 00 00 00-00 00 00 00 00 00 00 00 ................
00:50:08.251531 000000000161e700/01c0: 00 00 00 00 00 00 00 00-00 00 00 00 00 00 00 00 ................
00:50:08.251532 000000000161e710/01d0: 00 00 00 00 00 00 00 00-00 00 00 00 00 00 00 00 ................
00:50:08.251533 000000000161e720/01e0: 00 00 00 00 00 00 00 00-00 00 00 00 00 00 00 00 ................
00:50:08.251534 000000000161e730/01f0: 00 00 00 00 00 00 00 00-00 00 00 00 00 00 00 00 ................
00:50:08.251535 000000000161e740/0200: 00 00 00 00 00 00 00 00-00 00 00 00 00 00 00 00 ................
00:50:08.251536 000000000161e750/0210: 00 00 00 00 00 00 00 00-00 00 00 00 00 00 00 00 ................
00:50:08.251537 000000000161e760/0220: 00 00 00 00                                     ....
00:55:08.265806 REQUEST xid 0x09eb32bc chaddr 00:db:fd:38:d1:58
00:55:08.265824  ciaddr 172.16.1.4
00:55:08.265829  client id: 01 00 db fd 38 d1 58
00:55:08.265832  params { 1 3 6 15 26 28 51 58 59 43 }
00:55:08.265849   57: 05 dc
00:55:08.265851   60: 'android-dhcp-9'
00:55:08.265855 > allocateAddress to client [01:00:db:fd:38:d1:58] (00:db:fd:38:d1:58)
00:55:08.265859 > ... found existing binding 172.16.1.4 to [01:00:db:fd:38:d1:58] (00:db:fd:38:d1:58), acked, valid from 2024-09-22T06:10:25Z for 600s until 2024-09-22T06:20:25Z
00:55:08.265865 Lease time 600 secs (default)
00:55:08.265868 writing leases to C:\Users\mr.dildogun\.Ld9VirtualBox\LdNatNetwork6-Dhcpd.leases
00:55:08.269125 >>> requested option 1 (SubnetMask)
00:55:08.269133 ... always supplied
00:55:08.269135 >>> requested option 3 (Routers)
00:55:08.269137 ... found in GlobalConfig (type global)
00:55:08.269139 >>> requested option 6 (DNSes)
00:55:08.269141 ... found in GlobalConfig (type global)
00:55:08.269143 >>> requested option 15 (DomainName)
00:55:08.269175 ... not found
00:55:08.269178 >>> requested option 26 (InterfaceMTU)
00:55:08.269180 ... not found
00:55:08.269182 >>> requested option 28 (BroadcastAddress)
00:55:08.269184 ... not found
00:55:08.269185 >>> requested option 51 (LeaseTime)
00:55:08.269187 ... not found
00:55:08.269188 >>> requested option 58 (RenewalTime)
00:55:08.269190 ... not found
00:55:08.269191 >>> requested option 59 (RebindingTime)
00:55:08.269193 ... not found
00:55:08.269195 >>> requested option 43 (VendorSpecificInfo)
00:55:08.269196 ... not found
00:55:08.269201 encoding option 1 (SubnetMask)
00:55:08.269203 encoding option 3 (Routers)
00:55:08.269205 encoding option 6 (DNSes)
00:55:08.269207 encoding option 51 (LeaseTime)
00:55:08.269209 ACK xid 0x09eb32bc chaddr 00:db:fd:38:d1:58
00:55:08.269215  ciaddr 172.16.1.4 yiaddr 172.16.1.4
00:55:08.269220 encoded message: 548 bytes
00:55:08.269221 000000000161e540/0000: 02 01 06 00 bc 32 eb 09-00 00 00 00 ac 10 01 04 .....2..........
00:55:08.269223 000000000161e550/0010: ac 10 01 04 00 00 00 00-00 00 00 00 00 db fd 38 ...............8
00:55:08.269224 000000000161e560/0020: d1 58 00 00 00 00 00 00-00 00 00 00 00 00 00 00 .X..............
00:55:08.269225 000000000161e570/0030: 00 00 00 00 00 00 00 00-00 00 00 00 00 00 00 00 ................
00:55:08.269226 000000000161e580/0040: 00 00 00 00 00 00 00 00-00 00 00 00 00 00 00 00 ................
00:55:08.269227 000000000161e590/0050: 00 00 00 00 00 00 00 00-00 00 00 00 00 00 00 00 ................
00:55:08.269228 000000000161e5a0/0060: 00 00 00 00 00 00 00 00-00 00 00 00 00 00 00 00 ................
00:55:08.269229 000000000161e5b0/0070: 00 00 00 00 00 00 00 00-00 00 00 00 00 00 00 00 ................
00:55:08.269230 000000000161e5c0/0080: 00 00 00 00 00 00 00 00-00 00 00 00 00 00 00 00 ................
00:55:08.269231 000000000161e5d0/0090: 00 00 00 00 00 00 00 00-00 00 00 00 00 00 00 00 ................
00:55:08.269231 000000000161e5e0/00a0: 00 00 00 00 00 00 00 00-00 00 00 00 00 00 00 00 ................
00:55:08.269232 000000000161e5f0/00b0: 00 00 00 00 00 00 00 00-00 00 00 00 00 00 00 00 ................
00:55:08.269233 000000000161e600/00c0: 00 00 00 00 00 00 00 00-00 00 00 00 00 00 00 00 ................
00:55:08.269234 000000000161e610/00d0: 00 00 00 00 00 00 00 00-00 00 00 00 00 00 00 00 ................
00:55:08.269235 000000000161e620/00e0: 00 00 00 00 00 00 00 00-00 00 00 00 63 82 53 63 ............c.Sc
00:55:08.269236 000000000161e630/00f0: 36 04 ac 10 01 03 35 01-05 01 04 ff ff ff 00 03 6.....5.........
00:55:08.269237 000000000161e640/0100: 04 ac 10 01 01 06 04 c0-a8 01 fe 33 04 00 00 02 ...........3....
00:55:08.269238 000000000161e650/0110: 58 ff 00 00 00 00 00 00-00 00 00 00 00 00 00 00 X...............
00:55:08.269239 000000000161e660/0120: 00 00 00 00 00 00 00 00-00 00 00 00 00 00 00 00 ................
00:55:08.269240 000000000161e670/0130: 00 00 00 00 00 00 00 00-00 00 00 00 00 00 00 00 ................
00:55:08.269241 000000000161e680/0140: 00 00 00 00 00 00 00 00-00 00 00 00 00 00 00 00 ................
00:55:08.269242 000000000161e690/0150: 00 00 00 00 00 00 00 00-00 00 00 00 00 00 00 00 ................
00:55:08.269243 000000000161e6a0/0160: 00 00 00 00 00 00 00 00-00 00 00 00 00 00 00 00 ................
00:55:08.269244 000000000161e6b0/0170: 00 00 00 00 00 00 00 00-00 00 00 00 00 00 00 00 ................
00:55:08.269245 000000000161e6c0/0180: 00 00 00 00 00 00 00 00-00 00 00 00 00 00 00 00 ................
00:55:08.269246 000000000161e6d0/0190: 00 00 00 00 00 00 00 00-00 00 00 00 00 00 00 00 ................
00:55:08.269247 000000000161e6e0/01a0: 00 00 00 00 00 00 00 00-00 00 00 00 00 00 00 00 ................
00:55:08.269248 000000000161e6f0/01b0: 00 00 00 00 00 00 00 00-00 00 00 00 00 00 00 00 ................
00:55:08.269249 000000000161e700/01c0: 00 00 00 00 00 00 00 00-00 00 00 00 00 00 00 00 ................
00:55:08.269250 000000000161e710/01d0: 00 00 00 00 00 00 00 00-00 00 00 00 00 00 00 00 ................
00:55:08.269251 000000000161e720/01e0: 00 00 00 00 00 00 00 00-00 00 00 00 00 00 00 00 ................
00:55:08.269251 000000000161e730/01f0: 00 00 00 00 00 00 00 00-00 00 00 00 00 00 00 00 ................
00:55:08.269252 000000000161e740/0200: 00 00 00 00 00 00 00 00-00 00 00 00 00 00 00 00 ................
00:55:08.269253 000000000161e750/0210: 00 00 00 00 00 00 00 00-00 00 00 00 00 00 00 00 ................
00:55:08.269254 000000000161e760/0220: 00 00 00 00                                     ....
01:00:08.269417 REQUEST xid 0x11a216b7 chaddr 00:db:fd:38:d1:58
01:00:08.269437  ciaddr 172.16.1.4
01:00:08.269442  client id: 01 00 db fd 38 d1 58
01:00:08.269445  params { 1 3 6 15 26 28 51 58 59 43 }
01:00:08.269462   57: 05 dc
01:00:08.269464   60: 'android-dhcp-9'
01:00:08.269468 > allocateAddress to client [01:00:db:fd:38:d1:58] (00:db:fd:38:d1:58)
01:00:08.269473 > ... found existing binding 172.16.1.4 to [01:00:db:fd:38:d1:58] (00:db:fd:38:d1:58), acked, valid from 2024-09-22T06:15:25Z for 600s until 2024-09-22T06:25:25Z
01:00:08.269479 Lease time 600 secs (default)
01:00:08.269482 writing leases to C:\Users\mr.dildogun\.Ld9VirtualBox\LdNatNetwork6-Dhcpd.leases
01:00:08.271387 >>> requested option 1 (SubnetMask)
01:00:08.271392 ... always supplied
01:00:08.271394 >>> requested option 3 (Routers)
01:00:08.271396 ... found in GlobalConfig (type global)
01:00:08.271398 >>> requested option 6 (DNSes)
01:00:08.271400 ... found in GlobalConfig (type global)
01:00:08.271402 >>> requested option 15 (DomainName)
01:00:08.271403 ... not found
01:00:08.271405 >>> requested option 26 (InterfaceMTU)
01:00:08.271407 ... not found
01:00:08.271408 >>> requested option 28 (BroadcastAddress)
01:00:08.271410 ... not found
01:00:08.271411 >>> requested option 51 (LeaseTime)
01:00:08.271413 ... not found
01:00:08.271415 >>> requested option 58 (RenewalTime)
01:00:08.271416 ... not found
01:00:08.271418 >>> requested option 59 (RebindingTime)
01:00:08.271420 ... not found
01:00:08.271421 >>> requested option 43 (VendorSpecificInfo)
01:00:08.271423 ... not found
01:00:08.271427 encoding option 1 (SubnetMask)
01:00:08.271428 encoding option 3 (Routers)
01:00:08.271430 encoding option 6 (DNSes)
01:00:08.271432 encoding option 51 (LeaseTime)
01:00:08.271434 ACK xid 0x11a216b7 chaddr 00:db:fd:38:d1:58
01:00:08.271440  ciaddr 172.16.1.4 yiaddr 172.16.1.4
01:00:08.271445 encoded message: 548 bytes
01:00:08.271446 000000000161e540/0000: 02 01 06 00 b7 16 a2 11-00 00 00 00 ac 10 01 04 ................
01:00:08.271447 000000000161e550/0010: ac 10 01 04 00 00 00 00-00 00 00 00 00 db fd 38 ...............8
01:00:08.271448 000000000161e560/0020: d1 58 00 00 00 00 00 00-00 00 00 00 00 00 00 00 .X..............
01:00:08.271449 000000000161e570/0030: 00 00 00 00 00 00 00 00-00 00 00 00 00 00 00 00 ................
01:00:08.271450 000000000161e580/0040: 00 00 00 00 00 00 00 00-00 00 00 00 00 00 00 00 ................
01:00:08.271451 000000000161e590/0050: 00 00 00 00 00 00 00 00-00 00 00 00 00 00 00 00 ................
01:00:08.271452 000000000161e5a0/0060: 00 00 00 00 00 00 00 00-00 00 00 00 00 00 00 00 ................
01:00:08.271453 000000000161e5b0/0070: 00 00 00 00 00 00 00 00-00 00 00 00 00 00 00 00 ................
01:00:08.271454 000000000161e5c0/0080: 00 00 00 00 00 00 00 00-00 00 00 00 00 00 00 00 ................
01:00:08.271455 000000000161e5d0/0090: 00 00 00 00 00 00 00 00-00 00 00 00 00 00 00 00 ................
01:00:08.271456 000000000161e5e0/00a0: 00 00 00 00 00 00 00 00-00 00 00 00 00 00 00 00 ................
01:00:08.271457 000000000161e5f0/00b0: 00 00 00 00 00 00 00 00-00 00 00 00 00 00 00 00 ................
01:00:08.271458 000000000161e600/00c0: 00 00 00 00 00 00 00 00-00 00 00 00 00 00 00 00 ................
01:00:08.271459 000000000161e610/00d0: 00 00 00 00 00 00 00 00-00 00 00 00 00 00 00 00 ................
01:00:08.271460 000000000161e620/00e0: 00 00 00 00 00 00 00 00-00 00 00 00 63 82 53 63 ............c.Sc
01:00:08.271461 000000000161e630/00f0: 36 04 ac 10 01 03 35 01-05 01 04 ff ff ff 00 03 6.....5.........
01:00:08.271462 000000000161e640/0100: 04 ac 10 01 01 06 04 c0-a8 01 fe 33 04 00 00 02 ...........3....
01:00:08.271463 000000000161e650/0110: 58 ff 00 00 00 00 00 00-00 00 00 00 00 00 00 00 X...............
01:00:08.271464 000000000161e660/0120: 00 00 00 00 00 00 00 00-00 00 00 00 00 00 00 00 ................
01:00:08.271465 000000000161e670/0130: 00 00 00 00 00 00 00 00-00 00 00 00 00 00 00 00 ................
01:00:08.271465 000000000161e680/0140: 00 00 00 00 00 00 00 00-00 00 00 00 00 00 00 00 ................
01:00:08.271467 000000000161e690/0150: 00 00 00 00 00 00 00 00-00 00 00 00 00 00 00 00 ................
01:00:08.271467 000000000161e6a0/0160: 00 00 00 00 00 00 00 00-00 00 00 00 00 00 00 00 ................
01:00:08.271468 000000000161e6b0/0170: 00 00 00 00 00 00 00 00-00 00 00 00 00 00 00 00 ................
01:00:08.271469 000000000161e6c0/0180: 00 00 00 00 00 00 00 00-00 00 00 00 00 00 00 00 ................
01:00:08.271470 000000000161e6d0/0190: 00 00 00 00 00 00 00 00-00 00 00 00 00 00 00 00 ................
01:00:08.271471 000000000161e6e0/01a0: 00 00 00 00 00 00 00 00-00 00 00 00 00 00 00 00 ................
01:00:08.271472 000000000161e6f0/01b0: 00 00 00 00 00 00 00 00-00 00 00 00 00 00 00 00 ................
01:00:08.271473 000000000161e700/01c0: 00 00 00 00 00 00 00 00-00 00 00 00 00 00 00 00 ................
01:00:08.271474 000000000161e710/01d0: 00 00 00 00 00 00 00 00-00 00 00 00 00 00 00 00 ................
01:00:08.271475 000000000161e720/01e0: 00 00 00 00 00 00 00 00-00 00 00 00 00 00 00 00 ................
01:00:08.271476 000000000161e730/01f0: 00 00 00 00 00 00 00 00-00 00 00 00 00 00 00 00 ................
01:00:08.271477 000000000161e740/0200: 00 00 00 00 00 00 00 00-00 00 00 00 00 00 00 00 ................
01:00:08.271478 000000000161e750/0210: 00 00 00 00 00 00 00 00-00 00 00 00 00 00 00 00 ................
01:00:08.271479 000000000161e760/0220: 00 00 00 00                                     ....
01:05:08.272392 REQUEST xid 0x0f207779 chaddr 00:db:fd:38:d1:58
01:05:08.272414  ciaddr 172.16.1.4
01:05:08.272418  client id: 01 00 db fd 38 d1 58
01:05:08.272421  params { 1 3 6 15 26 28 51 58 59 43 }
01:05:08.272439   57: 05 dc
01:05:08.272440   60: 'android-dhcp-9'
01:05:08.272444 > allocateAddress to client [01:00:db:fd:38:d1:58] (00:db:fd:38:d1:58)
01:05:08.272448 > ... found existing binding 172.16.1.4 to [01:00:db:fd:38:d1:58] (00:db:fd:38:d1:58), acked, valid from 2024-09-22T06:20:25Z for 600s until 2024-09-22T06:30:25Z
01:05:08.272455 Lease time 600 secs (default)
01:05:08.272458 writing leases to C:\Users\mr.dildogun\.Ld9VirtualBox\LdNatNetwork6-Dhcpd.leases
01:05:08.274452 >>> requested option 1 (SubnetMask)
01:05:08.274457 ... always supplied
01:05:08.274459 >>> requested option 3 (Routers)
01:05:08.274461 ... found in GlobalConfig (type global)
01:05:08.274463 >>> requested option 6 (DNSes)
01:05:08.274465 ... found in GlobalConfig (type global)
01:05:08.274467 >>> requested option 15 (DomainName)
01:05:08.274470 ... not found
01:05:08.274472 >>> requested option 26 (InterfaceMTU)
01:05:08.274473 ... not found
01:05:08.274475 >>> requested option 28 (BroadcastAddress)
01:05:08.274477 ... not found
01:05:08.274478 >>> requested option 51 (LeaseTime)
01:05:08.274480 ... not found
01:05:08.274481 >>> requested option 58 (RenewalTime)
01:05:08.274483 ... not found
01:05:08.274485 >>> requested option 59 (RebindingTime)
01:05:08.274486 ... not found
01:05:08.274488 >>> requested option 43 (VendorSpecificInfo)
01:05:08.274489 ... not found
01:05:08.274494 encoding option 1 (SubnetMask)
01:05:08.274496 encoding option 3 (Routers)
01:05:08.274498 encoding option 6 (DNSes)
01:05:08.274499 encoding option 51 (LeaseTime)
01:05:08.274502 ACK xid 0x0f207779 chaddr 00:db:fd:38:d1:58
01:05:08.274507  ciaddr 172.16.1.4 yiaddr 172.16.1.4
01:05:08.274513 encoded message: 548 bytes
01:05:08.274514 000000000161e540/0000: 02 01 06 00 79 77 20 0f-00 00 00 00 ac 10 01 04 ....yw .........
01:05:08.274515 000000000161e550/0010: ac 10 01 04 00 00 00 00-00 00 00 00 00 db fd 38 ...............8
01:05:08.274516 000000000161e560/0020: d1 58 00 00 00 00 00 00-00 00 00 00 00 00 00 00 .X..............
01:05:08.274517 000000000161e570/0030: 00 00 00 00 00 00 00 00-00 00 00 00 00 00 00 00 ................
01:05:08.274518 000000000161e580/0040: 00 00 00 00 00 00 00 00-00 00 00 00 00 00 00 00 ................
01:05:08.274519 000000000161e590/0050: 00 00 00 00 00 00 00 00-00 00 00 00 00 00 00 00 ................
01:05:08.274520 000000000161e5a0/0060: 00 00 00 00 00 00 00 00-00 00 00 00 00 00 00 00 ................
01:05:08.274521 000000000161e5b0/0070: 00 00 00 00 00 00 00 00-00 00 00 00 00 00 00 00 ................
01:05:08.274522 000000000161e5c0/0080: 00 00 00 00 00 00 00 00-00 00 00 00 00 00 00 00 ................
01:05:08.274523 000000000161e5d0/0090: 00 00 00 00 00 00 00 00-00 00 00 00 00 00 00 00 ................
01:05:08.274524 000000000161e5e0/00a0: 00 00 00 00 00 00 00 00-00 00 00 00 00 00 00 00 ................
01:05:08.274525 000000000161e5f0/00b0: 00 00 00 00 00 00 00 00-00 00 00 00 00 00 00 00 ................
01:05:08.274526 000000000161e600/00c0: 00 00 00 00 00 00 00 00-00 00 00 00 00 00 00 00 ................
01:05:08.274527 000000000161e610/00d0: 00 00 00 00 00 00 00 00-00 00 00 00 00 00 00 00 ................
01:05:08.274528 000000000161e620/00e0: 00 00 00 00 00 00 00 00-00 00 00 00 63 82 53 63 ............c.Sc
01:05:08.274528 000000000161e630/00f0: 36 04 ac 10 01 03 35 01-05 01 04 ff ff ff 00 03 6.....5.........
01:05:08.274529 000000000161e640/0100: 04 ac 10 01 01 06 04 c0-a8 01 fe 33 04 00 00 02 ...........3....
01:05:08.274531 000000000161e650/0110: 58 ff 00 00 00 00 00 00-00 00 00 00 00 00 00 00 X...............
01:05:08.274532 000000000161e660/0120: 00 00 00 00 00 00 00 00-00 00 00 00 00 00 00 00 ................
01:05:08.274532 000000000161e670/0130: 00 00 00 00 00 00 00 00-00 00 00 00 00 00 00 00 ................
01:05:08.274533 000000000161e680/0140: 00 00 00 00 00 00 00 00-00 00 00 00 00 00 00 00 ................
01:05:08.274534 000000000161e690/0150: 00 00 00 00 00 00 00 00-00 00 00 00 00 00 00 00 ................
01:05:08.274535 000000000161e6a0/0160: 00 00 00 00 00 00 00 00-00 00 00 00 00 00 00 00 ................
01:05:08.274536 000000000161e6b0/0170: 00 00 00 00 00 00 00 00-00 00 00 00 00 00 00 00 ................
01:05:08.274537 000000000161e6c0/0180: 00 00 00 00 00 00 00 00-00 00 00 00 00 00 00 00 ................
01:05:08.274538 000000000161e6d0/0190: 00 00 00 00 00 00 00 00-00 00 00 00 00 00 00 00 ................
01:05:08.274539 000000000161e6e0/01a0: 00 00 00 00 00 00 00 00-00 00 00 00 00 00 00 00 ................
01:05:08.274540 000000000161e6f0/01b0: 00 00 00 00 00 00 00 00-00 00 00 00 00 00 00 00 ................
01:05:08.274541 000000000161e700/01c0: 00 00 00 00 00 00 00 00-00 00 00 00 00 00 00 00 ................
01:05:08.274542 000000000161e710/01d0: 00 00 00 00 00 00 00 00-00 00 00 00 00 00 00 00 ................
01:05:08.274543 000000000161e720/01e0: 00 00 00 00 00 00 00 00-00 00 00 00 00 00 00 00 ................
01:05:08.274544 000000000161e730/01f0: 00 00 00 00 00 00 00 00-00 00 00 00 00 00 00 00 ................
01:05:08.274545 000000000161e740/0200: 00 00 00 00 00 00 00 00-00 00 00 00 00 00 00 00 ................
01:05:08.274546 000000000161e750/0210: 00 00 00 00 00 00 00 00-00 00 00 00 00 00 00 00 ................
01:05:08.274546 000000000161e760/0220: 00 00 00 00                                     ....
