00:00:00.002365 VirtualBox DHCP Server 4.1.34 r325277368 win.amd64 (Jul 26 2022 16:16:05) release log
00:00:00.002366 Log opened 2024-10-15T02:16:21.890274400Z
00:00:00.002367 Build Type: release
00:00:00.002370 OS Product: Windows 10
00:00:00.002370 OS Release: 10.0.19045
00:00:00.002371 OS Service Pack: 
00:00:00.013795 DMI Product Name: Z590 GAMING X
00:00:00.022678 DMI Product Version: Default string
00:00:00.022690 Firmware type: UEFI
00:00:00.022990 Secure Boot: VERR_PRIVILEGE_NOT_HELD
00:00:00.023002 Host RAM: 65401MB (63.8GB) total, 53260MB (52.0GB) available
00:00:00.023006 Executable: C:\Program Files\ldplayer9box\VBoxNetDHCP.exe
00:00:00.023007 Process ID: 58468
00:00:00.023007 Package type: WINDOWS_64BITS_GENERIC (OSE)
00:00:00.023113 --config:  LdNatNetwork2
00:00:00.023119 --comment: LdNatNetwork2
00:00:00.024616 IP address:   172.16.1.3/24
00:00:00.024623 Address pool: 172.16.1.4 - 172.16.1.254
00:00:00.024645 MAC address is not specified: will use generated MAC 08:00:27:fa:46:50
00:00:00.024649 Db::i_enterFixedAddressAssignment: 08:00:27:fa:46:50: 172.16.1.3
00:00:00.024653 loading leases from C:\Users\mr.dildogun\.Ld9VirtualBox\LdNatNetwork2-Dhcpd.leases
00:00:00.024820 > LOAD: EXPIRED lease 172.16.1.4 to [01:00:db:f3:bc:d0:d9] (00:db:f3:bc:d0:d9), expired, valid from 2024-10-06T05:45:40Z for 600s until 2024-10-06T05:55:40Z
00:00:09.652821 DISCOVER xid 0x5cab0515 chaddr 00:db:f3:bc:d0:d9
00:00:09.652853  ciaddr 0.0.0.0
00:00:09.652860  client id: 01 00 db f3 bc d0 d9
00:00:09.652865  params { 1 3 6 15 26 28 51 58 59 43 }
00:00:09.652890   57: 05 dc
00:00:09.652893   60: 'android-dhcp-9'
00:00:09.652898 > allocateAddress to client [01:00:db:f3:bc:d0:d9] (00:db:f3:bc:d0:d9)
00:00:09.652904 > ... found existing binding 172.16.1.4 to [01:00:db:f3:bc:d0:d9] (00:db:f3:bc:d0:d9), expired, valid from 2024-10-06T05:45:40Z for 600s until 2024-10-06T05:55:40Z
00:00:09.652912 Lease time 600 secs (default)
00:00:09.652919 >>> requested option 1 (SubnetMask)
00:00:09.652922 ... always supplied
00:00:09.652925 >>> requested option 3 (Routers)
00:00:09.652927 ... found in GlobalConfig (type global)
00:00:09.652930 >>> requested option 6 (DNSes)
00:00:09.652933 ... found in GlobalConfig (type global)
00:00:09.652935 >>> requested option 15 (DomainName)
00:00:09.652938 ... not found
00:00:09.652940 >>> requested option 26 (InterfaceMTU)
00:00:09.652943 ... not found
00:00:09.652945 >>> requested option 28 (BroadcastAddress)
00:00:09.652947 ... not found
00:00:09.652950 >>> requested option 51 (LeaseTime)
00:00:09.652952 ... not found
00:00:09.652954 >>> requested option 58 (RenewalTime)
00:00:09.652957 ... not found
00:00:09.652959 >>> requested option 59 (RebindingTime)
00:00:09.652961 ... not found
00:00:09.652964 >>> requested option 43 (VendorSpecificInfo)
00:00:09.652966 ... not found
00:00:09.652972 encoding option 1 (SubnetMask)
00:00:09.652975 encoding option 3 (Routers)
00:00:09.652977 encoding option 6 (DNSes)
00:00:09.652979 encoding option 51 (LeaseTime)
00:00:09.652983 OFFER xid 0x5cab0515 chaddr 00:db:f3:bc:d0:d9
00:00:09.652991  ciaddr 0.0.0.0 yiaddr 172.16.1.4
00:00:09.652998 encoded message: 548 bytes
00:00:09.652999 0000000002503150/0000: 02 01 06 00 15 05 ab 5c-00 00 00 00 00 00 00 00 .......\........
00:00:09.653005 0000000002503160/0010: ac 10 01 04 00 00 00 00-00 00 00 00 00 db f3 bc ................
00:00:09.653007 0000000002503170/0020: d0 d9 00 00 00 00 00 00-00 00 00 00 00 00 00 00 ................
00:00:09.653008 0000000002503180/0030: 00 00 00 00 00 00 00 00-00 00 00 00 00 00 00 00 ................
00:00:09.653010 0000000002503190/0040: 00 00 00 00 00 00 00 00-00 00 00 00 00 00 00 00 ................
00:00:09.653012 00000000025031a0/0050: 00 00 00 00 00 00 00 00-00 00 00 00 00 00 00 00 ................
00:00:09.653013 00000000025031b0/0060: 00 00 00 00 00 00 00 00-00 00 00 00 00 00 00 00 ................
00:00:09.653015 00000000025031c0/0070: 00 00 00 00 00 00 00 00-00 00 00 00 00 00 00 00 ................
00:00:09.653016 00000000025031d0/0080: 00 00 00 00 00 00 00 00-00 00 00 00 00 00 00 00 ................
00:00:09.653018 00000000025031e0/0090: 00 00 00 00 00 00 00 00-00 00 00 00 00 00 00 00 ................
00:00:09.653020 00000000025031f0/00a0: 00 00 00 00 00 00 00 00-00 00 00 00 00 00 00 00 ................
00:00:09.653021 0000000002503200/00b0: 00 00 00 00 00 00 00 00-00 00 00 00 00 00 00 00 ................
00:00:09.653023 0000000002503210/00c0: 00 00 00 00 00 00 00 00-00 00 00 00 00 00 00 00 ................
00:00:09.653024 0000000002503220/00d0: 00 00 00 00 00 00 00 00-00 00 00 00 00 00 00 00 ................
00:00:09.653026 0000000002503230/00e0: 00 00 00 00 00 00 00 00-00 00 00 00 63 82 53 63 ............c.Sc
00:00:09.653028 0000000002503240/00f0: 36 04 ac 10 01 03 35 01-02 01 04 ff ff ff 00 03 6.....5.........
00:00:09.653029 0000000002503250/0100: 04 ac 10 01 01 06 04 c0-a8 01 fe 33 04 00 00 02 ...........3....
00:00:09.653031 0000000002503260/0110: 58 ff 00 00 00 00 00 00-00 00 00 00 00 00 00 00 X...............
00:00:09.653033 0000000002503270/0120: 00 00 00 00 00 00 00 00-00 00 00 00 00 00 00 00 ................
00:00:09.653035 0000000002503280/0130: 00 00 00 00 00 00 00 00-00 00 00 00 00 00 00 00 ................
00:00:09.653036 0000000002503290/0140: 00 00 00 00 00 00 00 00-00 00 00 00 00 00 00 00 ................
00:00:09.653038 00000000025032a0/0150: 00 00 00 00 00 00 00 00-00 00 00 00 00 00 00 00 ................
00:00:09.653040 00000000025032b0/0160: 00 00 00 00 00 00 00 00-00 00 00 00 00 00 00 00 ................
00:00:09.653042 00000000025032c0/0170: 00 00 00 00 00 00 00 00-00 00 00 00 00 00 00 00 ................
00:00:09.653043 00000000025032d0/0180: 00 00 00 00 00 00 00 00-00 00 00 00 00 00 00 00 ................
00:00:09.653045 00000000025032e0/0190: 00 00 00 00 00 00 00 00-00 00 00 00 00 00 00 00 ................
00:00:09.653047 00000000025032f0/01a0: 00 00 00 00 00 00 00 00-00 00 00 00 00 00 00 00 ................
00:00:09.653048 0000000002503300/01b0: 00 00 00 00 00 00 00 00-00 00 00 00 00 00 00 00 ................
00:00:09.653050 0000000002503310/01c0: 00 00 00 00 00 00 00 00-00 00 00 00 00 00 00 00 ................
00:00:09.653052 0000000002503320/01d0: 00 00 00 00 00 00 00 00-00 00 00 00 00 00 00 00 ................
00:00:09.653053 0000000002503330/01e0: 00 00 00 00 00 00 00 00-00 00 00 00 00 00 00 00 ................
00:00:09.653055 0000000002503340/01f0: 00 00 00 00 00 00 00 00-00 00 00 00 00 00 00 00 ................
00:00:09.653057 0000000002503350/0200: 00 00 00 00 00 00 00 00-00 00 00 00 00 00 00 00 ................
00:00:09.653058 0000000002503360/0210: 00 00 00 00 00 00 00 00-00 00 00 00 00 00 00 00 ................
00:00:09.653060 0000000002503370/0220: 00 00 00 00                                     ....
00:00:09.655474 REQUEST xid 0x5cab0515 chaddr 00:db:f3:bc:d0:d9
00:00:09.655496  ciaddr 0.0.0.0
00:00:09.655501  for server 172.16.1.3 client id: 01 00 db f3 bc d0 d9
00:00:09.655509  requested address 172.16.1.4
00:00:09.655514  params { 1 3 6 15 26 28 51 58 59 43 }
00:00:09.655537   54: ac 10 01 03
00:00:09.655540   57: 05 dc
00:00:09.655542   60: 'android-dhcp-9'
00:00:09.655549 > allocateAddress 172.16.1.4 to client [01:00:db:f3:bc:d0:d9] (00:db:f3:bc:d0:d9)
00:00:09.655555 > ... found existing binding 172.16.1.4 to [01:00:db:f3:bc:d0:d9] (00:db:f3:bc:d0:d9), offered, valid from 2024-10-15T02:16:31Z for 600s until 2024-10-15T02:26:31Z
00:00:09.655563 Lease time 600 secs (default)
00:00:09.655567 writing leases to C:\Users\mr.dildogun\.Ld9VirtualBox\LdNatNetwork2-Dhcpd.leases
00:00:09.659054 >>> requested option 1 (SubnetMask)
00:00:09.659063 ... always supplied
00:00:09.659065 >>> requested option 3 (Routers)
00:00:09.659067 ... found in GlobalConfig (type global)
00:00:09.659069 >>> requested option 6 (DNSes)
00:00:09.659071 ... found in GlobalConfig (type global)
00:00:09.659073 >>> requested option 15 (DomainName)
00:00:09.659075 ... not found
00:00:09.659076 >>> requested option 26 (InterfaceMTU)
00:00:09.659078 ... not found
00:00:09.659079 >>> requested option 28 (BroadcastAddress)
00:00:09.659084 ... not found
00:00:09.659087 >>> requested option 51 (LeaseTime)
00:00:09.659089 ... not found
00:00:09.659090 >>> requested option 58 (RenewalTime)
00:00:09.659092 ... not found
00:00:09.659093 >>> requested option 59 (RebindingTime)
00:00:09.659095 ... not found
00:00:09.659097 >>> requested option 43 (VendorSpecificInfo)
00:00:09.659100 ... not found
00:00:09.659107 encoding option 1 (SubnetMask)
00:00:09.659110 encoding option 3 (Routers)
00:00:09.659112 encoding option 6 (DNSes)
00:00:09.659115 encoding option 51 (LeaseTime)
00:00:09.659118 ACK xid 0x5cab0515 chaddr 00:db:f3:bc:d0:d9
00:00:09.659128  ciaddr 0.0.0.0 yiaddr 172.16.1.4
00:00:09.659135 encoded message: 548 bytes
00:00:09.659136 0000000002501e10/0000: 02 01 06 00 15 05 ab 5c-00 00 00 00 00 00 00 00 .......\........
00:00:09.659138 0000000002501e20/0010: ac 10 01 04 00 00 00 00-00 00 00 00 00 db f3 bc ................
00:00:09.659140 0000000002501e30/0020: d0 d9 00 00 00 00 00 00-00 00 00 00 00 00 00 00 ................
00:00:09.659141 0000000002501e40/0030: 00 00 00 00 00 00 00 00-00 00 00 00 00 00 00 00 ................
00:00:09.659143 0000000002501e50/0040: 00 00 00 00 00 00 00 00-00 00 00 00 00 00 00 00 ................
00:00:09.659144 0000000002501e60/0050: 00 00 00 00 00 00 00 00-00 00 00 00 00 00 00 00 ................
00:00:09.659145 0000000002501e70/0060: 00 00 00 00 00 00 00 00-00 00 00 00 00 00 00 00 ................
00:00:09.659146 0000000002501e80/0070: 00 00 00 00 00 00 00 00-00 00 00 00 00 00 00 00 ................
00:00:09.659148 0000000002501e90/0080: 00 00 00 00 00 00 00 00-00 00 00 00 00 00 00 00 ................
00:00:09.659149 0000000002501ea0/0090: 00 00 00 00 00 00 00 00-00 00 00 00 00 00 00 00 ................
00:00:09.659150 0000000002501eb0/00a0: 00 00 00 00 00 00 00 00-00 00 00 00 00 00 00 00 ................
00:00:09.659151 0000000002501ec0/00b0: 00 00 00 00 00 00 00 00-00 00 00 00 00 00 00 00 ................
00:00:09.659153 0000000002501ed0/00c0: 00 00 00 00 00 00 00 00-00 00 00 00 00 00 00 00 ................
00:00:09.659154 0000000002501ee0/00d0: 00 00 00 00 00 00 00 00-00 00 00 00 00 00 00 00 ................
00:00:09.659155 0000000002501ef0/00e0: 00 00 00 00 00 00 00 00-00 00 00 00 63 82 53 63 ............c.Sc
00:00:09.659157 0000000002501f00/00f0: 36 04 ac 10 01 03 35 01-05 01 04 ff ff ff 00 03 6.....5.........
00:00:09.659158 0000000002501f10/0100: 04 ac 10 01 01 06 04 c0-a8 01 fe 33 04 00 00 02 ...........3....
00:00:09.659160 0000000002501f20/0110: 58 ff 00 00 00 00 00 00-00 00 00 00 00 00 00 00 X...............
00:00:09.659162 0000000002501f30/0120: 00 00 00 00 00 00 00 00-00 00 00 00 00 00 00 00 ................
00:00:09.659163 0000000002501f40/0130: 00 00 00 00 00 00 00 00-00 00 00 00 00 00 00 00 ................
00:00:09.659164 0000000002501f50/0140: 00 00 00 00 00 00 00 00-00 00 00 00 00 00 00 00 ................
00:00:09.659166 0000000002501f60/0150: 00 00 00 00 00 00 00 00-00 00 00 00 00 00 00 00 ................
00:00:09.659167 0000000002501f70/0160: 00 00 00 00 00 00 00 00-00 00 00 00 00 00 00 00 ................
00:00:09.659169 0000000002501f80/0170: 00 00 00 00 00 00 00 00-00 00 00 00 00 00 00 00 ................
00:00:09.659170 0000000002501f90/0180: 00 00 00 00 00 00 00 00-00 00 00 00 00 00 00 00 ................
00:00:09.659172 0000000002501fa0/0190: 00 00 00 00 00 00 00 00-00 00 00 00 00 00 00 00 ................
00:00:09.659173 0000000002501fb0/01a0: 00 00 00 00 00 00 00 00-00 00 00 00 00 00 00 00 ................
00:00:09.659175 0000000002501fc0/01b0: 00 00 00 00 00 00 00 00-00 00 00 00 00 00 00 00 ................
00:00:09.659176 0000000002501fd0/01c0: 00 00 00 00 00 00 00 00-00 00 00 00 00 00 00 00 ................
00:00:09.659177 0000000002501fe0/01d0: 00 00 00 00 00 00 00 00-00 00 00 00 00 00 00 00 ................
00:00:09.659179 0000000002501ff0/01e0: 00 00 00 00 00 00 00 00-00 00 00 00 00 00 00 00 ................
00:00:09.659180 0000000002502000/01f0: 00 00 00 00 00 00 00 00-00 00 00 00 00 00 00 00 ................
00:00:09.659182 0000000002502010/0200: 00 00 00 00 00 00 00 00-00 00 00 00 00 00 00 00 ................
00:00:09.659183 0000000002502020/0210: 00 00 00 00 00 00 00 00-00 00 00 00 00 00 00 00 ................
00:00:09.659184 0000000002502030/0220: 00 00 00 00                                     ....
00:05:09.672791 REQUEST xid 0x395a9ec0 chaddr 00:db:f3:bc:d0:d9
00:05:09.672829  ciaddr 172.16.1.4
00:05:09.672837  client id: 01 00 db f3 bc d0 d9
00:05:09.672842  params { 1 3 6 15 26 28 51 58 59 43 }
00:05:09.672868   57: 05 dc
00:05:09.672871   60: 'android-dhcp-9'
00:05:09.672878 > allocateAddress to client [01:00:db:f3:bc:d0:d9] (00:db:f3:bc:d0:d9)
00:05:09.672887 > ... found existing binding 172.16.1.4 to [01:00:db:f3:bc:d0:d9] (00:db:f3:bc:d0:d9), acked, valid from 2024-10-15T02:16:31Z for 600s until 2024-10-15T02:26:31Z
00:05:09.672897 Lease time 600 secs (default)
00:05:09.672902 writing leases to C:\Users\mr.dildogun\.Ld9VirtualBox\LdNatNetwork2-Dhcpd.leases
00:05:09.675709 >>> requested option 1 (SubnetMask)
00:05:09.675721 ... always supplied
00:05:09.675723 >>> requested option 3 (Routers)
00:05:09.675725 ... found in GlobalConfig (type global)
00:05:09.675728 >>> requested option 6 (DNSes)
00:05:09.675729 ... found in GlobalConfig (type global)
00:05:09.675731 >>> requested option 15 (DomainName)
00:05:09.675733 ... not found
00:05:09.675735 >>> requested option 26 (InterfaceMTU)
00:05:09.675737 ... not found
00:05:09.675738 >>> requested option 28 (BroadcastAddress)
00:05:09.675740 ... not found
00:05:09.675741 >>> requested option 51 (LeaseTime)
00:05:09.675743 ... not found
00:05:09.675744 >>> requested option 58 (RenewalTime)
00:05:09.675746 ... not found
00:05:09.675748 >>> requested option 59 (RebindingTime)
00:05:09.675749 ... not found
00:05:09.675751 >>> requested option 43 (VendorSpecificInfo)
00:05:09.675752 ... not found
00:05:09.675758 encoding option 1 (SubnetMask)
00:05:09.675759 encoding option 3 (Routers)
00:05:09.675761 encoding option 6 (DNSes)
00:05:09.675764 encoding option 51 (LeaseTime)
00:05:09.675767 ACK xid 0x395a9ec0 chaddr 00:db:f3:bc:d0:d9
00:05:09.675773  ciaddr 172.16.1.4 yiaddr 172.16.1.4
00:05:09.675778 encoded message: 548 bytes
00:05:09.675779 0000000000bfdc80/0000: 02 01 06 00 c0 9e 5a 39-00 00 00 00 ac 10 01 04 ......Z9........
00:05:09.675781 0000000000bfdc90/0010: ac 10 01 04 00 00 00 00-00 00 00 00 00 db f3 bc ................
00:05:09.675783 0000000000bfdca0/0020: d0 d9 00 00 00 00 00 00-00 00 00 00 00 00 00 00 ................
00:05:09.675784 0000000000bfdcb0/0030: 00 00 00 00 00 00 00 00-00 00 00 00 00 00 00 00 ................
00:05:09.675785 0000000000bfdcc0/0040: 00 00 00 00 00 00 00 00-00 00 00 00 00 00 00 00 ................
00:05:09.675785 0000000000bfdcd0/0050: 00 00 00 00 00 00 00 00-00 00 00 00 00 00 00 00 ................
00:05:09.675786 0000000000bfdce0/0060: 00 00 00 00 00 00 00 00-00 00 00 00 00 00 00 00 ................
00:05:09.675787 0000000000bfdcf0/0070: 00 00 00 00 00 00 00 00-00 00 00 00 00 00 00 00 ................
00:05:09.675788 0000000000bfdd00/0080: 00 00 00 00 00 00 00 00-00 00 00 00 00 00 00 00 ................
00:05:09.675789 0000000000bfdd10/0090: 00 00 00 00 00 00 00 00-00 00 00 00 00 00 00 00 ................
00:05:09.675790 0000000000bfdd20/00a0: 00 00 00 00 00 00 00 00-00 00 00 00 00 00 00 00 ................
00:05:09.675791 0000000000bfdd30/00b0: 00 00 00 00 00 00 00 00-00 00 00 00 00 00 00 00 ................
00:05:09.675792 0000000000bfdd40/00c0: 00 00 00 00 00 00 00 00-00 00 00 00 00 00 00 00 ................
00:05:09.675793 0000000000bfdd50/00d0: 00 00 00 00 00 00 00 00-00 00 00 00 00 00 00 00 ................
00:05:09.675794 0000000000bfdd60/00e0: 00 00 00 00 00 00 00 00-00 00 00 00 63 82 53 63 ............c.Sc
00:05:09.675795 0000000000bfdd70/00f0: 36 04 ac 10 01 03 35 01-05 01 04 ff ff ff 00 03 6.....5.........
00:05:09.675796 0000000000bfdd80/0100: 04 ac 10 01 01 06 04 c0-a8 01 fe 33 04 00 00 02 ...........3....
00:05:09.675797 0000000000bfdd90/0110: 58 ff 00 00 00 00 00 00-00 00 00 00 00 00 00 00 X...............
00:05:09.675798 0000000000bfdda0/0120: 00 00 00 00 00 00 00 00-00 00 00 00 00 00 00 00 ................
00:05:09.675799 0000000000bfddb0/0130: 00 00 00 00 00 00 00 00-00 00 00 00 00 00 00 00 ................
00:05:09.675799 0000000000bfddc0/0140: 00 00 00 00 00 00 00 00-00 00 00 00 00 00 00 00 ................
00:05:09.675800 0000000000bfddd0/0150: 00 00 00 00 00 00 00 00-00 00 00 00 00 00 00 00 ................
00:05:09.675801 0000000000bfdde0/0160: 00 00 00 00 00 00 00 00-00 00 00 00 00 00 00 00 ................
00:05:09.675802 0000000000bfddf0/0170: 00 00 00 00 00 00 00 00-00 00 00 00 00 00 00 00 ................
00:05:09.675803 0000000000bfde00/0180: 00 00 00 00 00 00 00 00-00 00 00 00 00 00 00 00 ................
00:05:09.675804 0000000000bfde10/0190: 00 00 00 00 00 00 00 00-00 00 00 00 00 00 00 00 ................
00:05:09.675805 0000000000bfde20/01a0: 00 00 00 00 00 00 00 00-00 00 00 00 00 00 00 00 ................
00:05:09.675806 0000000000bfde30/01b0: 00 00 00 00 00 00 00 00-00 00 00 00 00 00 00 00 ................
00:05:09.675807 0000000000bfde40/01c0: 00 00 00 00 00 00 00 00-00 00 00 00 00 00 00 00 ................
00:05:09.675808 0000000000bfde50/01d0: 00 00 00 00 00 00 00 00-00 00 00 00 00 00 00 00 ................
00:05:09.675809 0000000000bfde60/01e0: 00 00 00 00 00 00 00 00-00 00 00 00 00 00 00 00 ................
00:05:09.675810 0000000000bfde70/01f0: 00 00 00 00 00 00 00 00-00 00 00 00 00 00 00 00 ................
00:05:09.675810 0000000000bfde80/0200: 00 00 00 00 00 00 00 00-00 00 00 00 00 00 00 00 ................
00:05:09.675811 0000000000bfde90/0210: 00 00 00 00 00 00 00 00-00 00 00 00 00 00 00 00 ................
00:05:09.675812 0000000000bfdea0/0220: 00 00 00 00                                     ....
