00:00:00.004260 VirtualBox NAT Network 4.1.34 r3445591488 win.amd64 (Jul 26 2022 16:16:15) release log
00:00:00.004262 Log opened 2024-10-15T02:16:27.019289200Z
00:00:00.004262 Build Type: release
00:00:00.004265 OS Product: Windows 10
00:00:00.004266 OS Release: 10.0.19045
00:00:00.004266 OS Service Pack: 
00:00:00.016484 DMI Product Name: Z590 GAMING X
00:00:00.020609 DMI Product Version: Default string
00:00:00.020622 Firmware type: UEFI
00:00:00.020888 Secure Boot: VERR_PRIVILEGE_NOT_HELD
00:00:00.020903 Host RAM: 65401MB (63.8GB) total, 51758MB (50.5GB) available
00:00:00.020906 Executable: C:\Program Files\ldplayer9box\VBoxNetNAT.exe
00:00:00.020906 Process ID: 18216
00:00:00.020907 Package type: WINDOWS_64BITS_GENERIC (OSE)
00:00:00.026871 SUP: Opened Ld9VMMR0.r0 (C:\Program Files\ldplayer9box\Ld9VMMR0.r0) at 0xXXXXXXXXXXXXXXXX loaded by the native ring-0 loader.
00:00:00.026886 SUP: windbg> .reload /f C:\Program Files\ldplayer9box\Ld9VMMR0.r0=0xXXXXXXXXXXXXXXXX
00:00:00.029145 netif NT0: mac 52:54:00:12:35:00
00:00:00.029159 netif NT0: inet 172.16.1.1 netmask 255.255.255.0
00:00:00.029163 netif NT0: inet6 fe80::5054:ff:fe12:3500
00:00:00.029171 netif NT0: inet6 fd17:625c:f037:1001::1
