00:00:00.003129 VirtualBox DHCP Server 4.1.34 r325277368 win.amd64 (Jul 26 2022 16:16:05) release log
00:00:00.003131 Log opened 2024-10-15T02:16:27.018313300Z
00:00:00.003132 Build Type: release
00:00:00.003136 OS Product: Windows 10
00:00:00.003137 OS Release: 10.0.19045
00:00:00.003137 OS Service Pack: 
00:00:00.017106 DMI Product Name: Z590 GAMING X
00:00:00.027552 DMI Product Version: Default string
00:00:00.027561 Firmware type: UEFI
00:00:00.027893 Secure Boot: VERR_PRIVILEGE_NOT_HELD
00:00:00.027908 Host RAM: 65401MB (63.8GB) total, 51756MB (50.5GB) available
00:00:00.027912 Executable: C:\Program Files\ldplayer9box\VBoxNetDHCP.exe
00:00:00.027912 Process ID: 36056
00:00:00.027913 Package type: WINDOWS_64BITS_GENERIC (OSE)
00:00:00.028048 --config:  LdNatNetwork4
00:00:00.028056 --comment: LdNatNetwork4
00:00:00.029912 IP address:   172.16.1.3/24
00:00:00.029920 Address pool: 172.16.1.4 - 172.16.1.254
00:00:00.029945 MAC address is not specified: will use generated MAC 08:00:27:85:12:a4
00:00:00.029949 Db::i_enterFixedAddressAssignment: 08:00:27:85:12:a4: 172.16.1.3
00:00:00.029953 loading leases from C:\Users\mr.dildogun\.Ld9VirtualBox\LdNatNetwork4-Dhcpd.leases
00:00:00.030351 > LOAD: EXPIRED lease 172.16.1.4 to [01:00:db:f8:7a:50:18] (00:db:f8:7a:50:18), expired, valid from 2024-10-06T05:45:47Z for 600s until 2024-10-06T05:55:47Z
00:00:10.911896 DISCOVER xid 0xbbdfb94c chaddr 00:db:f8:7a:50:18
00:00:10.911930  ciaddr 0.0.0.0
00:00:10.911937  client id: 01 00 db f8 7a 50 18
00:00:10.911941  params { 1 3 6 15 26 28 51 58 59 43 }
00:00:10.911965   57: 05 dc
00:00:10.911968   60: 'android-dhcp-9'
00:00:10.911973 > allocateAddress to client [01:00:db:f8:7a:50:18] (00:db:f8:7a:50:18)
00:00:10.911979 > ... found existing binding 172.16.1.4 to [01:00:db:f8:7a:50:18] (00:db:f8:7a:50:18), expired, valid from 2024-10-06T05:45:47Z for 600s until 2024-10-06T05:55:47Z
00:00:10.911987 Lease time 600 secs (default)
00:00:10.911994 >>> requested option 1 (SubnetMask)
00:00:10.912001 ... always supplied
00:00:10.912003 >>> requested option 3 (Routers)
00:00:10.912006 ... found in GlobalConfig (type global)
00:00:10.912009 >>> requested option 6 (DNSes)
00:00:10.912012 ... found in GlobalConfig (type global)
00:00:10.912014 >>> requested option 15 (DomainName)
00:00:10.912017 ... not found
00:00:10.912019 >>> requested option 26 (InterfaceMTU)
00:00:10.912022 ... not found
00:00:10.912024 >>> requested option 28 (BroadcastAddress)
00:00:10.912026 ... not found
00:00:10.912028 >>> requested option 51 (LeaseTime)
00:00:10.912030 ... not found
00:00:10.912033 >>> requested option 58 (RenewalTime)
00:00:10.912035 ... not found
00:00:10.912037 >>> requested option 59 (RebindingTime)
00:00:10.912040 ... not found
00:00:10.912042 >>> requested option 43 (VendorSpecificInfo)
00:00:10.912044 ... not found
00:00:10.912050 encoding option 1 (SubnetMask)
00:00:10.912053 encoding option 3 (Routers)
00:00:10.912056 encoding option 6 (DNSes)
00:00:10.912058 encoding option 51 (LeaseTime)
00:00:10.912063 OFFER xid 0xbbdfb94c chaddr 00:db:f8:7a:50:18
00:00:10.912070  ciaddr 0.0.0.0 yiaddr 172.16.1.4
00:00:10.912077 encoded message: 548 bytes
00:00:10.912078 00000000031e3150/0000: 02 01 06 00 4c b9 df bb-00 00 00 00 00 00 00 00 ....L...........
00:00:10.912085 00000000031e3160/0010: ac 10 01 04 00 00 00 00-00 00 00 00 00 db f8 7a ...............z
00:00:10.912086 00000000031e3170/0020: 50 18 00 00 00 00 00 00-00 00 00 00 00 00 00 00 P...............
00:00:10.912088 00000000031e3180/0030: 00 00 00 00 00 00 00 00-00 00 00 00 00 00 00 00 ................
00:00:10.912089 00000000031e3190/0040: 00 00 00 00 00 00 00 00-00 00 00 00 00 00 00 00 ................
00:00:10.912091 00000000031e31a0/0050: 00 00 00 00 00 00 00 00-00 00 00 00 00 00 00 00 ................
00:00:10.912092 00000000031e31b0/0060: 00 00 00 00 00 00 00 00-00 00 00 00 00 00 00 00 ................
00:00:10.912093 00000000031e31c0/0070: 00 00 00 00 00 00 00 00-00 00 00 00 00 00 00 00 ................
00:00:10.912094 00000000031e31d0/0080: 00 00 00 00 00 00 00 00-00 00 00 00 00 00 00 00 ................
00:00:10.912096 00000000031e31e0/0090: 00 00 00 00 00 00 00 00-00 00 00 00 00 00 00 00 ................
00:00:10.912097 00000000031e31f0/00a0: 00 00 00 00 00 00 00 00-00 00 00 00 00 00 00 00 ................
00:00:10.912098 00000000031e3200/00b0: 00 00 00 00 00 00 00 00-00 00 00 00 00 00 00 00 ................
00:00:10.912100 00000000031e3210/00c0: 00 00 00 00 00 00 00 00-00 00 00 00 00 00 00 00 ................
00:00:10.912101 00000000031e3220/00d0: 00 00 00 00 00 00 00 00-00 00 00 00 00 00 00 00 ................
00:00:10.912102 00000000031e3230/00e0: 00 00 00 00 00 00 00 00-00 00 00 00 63 82 53 63 ............c.Sc
00:00:10.912104 00000000031e3240/00f0: 36 04 ac 10 01 03 35 01-02 01 04 ff ff ff 00 03 6.....5.........
00:00:10.912105 00000000031e3250/0100: 04 ac 10 01 01 06 04 c0-a8 01 fe 33 04 00 00 02 ...........3....
00:00:10.912106 00000000031e3260/0110: 58 ff 00 00 00 00 00 00-00 00 00 00 00 00 00 00 X...............
00:00:10.912108 00000000031e3270/0120: 00 00 00 00 00 00 00 00-00 00 00 00 00 00 00 00 ................
00:00:10.912109 00000000031e3280/0130: 00 00 00 00 00 00 00 00-00 00 00 00 00 00 00 00 ................
00:00:10.912110 00000000031e3290/0140: 00 00 00 00 00 00 00 00-00 00 00 00 00 00 00 00 ................
00:00:10.912112 00000000031e32a0/0150: 00 00 00 00 00 00 00 00-00 00 00 00 00 00 00 00 ................
00:00:10.912113 00000000031e32b0/0160: 00 00 00 00 00 00 00 00-00 00 00 00 00 00 00 00 ................
00:00:10.912114 00000000031e32c0/0170: 00 00 00 00 00 00 00 00-00 00 00 00 00 00 00 00 ................
00:00:10.912116 00000000031e32d0/0180: 00 00 00 00 00 00 00 00-00 00 00 00 00 00 00 00 ................
00:00:10.912117 00000000031e32e0/0190: 00 00 00 00 00 00 00 00-00 00 00 00 00 00 00 00 ................
00:00:10.912118 00000000031e32f0/01a0: 00 00 00 00 00 00 00 00-00 00 00 00 00 00 00 00 ................
00:00:10.912120 00000000031e3300/01b0: 00 00 00 00 00 00 00 00-00 00 00 00 00 00 00 00 ................
00:00:10.912121 00000000031e3310/01c0: 00 00 00 00 00 00 00 00-00 00 00 00 00 00 00 00 ................
00:00:10.912122 00000000031e3320/01d0: 00 00 00 00 00 00 00 00-00 00 00 00 00 00 00 00 ................
00:00:10.912124 00000000031e3330/01e0: 00 00 00 00 00 00 00 00-00 00 00 00 00 00 00 00 ................
00:00:10.912125 00000000031e3340/01f0: 00 00 00 00 00 00 00 00-00 00 00 00 00 00 00 00 ................
00:00:10.912127 00000000031e3350/0200: 00 00 00 00 00 00 00 00-00 00 00 00 00 00 00 00 ................
00:00:10.912128 00000000031e3360/0210: 00 00 00 00 00 00 00 00-00 00 00 00 00 00 00 00 ................
00:00:10.912129 00000000031e3370/0220: 00 00 00 00                                     ....
00:00:10.913513 REQUEST xid 0xbbdfb94c chaddr 00:db:f8:7a:50:18
00:00:10.913536  ciaddr 0.0.0.0
00:00:10.913541  for server 172.16.1.3 client id: 01 00 db f8 7a 50 18
00:00:10.913548  requested address 172.16.1.4
00:00:10.913553  params { 1 3 6 15 26 28 51 58 59 43 }
00:00:10.913575   54: ac 10 01 03
00:00:10.913578   57: 05 dc
00:00:10.913580   60: 'android-dhcp-9'
00:00:10.913586 > allocateAddress 172.16.1.4 to client [01:00:db:f8:7a:50:18] (00:db:f8:7a:50:18)
00:00:10.913592 > ... found existing binding 172.16.1.4 to [01:00:db:f8:7a:50:18] (00:db:f8:7a:50:18), offered, valid from 2024-10-15T02:16:37Z for 600s until 2024-10-15T02:26:37Z
00:00:10.913600 Lease time 600 secs (default)
00:00:10.913603 writing leases to C:\Users\mr.dildogun\.Ld9VirtualBox\LdNatNetwork4-Dhcpd.leases
00:00:10.916299 >>> requested option 1 (SubnetMask)
00:00:10.916308 ... always supplied
00:00:10.916311 >>> requested option 3 (Routers)
00:00:10.916314 ... found in GlobalConfig (type global)
00:00:10.916317 >>> requested option 6 (DNSes)
00:00:10.916319 ... found in GlobalConfig (type global)
00:00:10.916321 >>> requested option 15 (DomainName)
00:00:10.916323 ... not found
00:00:10.916325 >>> requested option 26 (InterfaceMTU)
00:00:10.916327 ... not found
00:00:10.916329 >>> requested option 28 (BroadcastAddress)
00:00:10.916334 ... not found
00:00:10.916337 >>> requested option 51 (LeaseTime)
00:00:10.916340 ... not found
00:00:10.916342 >>> requested option 58 (RenewalTime)
00:00:10.916344 ... not found
00:00:10.916346 >>> requested option 59 (RebindingTime)
00:00:10.916348 ... not found
00:00:10.916350 >>> requested option 43 (VendorSpecificInfo)
00:00:10.916352 ... not found
00:00:10.916358 encoding option 1 (SubnetMask)
00:00:10.916361 encoding option 3 (Routers)
00:00:10.916362 encoding option 6 (DNSes)
00:00:10.916364 encoding option 51 (LeaseTime)
00:00:10.916367 ACK xid 0xbbdfb94c chaddr 00:db:f8:7a:50:18
00:00:10.916373  ciaddr 0.0.0.0 yiaddr 172.16.1.4
00:00:10.916378 encoded message: 548 bytes
00:00:10.916379 00000000031e1e10/0000: 02 01 06 00 4c b9 df bb-00 00 00 00 00 00 00 00 ....L...........
00:00:10.916380 00000000031e1e20/0010: ac 10 01 04 00 00 00 00-00 00 00 00 00 db f8 7a ...............z
00:00:10.916382 00000000031e1e30/0020: 50 18 00 00 00 00 00 00-00 00 00 00 00 00 00 00 P...............
00:00:10.916383 00000000031e1e40/0030: 00 00 00 00 00 00 00 00-00 00 00 00 00 00 00 00 ................
00:00:10.916384 00000000031e1e50/0040: 00 00 00 00 00 00 00 00-00 00 00 00 00 00 00 00 ................
00:00:10.916385 00000000031e1e60/0050: 00 00 00 00 00 00 00 00-00 00 00 00 00 00 00 00 ................
00:00:10.916385 00000000031e1e70/0060: 00 00 00 00 00 00 00 00-00 00 00 00 00 00 00 00 ................
00:00:10.916386 00000000031e1e80/0070: 00 00 00 00 00 00 00 00-00 00 00 00 00 00 00 00 ................
00:00:10.916387 00000000031e1e90/0080: 00 00 00 00 00 00 00 00-00 00 00 00 00 00 00 00 ................
00:00:10.916388 00000000031e1ea0/0090: 00 00 00 00 00 00 00 00-00 00 00 00 00 00 00 00 ................
00:00:10.916389 00000000031e1eb0/00a0: 00 00 00 00 00 00 00 00-00 00 00 00 00 00 00 00 ................
00:00:10.916390 00000000031e1ec0/00b0: 00 00 00 00 00 00 00 00-00 00 00 00 00 00 00 00 ................
00:00:10.916391 00000000031e1ed0/00c0: 00 00 00 00 00 00 00 00-00 00 00 00 00 00 00 00 ................
00:00:10.916392 00000000031e1ee0/00d0: 00 00 00 00 00 00 00 00-00 00 00 00 00 00 00 00 ................
00:00:10.916393 00000000031e1ef0/00e0: 00 00 00 00 00 00 00 00-00 00 00 00 63 82 53 63 ............c.Sc
00:00:10.916394 00000000031e1f00/00f0: 36 04 ac 10 01 03 35 01-05 01 04 ff ff ff 00 03 6.....5.........
00:00:10.916395 00000000031e1f10/0100: 04 ac 10 01 01 06 04 c0-a8 01 fe 33 04 00 00 02 ...........3....
00:00:10.916396 00000000031e1f20/0110: 58 ff 00 00 00 00 00 00-00 00 00 00 00 00 00 00 X...............
00:00:10.916397 00000000031e1f30/0120: 00 00 00 00 00 00 00 00-00 00 00 00 00 00 00 00 ................
00:00:10.916398 00000000031e1f40/0130: 00 00 00 00 00 00 00 00-00 00 00 00 00 00 00 00 ................
00:00:10.916399 00000000031e1f50/0140: 00 00 00 00 00 00 00 00-00 00 00 00 00 00 00 00 ................
00:00:10.916400 00000000031e1f60/0150: 00 00 00 00 00 00 00 00-00 00 00 00 00 00 00 00 ................
00:00:10.916401 00000000031e1f70/0160: 00 00 00 00 00 00 00 00-00 00 00 00 00 00 00 00 ................
00:00:10.916402 00000000031e1f80/0170: 00 00 00 00 00 00 00 00-00 00 00 00 00 00 00 00 ................
00:00:10.916403 00000000031e1f90/0180: 00 00 00 00 00 00 00 00-00 00 00 00 00 00 00 00 ................
00:00:10.916404 00000000031e1fa0/0190: 00 00 00 00 00 00 00 00-00 00 00 00 00 00 00 00 ................
00:00:10.916404 00000000031e1fb0/01a0: 00 00 00 00 00 00 00 00-00 00 00 00 00 00 00 00 ................
00:00:10.916405 00000000031e1fc0/01b0: 00 00 00 00 00 00 00 00-00 00 00 00 00 00 00 00 ................
00:00:10.916406 00000000031e1fd0/01c0: 00 00 00 00 00 00 00 00-00 00 00 00 00 00 00 00 ................
00:00:10.916407 00000000031e1fe0/01d0: 00 00 00 00 00 00 00 00-00 00 00 00 00 00 00 00 ................
00:00:10.916408 00000000031e1ff0/01e0: 00 00 00 00 00 00 00 00-00 00 00 00 00 00 00 00 ................
00:00:10.916409 00000000031e2000/01f0: 00 00 00 00 00 00 00 00-00 00 00 00 00 00 00 00 ................
00:00:10.916410 00000000031e2010/0200: 00 00 00 00 00 00 00 00-00 00 00 00 00 00 00 00 ................
00:00:10.916411 00000000031e2020/0210: 00 00 00 00 00 00 00 00-00 00 00 00 00 00 00 00 ................
00:00:10.916412 00000000031e2030/0220: 00 00 00 00                                     ....
00:05:10.925104 REQUEST xid 0xb357bcf0 chaddr 00:db:f8:7a:50:18
00:05:10.925123  ciaddr 172.16.1.4
00:05:10.925127  client id: 01 00 db f8 7a 50 18
00:05:10.925130  params { 1 3 6 15 26 28 51 58 59 43 }
00:05:10.925148   57: 05 dc
00:05:10.925150   60: 'android-dhcp-9'
00:05:10.925153 > allocateAddress to client [01:00:db:f8:7a:50:18] (00:db:f8:7a:50:18)
00:05:10.925157 > ... found existing binding 172.16.1.4 to [01:00:db:f8:7a:50:18] (00:db:f8:7a:50:18), acked, valid from 2024-10-15T02:16:37Z for 600s until 2024-10-15T02:26:37Z
00:05:10.925163 Lease time 600 secs (default)
00:05:10.925166 writing leases to C:\Users\mr.dildogun\.Ld9VirtualBox\LdNatNetwork4-Dhcpd.leases
00:05:10.927226 >>> requested option 1 (SubnetMask)
00:05:10.927233 ... always supplied
00:05:10.927235 >>> requested option 3 (Routers)
00:05:10.927237 ... found in GlobalConfig (type global)
00:05:10.927239 >>> requested option 6 (DNSes)
00:05:10.927241 ... found in GlobalConfig (type global)
00:05:10.927242 >>> requested option 15 (DomainName)
00:05:10.927244 ... not found
00:05:10.927246 >>> requested option 26 (InterfaceMTU)
00:05:10.927247 ... not found
00:05:10.927249 >>> requested option 28 (BroadcastAddress)
00:05:10.927251 ... not found
00:05:10.927252 >>> requested option 51 (LeaseTime)
00:05:10.927254 ... not found
00:05:10.927256 >>> requested option 58 (RenewalTime)
00:05:10.927257 ... not found
00:05:10.927259 >>> requested option 59 (RebindingTime)
00:05:10.927260 ... not found
00:05:10.927262 >>> requested option 43 (VendorSpecificInfo)
00:05:10.927264 ... not found
00:05:10.927268 encoding option 1 (SubnetMask)
00:05:10.927270 encoding option 3 (Routers)
00:05:10.927272 encoding option 6 (DNSes)
00:05:10.927273 encoding option 51 (LeaseTime)
00:05:10.927276 ACK xid 0xb357bcf0 chaddr 00:db:f8:7a:50:18
00:05:10.927282  ciaddr 172.16.1.4 yiaddr 172.16.1.4
00:05:10.927287 encoded message: 548 bytes
00:05:10.927288 00000000019adf50/0000: 02 01 06 00 f0 bc 57 b3-00 00 00 00 ac 10 01 04 ......W.........
00:05:10.927289 00000000019adf60/0010: ac 10 01 04 00 00 00 00-00 00 00 00 00 db f8 7a ...............z
00:05:10.927291 00000000019adf70/0020: 50 18 00 00 00 00 00 00-00 00 00 00 00 00 00 00 P...............
00:05:10.927292 00000000019adf80/0030: 00 00 00 00 00 00 00 00-00 00 00 00 00 00 00 00 ................
00:05:10.927293 00000000019adf90/0040: 00 00 00 00 00 00 00 00-00 00 00 00 00 00 00 00 ................
00:05:10.927293 00000000019adfa0/0050: 00 00 00 00 00 00 00 00-00 00 00 00 00 00 00 00 ................
00:05:10.927294 00000000019adfb0/0060: 00 00 00 00 00 00 00 00-00 00 00 00 00 00 00 00 ................
00:05:10.927295 00000000019adfc0/0070: 00 00 00 00 00 00 00 00-00 00 00 00 00 00 00 00 ................
00:05:10.927296 00000000019adfd0/0080: 00 00 00 00 00 00 00 00-00 00 00 00 00 00 00 00 ................
00:05:10.927297 00000000019adfe0/0090: 00 00 00 00 00 00 00 00-00 00 00 00 00 00 00 00 ................
00:05:10.927298 00000000019adff0/00a0: 00 00 00 00 00 00 00 00-00 00 00 00 00 00 00 00 ................
00:05:10.927299 00000000019ae000/00b0: 00 00 00 00 00 00 00 00-00 00 00 00 00 00 00 00 ................
00:05:10.927300 00000000019ae010/00c0: 00 00 00 00 00 00 00 00-00 00 00 00 00 00 00 00 ................
00:05:10.927301 00000000019ae020/00d0: 00 00 00 00 00 00 00 00-00 00 00 00 00 00 00 00 ................
00:05:10.927302 00000000019ae030/00e0: 00 00 00 00 00 00 00 00-00 00 00 00 63 82 53 63 ............c.Sc
00:05:10.927303 00000000019ae040/00f0: 36 04 ac 10 01 03 35 01-05 01 04 ff ff ff 00 03 6.....5.........
00:05:10.927304 00000000019ae050/0100: 04 ac 10 01 01 06 04 c0-a8 01 fe 33 04 00 00 02 ...........3....
00:05:10.927305 00000000019ae060/0110: 58 ff 00 00 00 00 00 00-00 00 00 00 00 00 00 00 X...............
00:05:10.927306 00000000019ae070/0120: 00 00 00 00 00 00 00 00-00 00 00 00 00 00 00 00 ................
00:05:10.927307 00000000019ae080/0130: 00 00 00 00 00 00 00 00-00 00 00 00 00 00 00 00 ................
00:05:10.927308 00000000019ae090/0140: 00 00 00 00 00 00 00 00-00 00 00 00 00 00 00 00 ................
00:05:10.927309 00000000019ae0a0/0150: 00 00 00 00 00 00 00 00-00 00 00 00 00 00 00 00 ................
00:05:10.927310 00000000019ae0b0/0160: 00 00 00 00 00 00 00 00-00 00 00 00 00 00 00 00 ................
00:05:10.927311 00000000019ae0c0/0170: 00 00 00 00 00 00 00 00-00 00 00 00 00 00 00 00 ................
00:05:10.927312 00000000019ae0d0/0180: 00 00 00 00 00 00 00 00-00 00 00 00 00 00 00 00 ................
00:05:10.927313 00000000019ae0e0/0190: 00 00 00 00 00 00 00 00-00 00 00 00 00 00 00 00 ................
00:05:10.927314 00000000019ae0f0/01a0: 00 00 00 00 00 00 00 00-00 00 00 00 00 00 00 00 ................
00:05:10.927314 00000000019ae100/01b0: 00 00 00 00 00 00 00 00-00 00 00 00 00 00 00 00 ................
00:05:10.927315 00000000019ae110/01c0: 00 00 00 00 00 00 00 00-00 00 00 00 00 00 00 00 ................
00:05:10.927316 00000000019ae120/01d0: 00 00 00 00 00 00 00 00-00 00 00 00 00 00 00 00 ................
00:05:10.927317 00000000019ae130/01e0: 00 00 00 00 00 00 00 00-00 00 00 00 00 00 00 00 ................
00:05:10.927318 00000000019ae140/01f0: 00 00 00 00 00 00 00 00-00 00 00 00 00 00 00 00 ................
00:05:10.927319 00000000019ae150/0200: 00 00 00 00 00 00 00 00-00 00 00 00 00 00 00 00 ................
00:05:10.927320 00000000019ae160/0210: 00 00 00 00 00 00 00 00-00 00 00 00 00 00 00 00 ................
00:05:10.927321 00000000019ae170/0220: 00 00 00 00                                     ....
