00:00:00.002396 VirtualBox DHCP Server 4.1.34 r325277368 win.amd64 (Jul 26 2022 16:16:05) release log
00:00:00.002398 Log opened 2024-10-15T02:16:32.261175200Z
00:00:00.002399 Build Type: release
00:00:00.002403 OS Product: Windows 10
00:00:00.002404 OS Release: 10.0.19045
00:00:00.002405 OS Service Pack: 
00:00:00.017643 DMI Product Name: Z590 GAMING X
00:00:00.028884 DMI Product Version: Default string
00:00:00.028898 Firmware type: UEFI
00:00:00.029230 Secure Boot: VERR_PRIVILEGE_NOT_HELD
00:00:00.029243 Host RAM: 65401MB (63.8GB) total, 50467MB (49.2GB) available
00:00:00.029246 Executable: C:\Program Files\ldplayer9box\VBoxNetDHCP.exe
00:00:00.029247 Process ID: 5924
00:00:00.029247 Package type: WINDOWS_64BITS_GENERIC (OSE)
00:00:00.029344 --config:  LdNatNetwork5
00:00:00.029352 --comment: LdNatNetwork5
00:00:00.031069 IP address:   172.16.1.3/24
00:00:00.031079 Address pool: 172.16.1.4 - 172.16.1.254
00:00:00.031105 MAC address is not specified: will use generated MAC 08:00:27:51:f5:87
00:00:00.031109 Db::i_enterFixedAddressAssignment: 08:00:27:51:f5:87: 172.16.1.3
00:00:00.031114 loading leases from C:\Users\mr.dildogun\.Ld9VirtualBox\LdNatNetwork5-Dhcpd.leases
00:00:00.031426 > LOAD: EXPIRED lease 172.16.1.4 to [01:00:db:7a:d9:91:38] (00:db:7a:d9:91:38), expired, valid from 2024-10-06T05:45:51Z for 600s until 2024-10-06T05:55:51Z
00:00:11.722548 DISCOVER xid 0xf60bf882 chaddr 00:db:7a:d9:91:38
00:00:11.722579  ciaddr 0.0.0.0
00:00:11.722585  client id: 01 00 db 7a d9 91 38
00:00:11.722590  params { 1 3 6 15 26 28 51 58 59 43 }
00:00:11.722614   57: 05 dc
00:00:11.722617   60: 'android-dhcp-9'
00:00:11.722621 > allocateAddress to client [01:00:db:7a:d9:91:38] (00:db:7a:d9:91:38)
00:00:11.722627 > ... found existing binding 172.16.1.4 to [01:00:db:7a:d9:91:38] (00:db:7a:d9:91:38), expired, valid from 2024-10-06T05:45:51Z for 600s until 2024-10-06T05:55:51Z
00:00:11.722634 Lease time 600 secs (default)
00:00:11.722641 >>> requested option 1 (SubnetMask)
00:00:11.722643 ... always supplied
00:00:11.722646 >>> requested option 3 (Routers)
00:00:11.722648 ... found in GlobalConfig (type global)
00:00:11.722651 >>> requested option 6 (DNSes)
00:00:11.722653 ... found in GlobalConfig (type global)
00:00:11.722656 >>> requested option 15 (DomainName)
00:00:11.722658 ... not found
00:00:11.722661 >>> requested option 26 (InterfaceMTU)
00:00:11.722663 ... not found
00:00:11.722665 >>> requested option 28 (BroadcastAddress)
00:00:11.722668 ... not found
00:00:11.722670 >>> requested option 51 (LeaseTime)
00:00:11.722672 ... not found
00:00:11.722674 >>> requested option 58 (RenewalTime)
00:00:11.722677 ... not found
00:00:11.722679 >>> requested option 59 (RebindingTime)
00:00:11.722681 ... not found
00:00:11.722683 >>> requested option 43 (VendorSpecificInfo)
00:00:11.722686 ... not found
00:00:11.722691 encoding option 1 (SubnetMask)
00:00:11.722694 encoding option 3 (Routers)
00:00:11.722696 encoding option 6 (DNSes)
00:00:11.722699 encoding option 51 (LeaseTime)
00:00:11.722703 OFFER xid 0xf60bf882 chaddr 00:db:7a:d9:91:38
00:00:11.722711  ciaddr 0.0.0.0 yiaddr 172.16.1.4
00:00:11.722718 encoded message: 548 bytes
00:00:11.722719 00000000029c3150/0000: 02 01 06 00 82 f8 0b f6-00 00 00 00 00 00 00 00 ................
00:00:11.722725 00000000029c3160/0010: ac 10 01 04 00 00 00 00-00 00 00 00 00 db 7a d9 ..............z.
00:00:11.722727 00000000029c3170/0020: 91 38 00 00 00 00 00 00-00 00 00 00 00 00 00 00 .8..............
00:00:11.722728 00000000029c3180/0030: 00 00 00 00 00 00 00 00-00 00 00 00 00 00 00 00 ................
00:00:11.722730 00000000029c3190/0040: 00 00 00 00 00 00 00 00-00 00 00 00 00 00 00 00 ................
00:00:11.722732 00000000029c31a0/0050: 00 00 00 00 00 00 00 00-00 00 00 00 00 00 00 00 ................
00:00:11.722733 00000000029c31b0/0060: 00 00 00 00 00 00 00 00-00 00 00 00 00 00 00 00 ................
00:00:11.722735 00000000029c31c0/0070: 00 00 00 00 00 00 00 00-00 00 00 00 00 00 00 00 ................
00:00:11.722737 00000000029c31d0/0080: 00 00 00 00 00 00 00 00-00 00 00 00 00 00 00 00 ................
00:00:11.722738 00000000029c31e0/0090: 00 00 00 00 00 00 00 00-00 00 00 00 00 00 00 00 ................
00:00:11.722740 00000000029c31f0/00a0: 00 00 00 00 00 00 00 00-00 00 00 00 00 00 00 00 ................
00:00:11.722741 00000000029c3200/00b0: 00 00 00 00 00 00 00 00-00 00 00 00 00 00 00 00 ................
00:00:11.722743 00000000029c3210/00c0: 00 00 00 00 00 00 00 00-00 00 00 00 00 00 00 00 ................
00:00:11.722745 00000000029c3220/00d0: 00 00 00 00 00 00 00 00-00 00 00 00 00 00 00 00 ................
00:00:11.722746 00000000029c3230/00e0: 00 00 00 00 00 00 00 00-00 00 00 00 63 82 53 63 ............c.Sc
00:00:11.722748 00000000029c3240/00f0: 36 04 ac 10 01 03 35 01-02 01 04 ff ff ff 00 03 6.....5.........
00:00:11.722750 00000000029c3250/0100: 04 ac 10 01 01 06 04 c0-a8 01 fe 33 04 00 00 02 ...........3....
00:00:11.722752 00000000029c3260/0110: 58 ff 00 00 00 00 00 00-00 00 00 00 00 00 00 00 X...............
00:00:11.722753 00000000029c3270/0120: 00 00 00 00 00 00 00 00-00 00 00 00 00 00 00 00 ................
00:00:11.722755 00000000029c3280/0130: 00 00 00 00 00 00 00 00-00 00 00 00 00 00 00 00 ................
00:00:11.722757 00000000029c3290/0140: 00 00 00 00 00 00 00 00-00 00 00 00 00 00 00 00 ................
00:00:11.722758 00000000029c32a0/0150: 00 00 00 00 00 00 00 00-00 00 00 00 00 00 00 00 ................
00:00:11.722760 00000000029c32b0/0160: 00 00 00 00 00 00 00 00-00 00 00 00 00 00 00 00 ................
00:00:11.722762 00000000029c32c0/0170: 00 00 00 00 00 00 00 00-00 00 00 00 00 00 00 00 ................
00:00:11.722763 00000000029c32d0/0180: 00 00 00 00 00 00 00 00-00 00 00 00 00 00 00 00 ................
00:00:11.722765 00000000029c32e0/0190: 00 00 00 00 00 00 00 00-00 00 00 00 00 00 00 00 ................
00:00:11.722767 00000000029c32f0/01a0: 00 00 00 00 00 00 00 00-00 00 00 00 00 00 00 00 ................
00:00:11.722768 00000000029c3300/01b0: 00 00 00 00 00 00 00 00-00 00 00 00 00 00 00 00 ................
00:00:11.722770 00000000029c3310/01c0: 00 00 00 00 00 00 00 00-00 00 00 00 00 00 00 00 ................
00:00:11.722771 00000000029c3320/01d0: 00 00 00 00 00 00 00 00-00 00 00 00 00 00 00 00 ................
00:00:11.722773 00000000029c3330/01e0: 00 00 00 00 00 00 00 00-00 00 00 00 00 00 00 00 ................
00:00:11.722775 00000000029c3340/01f0: 00 00 00 00 00 00 00 00-00 00 00 00 00 00 00 00 ................
00:00:11.722776 00000000029c3350/0200: 00 00 00 00 00 00 00 00-00 00 00 00 00 00 00 00 ................
00:00:11.722778 00000000029c3360/0210: 00 00 00 00 00 00 00 00-00 00 00 00 00 00 00 00 ................
00:00:11.722780 00000000029c3370/0220: 00 00 00 00                                     ....
00:00:11.726689 REQUEST xid 0xf60bf882 chaddr 00:db:7a:d9:91:38
00:00:11.726707  ciaddr 0.0.0.0
00:00:11.726712  for server 172.16.1.3 client id: 01 00 db 7a d9 91 38
00:00:11.726718  requested address 172.16.1.4
00:00:11.726724  params { 1 3 6 15 26 28 51 58 59 43 }
00:00:11.726746   54: ac 10 01 03
00:00:11.726749   57: 05 dc
00:00:11.726751   60: 'android-dhcp-9'
00:00:11.726756 > allocateAddress 172.16.1.4 to client [01:00:db:7a:d9:91:38] (00:db:7a:d9:91:38)
00:00:11.726761 > ... found existing binding 172.16.1.4 to [01:00:db:7a:d9:91:38] (00:db:7a:d9:91:38), offered, valid from 2024-10-15T02:16:43Z for 600s until 2024-10-15T02:26:43Z
00:00:11.726768 Lease time 600 secs (default)
00:00:11.726771 writing leases to C:\Users\mr.dildogun\.Ld9VirtualBox\LdNatNetwork5-Dhcpd.leases
00:00:11.730201 >>> requested option 1 (SubnetMask)
00:00:11.730210 ... always supplied
00:00:11.730213 >>> requested option 3 (Routers)
00:00:11.730216 ... found in GlobalConfig (type global)
00:00:11.730218 >>> requested option 6 (DNSes)
00:00:11.730221 ... found in GlobalConfig (type global)
00:00:11.730223 >>> requested option 15 (DomainName)
00:00:11.730226 ... not found
00:00:11.730228 >>> requested option 26 (InterfaceMTU)
00:00:11.730230 ... not found
00:00:11.730232 >>> requested option 28 (BroadcastAddress)
00:00:11.730241 ... not found
00:00:11.730244 >>> requested option 51 (LeaseTime)
00:00:11.730247 ... not found
00:00:11.730249 >>> requested option 58 (RenewalTime)
00:00:11.730251 ... not found
00:00:11.730253 >>> requested option 59 (RebindingTime)
00:00:11.730255 ... not found
00:00:11.730257 >>> requested option 43 (VendorSpecificInfo)
00:00:11.730259 ... not found
00:00:11.730267 encoding option 1 (SubnetMask)
00:00:11.730270 encoding option 3 (Routers)
00:00:11.730272 encoding option 6 (DNSes)
00:00:11.730274 encoding option 51 (LeaseTime)
00:00:11.730278 ACK xid 0xf60bf882 chaddr 00:db:7a:d9:91:38
00:00:11.730286  ciaddr 0.0.0.0 yiaddr 172.16.1.4
00:00:11.730293 encoded message: 548 bytes
00:00:11.730294 00000000029c1e10/0000: 02 01 06 00 82 f8 0b f6-00 00 00 00 00 00 00 00 ................
00:00:11.730296 00000000029c1e20/0010: ac 10 01 04 00 00 00 00-00 00 00 00 00 db 7a d9 ..............z.
00:00:11.730298 00000000029c1e30/0020: 91 38 00 00 00 00 00 00-00 00 00 00 00 00 00 00 .8..............
00:00:11.730300 00000000029c1e40/0030: 00 00 00 00 00 00 00 00-00 00 00 00 00 00 00 00 ................
00:00:11.730301 00000000029c1e50/0040: 00 00 00 00 00 00 00 00-00 00 00 00 00 00 00 00 ................
00:00:11.730302 00000000029c1e60/0050: 00 00 00 00 00 00 00 00-00 00 00 00 00 00 00 00 ................
00:00:11.730304 00000000029c1e70/0060: 00 00 00 00 00 00 00 00-00 00 00 00 00 00 00 00 ................
00:00:11.730305 00000000029c1e80/0070: 00 00 00 00 00 00 00 00-00 00 00 00 00 00 00 00 ................
00:00:11.730307 00000000029c1e90/0080: 00 00 00 00 00 00 00 00-00 00 00 00 00 00 00 00 ................
00:00:11.730308 00000000029c1ea0/0090: 00 00 00 00 00 00 00 00-00 00 00 00 00 00 00 00 ................
00:00:11.730310 00000000029c1eb0/00a0: 00 00 00 00 00 00 00 00-00 00 00 00 00 00 00 00 ................
00:00:11.730311 00000000029c1ec0/00b0: 00 00 00 00 00 00 00 00-00 00 00 00 00 00 00 00 ................
00:00:11.730313 00000000029c1ed0/00c0: 00 00 00 00 00 00 00 00-00 00 00 00 00 00 00 00 ................
00:00:11.730314 00000000029c1ee0/00d0: 00 00 00 00 00 00 00 00-00 00 00 00 00 00 00 00 ................
00:00:11.730316 00000000029c1ef0/00e0: 00 00 00 00 00 00 00 00-00 00 00 00 63 82 53 63 ............c.Sc
00:00:11.730317 00000000029c1f00/00f0: 36 04 ac 10 01 03 35 01-05 01 04 ff ff ff 00 03 6.....5.........
00:00:11.730319 00000000029c1f10/0100: 04 ac 10 01 01 06 04 c0-a8 01 fe 33 04 00 00 02 ...........3....
00:00:11.730321 00000000029c1f20/0110: 58 ff 00 00 00 00 00 00-00 00 00 00 00 00 00 00 X...............
00:00:11.730323 00000000029c1f30/0120: 00 00 00 00 00 00 00 00-00 00 00 00 00 00 00 00 ................
00:00:11.730324 00000000029c1f40/0130: 00 00 00 00 00 00 00 00-00 00 00 00 00 00 00 00 ................
00:00:11.730326 00000000029c1f50/0140: 00 00 00 00 00 00 00 00-00 00 00 00 00 00 00 00 ................
00:00:11.730327 00000000029c1f60/0150: 00 00 00 00 00 00 00 00-00 00 00 00 00 00 00 00 ................
00:00:11.730328 00000000029c1f70/0160: 00 00 00 00 00 00 00 00-00 00 00 00 00 00 00 00 ................
00:00:11.730330 00000000029c1f80/0170: 00 00 00 00 00 00 00 00-00 00 00 00 00 00 00 00 ................
00:00:11.730331 00000000029c1f90/0180: 00 00 00 00 00 00 00 00-00 00 00 00 00 00 00 00 ................
00:00:11.730333 00000000029c1fa0/0190: 00 00 00 00 00 00 00 00-00 00 00 00 00 00 00 00 ................
00:00:11.730334 00000000029c1fb0/01a0: 00 00 00 00 00 00 00 00-00 00 00 00 00 00 00 00 ................
00:00:11.730335 00000000029c1fc0/01b0: 00 00 00 00 00 00 00 00-00 00 00 00 00 00 00 00 ................
00:00:11.730337 00000000029c1fd0/01c0: 00 00 00 00 00 00 00 00-00 00 00 00 00 00 00 00 ................
00:00:11.730338 00000000029c1fe0/01d0: 00 00 00 00 00 00 00 00-00 00 00 00 00 00 00 00 ................
00:00:11.730340 00000000029c1ff0/01e0: 00 00 00 00 00 00 00 00-00 00 00 00 00 00 00 00 ................
00:00:11.730341 00000000029c2000/01f0: 00 00 00 00 00 00 00 00-00 00 00 00 00 00 00 00 ................
00:00:11.730343 00000000029c2010/0200: 00 00 00 00 00 00 00 00-00 00 00 00 00 00 00 00 ................
00:00:11.730344 00000000029c2020/0210: 00 00 00 00 00 00 00 00-00 00 00 00 00 00 00 00 ................
00:00:11.730346 00000000029c2030/0220: 00 00 00 00                                     ....
00:05:11.738456 REQUEST xid 0xf951ec76 chaddr 00:db:7a:d9:91:38
00:05:11.738471  ciaddr 172.16.1.4
00:05:11.738475  client id: 01 00 db 7a d9 91 38
00:05:11.738478  params { 1 3 6 15 26 28 51 58 59 43 }
00:05:11.738496   57: 05 dc
00:05:11.738498   60: 'android-dhcp-9'
00:05:11.738501 > allocateAddress to client [01:00:db:7a:d9:91:38] (00:db:7a:d9:91:38)
00:05:11.738506 > ... found existing binding 172.16.1.4 to [01:00:db:7a:d9:91:38] (00:db:7a:d9:91:38), acked, valid from 2024-10-15T02:16:43Z for 600s until 2024-10-15T02:26:43Z
00:05:11.738512 Lease time 600 secs (default)
00:05:11.738515 writing leases to C:\Users\mr.dildogun\.Ld9VirtualBox\LdNatNetwork5-Dhcpd.leases
00:05:11.740144 >>> requested option 1 (SubnetMask)
00:05:11.740149 ... always supplied
00:05:11.740151 >>> requested option 3 (Routers)
00:05:11.740153 ... found in GlobalConfig (type global)
00:05:11.740155 >>> requested option 6 (DNSes)
00:05:11.740157 ... found in GlobalConfig (type global)
00:05:11.740159 >>> requested option 15 (DomainName)
00:05:11.740161 ... not found
00:05:11.740162 >>> requested option 26 (InterfaceMTU)
00:05:11.740164 ... not found
00:05:11.740165 >>> requested option 28 (BroadcastAddress)
00:05:11.740167 ... not found
00:05:11.740169 >>> requested option 51 (LeaseTime)
00:05:11.740170 ... not found
00:05:11.740172 >>> requested option 58 (RenewalTime)
00:05:11.740173 ... not found
00:05:11.740175 >>> requested option 59 (RebindingTime)
00:05:11.740177 ... not found
00:05:11.740178 >>> requested option 43 (VendorSpecificInfo)
00:05:11.740180 ... not found
00:05:11.740184 encoding option 1 (SubnetMask)
00:05:11.740186 encoding option 3 (Routers)
00:05:11.740188 encoding option 6 (DNSes)
00:05:11.740189 encoding option 51 (LeaseTime)
00:05:11.740192 ACK xid 0xf951ec76 chaddr 00:db:7a:d9:91:38
00:05:11.740197  ciaddr 172.16.1.4 yiaddr 172.16.1.4
00:05:11.740203 encoded message: 548 bytes
00:05:11.740203 00000000011fdf50/0000: 02 01 06 00 76 ec 51 f9-00 00 00 00 ac 10 01 04 ....v.Q.........
00:05:11.740205 00000000011fdf60/0010: ac 10 01 04 00 00 00 00-00 00 00 00 00 db 7a d9 ..............z.
00:05:11.740206 00000000011fdf70/0020: 91 38 00 00 00 00 00 00-00 00 00 00 00 00 00 00 .8..............
00:05:11.740207 00000000011fdf80/0030: 00 00 00 00 00 00 00 00-00 00 00 00 00 00 00 00 ................
00:05:11.740208 00000000011fdf90/0040: 00 00 00 00 00 00 00 00-00 00 00 00 00 00 00 00 ................
00:05:11.740209 00000000011fdfa0/0050: 00 00 00 00 00 00 00 00-00 00 00 00 00 00 00 00 ................
00:05:11.740210 00000000011fdfb0/0060: 00 00 00 00 00 00 00 00-00 00 00 00 00 00 00 00 ................
00:05:11.740211 00000000011fdfc0/0070: 00 00 00 00 00 00 00 00-00 00 00 00 00 00 00 00 ................
00:05:11.740212 00000000011fdfd0/0080: 00 00 00 00 00 00 00 00-00 00 00 00 00 00 00 00 ................
00:05:11.740213 00000000011fdfe0/0090: 00 00 00 00 00 00 00 00-00 00 00 00 00 00 00 00 ................
00:05:11.740214 00000000011fdff0/00a0: 00 00 00 00 00 00 00 00-00 00 00 00 00 00 00 00 ................
00:05:11.740215 00000000011fe000/00b0: 00 00 00 00 00 00 00 00-00 00 00 00 00 00 00 00 ................
00:05:11.740216 00000000011fe010/00c0: 00 00 00 00 00 00 00 00-00 00 00 00 00 00 00 00 ................
00:05:11.740217 00000000011fe020/00d0: 00 00 00 00 00 00 00 00-00 00 00 00 00 00 00 00 ................
00:05:11.740217 00000000011fe030/00e0: 00 00 00 00 00 00 00 00-00 00 00 00 63 82 53 63 ............c.Sc
00:05:11.740218 00000000011fe040/00f0: 36 04 ac 10 01 03 35 01-05 01 04 ff ff ff 00 03 6.....5.........
00:05:11.740219 00000000011fe050/0100: 04 ac 10 01 01 06 04 c0-a8 01 fe 33 04 00 00 02 ...........3....
00:05:11.740221 00000000011fe060/0110: 58 ff 00 00 00 00 00 00-00 00 00 00 00 00 00 00 X...............
00:05:11.740222 00000000011fe070/0120: 00 00 00 00 00 00 00 00-00 00 00 00 00 00 00 00 ................
00:05:11.740222 00000000011fe080/0130: 00 00 00 00 00 00 00 00-00 00 00 00 00 00 00 00 ................
00:05:11.740223 00000000011fe090/0140: 00 00 00 00 00 00 00 00-00 00 00 00 00 00 00 00 ................
00:05:11.740224 00000000011fe0a0/0150: 00 00 00 00 00 00 00 00-00 00 00 00 00 00 00 00 ................
00:05:11.740225 00000000011fe0b0/0160: 00 00 00 00 00 00 00 00-00 00 00 00 00 00 00 00 ................
00:05:11.740226 00000000011fe0c0/0170: 00 00 00 00 00 00 00 00-00 00 00 00 00 00 00 00 ................
00:05:11.740227 00000000011fe0d0/0180: 00 00 00 00 00 00 00 00-00 00 00 00 00 00 00 00 ................
00:05:11.740228 00000000011fe0e0/0190: 00 00 00 00 00 00 00 00-00 00 00 00 00 00 00 00 ................
00:05:11.740229 00000000011fe0f0/01a0: 00 00 00 00 00 00 00 00-00 00 00 00 00 00 00 00 ................
00:05:11.740230 00000000011fe100/01b0: 00 00 00 00 00 00 00 00-00 00 00 00 00 00 00 00 ................
00:05:11.740231 00000000011fe110/01c0: 00 00 00 00 00 00 00 00-00 00 00 00 00 00 00 00 ................
00:05:11.740232 00000000011fe120/01d0: 00 00 00 00 00 00 00 00-00 00 00 00 00 00 00 00 ................
00:05:11.740233 00000000011fe130/01e0: 00 00 00 00 00 00 00 00-00 00 00 00 00 00 00 00 ................
00:05:11.740234 00000000011fe140/01f0: 00 00 00 00 00 00 00 00-00 00 00 00 00 00 00 00 ................
00:05:11.740235 00000000011fe150/0200: 00 00 00 00 00 00 00 00-00 00 00 00 00 00 00 00 ................
00:05:11.740236 00000000011fe160/0210: 00 00 00 00 00 00 00 00-00 00 00 00 00 00 00 00 ................
00:05:11.740237 00000000011fe170/0220: 00 00 00 00                                     ....
