00:00:00.003373 VirtualBox NAT Network 4.1.34 r3445788096 win.amd64 (Jul 26 2022 16:16:15) release log
00:00:00.003374 Log opened 2024-09-22T06:15:51.387003200Z
00:00:00.003375 Build Type: release
00:00:00.003377 OS Product: Windows 10
00:00:00.003377 OS Release: 10.0.19045
00:00:00.003378 OS Service Pack: 
00:00:00.012790 DMI Product Name: Z590 GAMING X
00:00:00.015904 DMI Product Version: Default string
00:00:00.015912 Firmware type: UEFI
00:00:00.016104 Secure Boot: VERR_PRIVILEGE_NOT_HELD
00:00:00.016113 Host RAM: 65401MB (63.8GB) total, 32654MB (31.8GB) available
00:00:00.016115 Executable: C:\Program Files\ldplayer9box\VBoxNetNAT.exe
00:00:00.016116 Process ID: 58320
00:00:00.016116 Package type: WINDOWS_64BITS_GENERIC (OSE)
00:00:00.020332 SUP: Opened Ld9VMMR0.r0 (C:\Program Files\ldplayer9box\Ld9VMMR0.r0) at 0xXXXXXXXXXXXXXXXX loaded by the native ring-0 loader.
00:00:00.020345 SUP: windbg> .reload /f C:\Program Files\ldplayer9box\Ld9VMMR0.r0=0xXXXXXXXXXXXXXXXX
00:00:00.021915 netif NT0: mac 52:54:00:12:35:00
00:00:00.021923 netif NT0: inet 172.16.1.1 netmask 255.255.255.0
00:00:00.021927 netif NT0: inet6 fe80::5054:ff:fe12:3500
00:00:00.021930 netif NT0: inet6 fd17:625c:f037:1001::1
