00:00:00.006614 VirtualBox NAT Network 4.1.34 r4007955904 win.amd64 (Jul 26 2022 16:16:15) release log
00:00:00.006617 Log opened 2024-10-17T02:18:08.789564400Z
00:00:00.006618 Build Type: release
00:00:00.006622 OS Product: Windows 10
00:00:00.006624 OS Release: 10.0.19045
00:00:00.006624 OS Service Pack: 
00:00:00.020125 DMI Product Name: Z590 GAMING X
00:00:00.024174 DMI Product Version: Default string
00:00:00.024183 Firmware type: UEFI
00:00:00.024538 Secure Boot: VERR_PRIVILEGE_NOT_HELD
00:00:00.024553 Host RAM: 65401MB (63.8GB) total, 55068MB (53.7GB) available
00:00:00.024558 Executable: C:\Program Files\ldplayer9box\VBoxNetNAT.exe
00:00:00.024558 Process ID: 13268
00:00:00.024559 Package type: WINDOWS_64BITS_GENERIC (OSE)
00:00:00.031876 SUP: Opened Ld9VMMR0.r0 (C:\Program Files\ldplayer9box\Ld9VMMR0.r0) at 0xXXXXXXXXXXXXXXXX loaded by the native ring-0 loader.
00:00:00.031894 SUP: windbg> .reload /f C:\Program Files\ldplayer9box\Ld9VMMR0.r0=0xXXXXXXXXXXXXXXXX
00:00:00.034945 netif NT0: mac 52:54:00:12:35:00
00:00:00.034959 netif NT0: inet 172.16.1.1 netmask 255.255.255.0
00:00:00.034964 netif NT0: inet6 fe80::5054:ff:fe12:3500
00:00:00.034970 netif NT0: inet6 fd17:625c:f037:1001::1
