00:00:00.163318 VirtualBox DHCP Server 4.1.34 r3379779256 win.amd64 (Jul 26 2022 16:16:05) release log
00:00:00.163320 Log opened 2024-11-04T03:13:02.030548800Z
00:00:00.163321 Build Type: release
00:00:00.163324 OS Product: Windows 10
00:00:00.163325 OS Release: 10.0.19045
00:00:00.163325 OS Service Pack: 
00:00:00.182552 DMI Product Name: Z590 GAMING X
00:00:00.195397 DMI Product Version: Default string
00:00:00.195412 Firmware type: UEFI
00:00:00.195886 Secure Boot: VERR_PRIVILEGE_NOT_HELD
00:00:00.195904 Host RAM: 65401MB (63.8GB) total, 46234MB (45.1GB) available
00:00:00.195908 Executable: C:\Program Files\ldplayer9box\VBoxNetDHCP.exe
00:00:00.195908 Process ID: 40492
00:00:00.195909 Package type: WINDOWS_64BITS_GENERIC (OSE)
00:00:00.196228 --config:  LdNatNetwork0
00:00:00.196277 --comment: LdNatNetwork0
00:00:00.198323 IP address:   172.16.1.3/24
00:00:00.198337 Address pool: 172.16.1.4 - 172.16.1.254
00:00:00.198380 MAC address is not specified: will use generated MAC 08:00:27:e8:98:b3
00:00:00.198410 Db::i_enterFixedAddressAssignment: 08:00:27:e8:98:b3: 172.16.1.3
00:00:00.198421 loading leases from C:\Users\mr.dildogun\.Ld9VirtualBox\LdNatNetwork0-Dhcpd.leases
00:00:00.198641 > LOAD: EXPIRED lease 172.16.1.4 to [01:00:db:4c:62:ac:88] (00:db:4c:62:ac:88), expired, valid from 2024-10-15T02:21:21Z for 600s until 2024-10-15T02:31:21Z
00:00:16.481562 DISCOVER xid 0x0c0dc035 chaddr 00:db:4c:62:ac:88
00:00:16.481594  ciaddr 0.0.0.0
00:00:16.481601  client id: 01 00 db 4c 62 ac 88
00:00:16.481605  params { 1 3 6 15 26 28 51 58 59 43 }
00:00:16.481631   57: 05 dc
00:00:16.481634   60: 'android-dhcp-9'
00:00:16.481641 > allocateAddress to client [01:00:db:4c:62:ac:88] (00:db:4c:62:ac:88)
00:00:16.481648 > ... found existing binding 172.16.1.4 to [01:00:db:4c:62:ac:88] (00:db:4c:62:ac:88), expired, valid from 2024-10-15T02:21:21Z for 600s until 2024-10-15T02:31:21Z
00:00:16.481657 Lease time 600 secs (default)
00:00:16.481663 >>> requested option 1 (SubnetMask)
00:00:16.481666 ... always supplied
00:00:16.481669 >>> requested option 3 (Routers)
00:00:16.481671 ... found in GlobalConfig (type global)
00:00:16.481675 >>> requested option 6 (DNSes)
00:00:16.481677 ... found in GlobalConfig (type global)
00:00:16.481680 >>> requested option 15 (DomainName)
00:00:16.481683 ... not found
00:00:16.481686 >>> requested option 26 (InterfaceMTU)
00:00:16.481688 ... not found
00:00:16.481690 >>> requested option 28 (BroadcastAddress)
00:00:16.481693 ... not found
00:00:16.481695 >>> requested option 51 (LeaseTime)
00:00:16.481697 ... not found
00:00:16.481699 >>> requested option 58 (RenewalTime)
00:00:16.481702 ... not found
00:00:16.481704 >>> requested option 59 (RebindingTime)
00:00:16.481706 ... not found
00:00:16.481708 >>> requested option 43 (VendorSpecificInfo)
00:00:16.481711 ... not found
00:00:16.481717 encoding option 1 (SubnetMask)
00:00:16.481719 encoding option 3 (Routers)
00:00:16.481722 encoding option 6 (DNSes)
00:00:16.481724 encoding option 51 (LeaseTime)
00:00:16.481728 OFFER xid 0x0c0dc035 chaddr 00:db:4c:62:ac:88
00:00:16.481736  ciaddr 0.0.0.0 yiaddr 172.16.1.4
00:00:16.481743 encoded message: 548 bytes
00:00:16.481744 00000000022a3150/0000: 02 01 06 00 35 c0 0d 0c-00 00 00 00 00 00 00 00 ....5...........
00:00:16.481749 00000000022a3160/0010: ac 10 01 04 00 00 00 00-00 00 00 00 00 db 4c 62 ..............Lb
00:00:16.481751 00000000022a3170/0020: ac 88 00 00 00 00 00 00-00 00 00 00 00 00 00 00 ................
00:00:16.481752 00000000022a3180/0030: 00 00 00 00 00 00 00 00-00 00 00 00 00 00 00 00 ................
00:00:16.481754 00000000022a3190/0040: 00 00 00 00 00 00 00 00-00 00 00 00 00 00 00 00 ................
00:00:16.481755 00000000022a31a0/0050: 00 00 00 00 00 00 00 00-00 00 00 00 00 00 00 00 ................
00:00:16.481757 00000000022a31b0/0060: 00 00 00 00 00 00 00 00-00 00 00 00 00 00 00 00 ................
00:00:16.481758 00000000022a31c0/0070: 00 00 00 00 00 00 00 00-00 00 00 00 00 00 00 00 ................
00:00:16.481760 00000000022a31d0/0080: 00 00 00 00 00 00 00 00-00 00 00 00 00 00 00 00 ................
00:00:16.481761 00000000022a31e0/0090: 00 00 00 00 00 00 00 00-00 00 00 00 00 00 00 00 ................
00:00:16.481763 00000000022a31f0/00a0: 00 00 00 00 00 00 00 00-00 00 00 00 00 00 00 00 ................
00:00:16.481764 00000000022a3200/00b0: 00 00 00 00 00 00 00 00-00 00 00 00 00 00 00 00 ................
00:00:16.481766 00000000022a3210/00c0: 00 00 00 00 00 00 00 00-00 00 00 00 00 00 00 00 ................
00:00:16.481767 00000000022a3220/00d0: 00 00 00 00 00 00 00 00-00 00 00 00 00 00 00 00 ................
00:00:16.481769 00000000022a3230/00e0: 00 00 00 00 00 00 00 00-00 00 00 00 63 82 53 63 ............c.Sc
00:00:16.481770 00000000022a3240/00f0: 36 04 ac 10 01 03 35 01-02 01 04 ff ff ff 00 03 6.....5.........
00:00:16.481772 00000000022a3250/0100: 04 ac 10 01 01 06 04 c0-a8 01 fe 33 04 00 00 02 ...........3....
00:00:16.481773 00000000022a3260/0110: 58 ff 00 00 00 00 00 00-00 00 00 00 00 00 00 00 X...............
00:00:16.481775 00000000022a3270/0120: 00 00 00 00 00 00 00 00-00 00 00 00 00 00 00 00 ................
00:00:16.481777 00000000022a3280/0130: 00 00 00 00 00 00 00 00-00 00 00 00 00 00 00 00 ................
00:00:16.481778 00000000022a3290/0140: 00 00 00 00 00 00 00 00-00 00 00 00 00 00 00 00 ................
00:00:16.481779 00000000022a32a0/0150: 00 00 00 00 00 00 00 00-00 00 00 00 00 00 00 00 ................
00:00:16.481781 00000000022a32b0/0160: 00 00 00 00 00 00 00 00-00 00 00 00 00 00 00 00 ................
00:00:16.481782 00000000022a32c0/0170: 00 00 00 00 00 00 00 00-00 00 00 00 00 00 00 00 ................
00:00:16.481784 00000000022a32d0/0180: 00 00 00 00 00 00 00 00-00 00 00 00 00 00 00 00 ................
00:00:16.481785 00000000022a32e0/0190: 00 00 00 00 00 00 00 00-00 00 00 00 00 00 00 00 ................
00:00:16.481787 00000000022a32f0/01a0: 00 00 00 00 00 00 00 00-00 00 00 00 00 00 00 00 ................
00:00:16.481788 00000000022a3300/01b0: 00 00 00 00 00 00 00 00-00 00 00 00 00 00 00 00 ................
00:00:16.481790 00000000022a3310/01c0: 00 00 00 00 00 00 00 00-00 00 00 00 00 00 00 00 ................
00:00:16.481791 00000000022a3320/01d0: 00 00 00 00 00 00 00 00-00 00 00 00 00 00 00 00 ................
00:00:16.481793 00000000022a3330/01e0: 00 00 00 00 00 00 00 00-00 00 00 00 00 00 00 00 ................
00:00:16.481794 00000000022a3340/01f0: 00 00 00 00 00 00 00 00-00 00 00 00 00 00 00 00 ................
00:00:16.481796 00000000022a3350/0200: 00 00 00 00 00 00 00 00-00 00 00 00 00 00 00 00 ................
00:00:16.481797 00000000022a3360/0210: 00 00 00 00 00 00 00 00-00 00 00 00 00 00 00 00 ................
00:00:16.481799 00000000022a3370/0220: 00 00 00 00                                     ....
00:00:16.483106 REQUEST xid 0x0c0dc035 chaddr 00:db:4c:62:ac:88
00:00:16.483124  ciaddr 0.0.0.0
00:00:16.483129  for server 172.16.1.3 client id: 01 00 db 4c 62 ac 88
00:00:16.483137  requested address 172.16.1.4
00:00:16.483144  params { 1 3 6 15 26 28 51 58 59 43 }
00:00:16.483171   54: ac 10 01 03
00:00:16.483175   57: 05 dc
00:00:16.483178   60: 'android-dhcp-9'
00:00:16.483188 > allocateAddress 172.16.1.4 to client [01:00:db:4c:62:ac:88] (00:db:4c:62:ac:88)
00:00:16.483195 > ... found existing binding 172.16.1.4 to [01:00:db:4c:62:ac:88] (00:db:4c:62:ac:88), offered, valid from 2024-11-04T03:13:18Z for 600s until 2024-11-04T03:23:18Z
00:00:16.483203 Lease time 600 secs (default)
00:00:16.483207 writing leases to C:\Users\mr.dildogun\.Ld9VirtualBox\LdNatNetwork0-Dhcpd.leases
00:00:16.486086 >>> requested option 1 (SubnetMask)
00:00:16.486099 ... always supplied
00:00:16.486103 >>> requested option 3 (Routers)
00:00:16.486106 ... found in GlobalConfig (type global)
00:00:16.486109 >>> requested option 6 (DNSes)
00:00:16.486112 ... found in GlobalConfig (type global)
00:00:16.486116 >>> requested option 15 (DomainName)
00:00:16.486119 ... not found
00:00:16.486128 >>> requested option 26 (InterfaceMTU)
00:00:16.486131 ... not found
00:00:16.486133 >>> requested option 28 (BroadcastAddress)
00:00:16.486140 ... not found
00:00:16.486143 >>> requested option 51 (LeaseTime)
00:00:16.486146 ... not found
00:00:16.486149 >>> requested option 58 (RenewalTime)
00:00:16.486152 ... not found
00:00:16.486154 >>> requested option 59 (RebindingTime)
00:00:16.486157 ... not found
00:00:16.486160 >>> requested option 43 (VendorSpecificInfo)
00:00:16.486162 ... not found
00:00:16.486170 encoding option 1 (SubnetMask)
00:00:16.486173 encoding option 3 (Routers)
00:00:16.486176 encoding option 6 (DNSes)
00:00:16.486179 encoding option 51 (LeaseTime)
00:00:16.486183 ACK xid 0x0c0dc035 chaddr 00:db:4c:62:ac:88
00:00:16.486193  ciaddr 0.0.0.0 yiaddr 172.16.1.4
00:00:16.486202 encoded message: 548 bytes
00:00:16.486203 00000000022a1e10/0000: 02 01 06 00 35 c0 0d 0c-00 00 00 00 00 00 00 00 ....5...........
00:00:16.486206 00000000022a1e20/0010: ac 10 01 04 00 00 00 00-00 00 00 00 00 db 4c 62 ..............Lb
00:00:16.486208 00000000022a1e30/0020: ac 88 00 00 00 00 00 00-00 00 00 00 00 00 00 00 ................
00:00:16.486209 00000000022a1e40/0030: 00 00 00 00 00 00 00 00-00 00 00 00 00 00 00 00 ................
00:00:16.486211 00000000022a1e50/0040: 00 00 00 00 00 00 00 00-00 00 00 00 00 00 00 00 ................
00:00:16.486213 00000000022a1e60/0050: 00 00 00 00 00 00 00 00-00 00 00 00 00 00 00 00 ................
00:00:16.486214 00000000022a1e70/0060: 00 00 00 00 00 00 00 00-00 00 00 00 00 00 00 00 ................
00:00:16.486216 00000000022a1e80/0070: 00 00 00 00 00 00 00 00-00 00 00 00 00 00 00 00 ................
00:00:16.486218 00000000022a1e90/0080: 00 00 00 00 00 00 00 00-00 00 00 00 00 00 00 00 ................
00:00:16.486220 00000000022a1ea0/0090: 00 00 00 00 00 00 00 00-00 00 00 00 00 00 00 00 ................
00:00:16.486221 00000000022a1eb0/00a0: 00 00 00 00 00 00 00 00-00 00 00 00 00 00 00 00 ................
00:00:16.486223 00000000022a1ec0/00b0: 00 00 00 00 00 00 00 00-00 00 00 00 00 00 00 00 ................
00:00:16.486224 00000000022a1ed0/00c0: 00 00 00 00 00 00 00 00-00 00 00 00 00 00 00 00 ................
00:00:16.486226 00000000022a1ee0/00d0: 00 00 00 00 00 00 00 00-00 00 00 00 00 00 00 00 ................
00:00:16.486228 00000000022a1ef0/00e0: 00 00 00 00 00 00 00 00-00 00 00 00 63 82 53 63 ............c.Sc
00:00:16.486229 00000000022a1f00/00f0: 36 04 ac 10 01 03 35 01-05 01 04 ff ff ff 00 03 6.....5.........
00:00:16.486231 00000000022a1f10/0100: 04 ac 10 01 01 06 04 c0-a8 01 fe 33 04 00 00 02 ...........3....
00:00:16.486233 00000000022a1f20/0110: 58 ff 00 00 00 00 00 00-00 00 00 00 00 00 00 00 X...............
00:00:16.486235 00000000022a1f30/0120: 00 00 00 00 00 00 00 00-00 00 00 00 00 00 00 00 ................
00:00:16.486237 00000000022a1f40/0130: 00 00 00 00 00 00 00 00-00 00 00 00 00 00 00 00 ................
00:00:16.486238 00000000022a1f50/0140: 00 00 00 00 00 00 00 00-00 00 00 00 00 00 00 00 ................
00:00:16.486240 00000000022a1f60/0150: 00 00 00 00 00 00 00 00-00 00 00 00 00 00 00 00 ................
00:00:16.486242 00000000022a1f70/0160: 00 00 00 00 00 00 00 00-00 00 00 00 00 00 00 00 ................
00:00:16.486243 00000000022a1f80/0170: 00 00 00 00 00 00 00 00-00 00 00 00 00 00 00 00 ................
00:00:16.486245 00000000022a1f90/0180: 00 00 00 00 00 00 00 00-00 00 00 00 00 00 00 00 ................
00:00:16.486247 00000000022a1fa0/0190: 00 00 00 00 00 00 00 00-00 00 00 00 00 00 00 00 ................
00:00:16.486249 00000000022a1fb0/01a0: 00 00 00 00 00 00 00 00-00 00 00 00 00 00 00 00 ................
00:00:16.486250 00000000022a1fc0/01b0: 00 00 00 00 00 00 00 00-00 00 00 00 00 00 00 00 ................
00:00:16.486252 00000000022a1fd0/01c0: 00 00 00 00 00 00 00 00-00 00 00 00 00 00 00 00 ................
00:00:16.486253 00000000022a1fe0/01d0: 00 00 00 00 00 00 00 00-00 00 00 00 00 00 00 00 ................
00:00:16.486255 00000000022a1ff0/01e0: 00 00 00 00 00 00 00 00-00 00 00 00 00 00 00 00 ................
00:00:16.486256 00000000022a2000/01f0: 00 00 00 00 00 00 00 00-00 00 00 00 00 00 00 00 ................
00:00:16.486258 00000000022a2010/0200: 00 00 00 00 00 00 00 00-00 00 00 00 00 00 00 00 ................
00:00:16.486260 00000000022a2020/0210: 00 00 00 00 00 00 00 00-00 00 00 00 00 00 00 00 ................
00:00:16.486262 00000000022a2030/0220: 00 00 00 00                                     ....
