00:00:00.023333 VirtualBox DHCP Server 4.1.34 r3477886648 win.amd64 (Jul 26 2022 16:16:05) release log
00:00:00.023336 Log opened 2024-10-17T02:18:08.790540700Z
00:00:00.023336 Build Type: release
00:00:00.023340 OS Product: Windows 10
00:00:00.023341 OS Release: 10.0.19045
00:00:00.023342 OS Service Pack: 
00:00:00.039434 DMI Product Name: Z590 GAMING X
00:00:00.052048 DMI Product Version: Default string
00:00:00.052058 Firmware type: UEFI
00:00:00.052370 Secure Boot: VERR_PRIVILEGE_NOT_HELD
00:00:00.052384 Host RAM: 65401MB (63.8GB) total, 55029MB (53.7GB) available
00:00:00.052388 Executable: C:\Program Files\ldplayer9box\VBoxNetDHCP.exe
00:00:00.052389 Process ID: 32036
00:00:00.052389 Package type: WINDOWS_64BITS_GENERIC (OSE)
00:00:00.052497 --config:  LdNatNetwork1
00:00:00.052506 --comment: LdNatNetwork1
00:00:00.055307 IP address:   172.16.1.3/24
00:00:00.055325 Address pool: 172.16.1.4 - 172.16.1.254
00:00:00.055389 MAC address is not specified: will use generated MAC 08:00:27:76:5c:1c
00:00:00.055406 Db::i_enterFixedAddressAssignment: 08:00:27:76:5c:1c: 172.16.1.3
00:00:00.055418 loading leases from C:\Users\mr.dildogun\.Ld9VirtualBox\LdNatNetwork1-Dhcpd.leases
00:00:00.055637 > LOAD: EXPIRED lease 172.16.1.4 to [01:00:db:89:97:9f:e1] (00:db:89:97:9f:e1), expired, valid from 2024-10-15T03:13:16Z for 600s until 2024-10-15T03:23:16Z
00:00:15.711586 DISCOVER xid 0xa8bcf97f chaddr 00:db:89:97:9f:e1
00:00:15.711645  ciaddr 0.0.0.0
00:00:15.711660  client id: 01 00 db 89 97 9f e1
00:00:15.711670  params { 1 3 6 15 26 28 51 58 59 43 }
00:00:15.711729   57: 05 dc
00:00:15.711735   60: 'android-dhcp-9'
00:00:15.712029 > allocateAddress to client [01:00:db:89:97:9f:e1] (00:db:89:97:9f:e1)
00:00:15.712054 > ... found existing binding 172.16.1.4 to [01:00:db:89:97:9f:e1] (00:db:89:97:9f:e1), expired, valid from 2024-10-15T03:13:16Z for 600s until 2024-10-15T03:23:16Z
00:00:15.712075 Lease time 600 secs (default)
00:00:15.712090 >>> requested option 1 (SubnetMask)
00:00:15.712097 ... always supplied
00:00:15.712102 >>> requested option 3 (Routers)
00:00:15.712109 ... found in GlobalConfig (type global)
00:00:15.712115 >>> requested option 6 (DNSes)
00:00:15.712121 ... found in GlobalConfig (type global)
00:00:15.712127 >>> requested option 15 (DomainName)
00:00:15.712133 ... not found
00:00:15.712139 >>> requested option 26 (InterfaceMTU)
00:00:15.712145 ... not found
00:00:15.712150 >>> requested option 28 (BroadcastAddress)
00:00:15.712155 ... not found
00:00:15.712161 >>> requested option 51 (LeaseTime)
00:00:15.712167 ... not found
00:00:15.712172 >>> requested option 58 (RenewalTime)
00:00:15.712178 ... not found
00:00:15.712183 >>> requested option 59 (RebindingTime)
00:00:15.712189 ... not found
00:00:15.712194 >>> requested option 43 (VendorSpecificInfo)
00:00:15.712199 ... not found
00:00:15.712214 encoding option 1 (SubnetMask)
00:00:15.712223 encoding option 3 (Routers)
00:00:15.712230 encoding option 6 (DNSes)
00:00:15.712236 encoding option 51 (LeaseTime)
00:00:15.712245 OFFER xid 0xa8bcf97f chaddr 00:db:89:97:9f:e1
00:00:15.712263  ciaddr 0.0.0.0 yiaddr 172.16.1.4
00:00:15.712280 encoded message: 548 bytes
00:00:15.712282 00000000011e3150/0000: 02 01 06 00 7f f9 bc a8-00 00 00 00 00 00 00 00 ................
00:00:15.712472 00000000011e3160/0010: ac 10 01 04 00 00 00 00-00 00 00 00 00 db 89 97 ................
00:00:15.712476 00000000011e3170/0020: 9f e1 00 00 00 00 00 00-00 00 00 00 00 00 00 00 ................
00:00:15.712480 00000000011e3180/0030: 00 00 00 00 00 00 00 00-00 00 00 00 00 00 00 00 ................
00:00:15.712484 00000000011e3190/0040: 00 00 00 00 00 00 00 00-00 00 00 00 00 00 00 00 ................
00:00:15.712488 00000000011e31a0/0050: 00 00 00 00 00 00 00 00-00 00 00 00 00 00 00 00 ................
00:00:15.712491 00000000011e31b0/0060: 00 00 00 00 00 00 00 00-00 00 00 00 00 00 00 00 ................
00:00:15.712494 00000000011e31c0/0070: 00 00 00 00 00 00 00 00-00 00 00 00 00 00 00 00 ................
00:00:15.712497 00000000011e31d0/0080: 00 00 00 00 00 00 00 00-00 00 00 00 00 00 00 00 ................
00:00:15.712501 00000000011e31e0/0090: 00 00 00 00 00 00 00 00-00 00 00 00 00 00 00 00 ................
00:00:15.712504 00000000011e31f0/00a0: 00 00 00 00 00 00 00 00-00 00 00 00 00 00 00 00 ................
00:00:15.712507 00000000011e3200/00b0: 00 00 00 00 00 00 00 00-00 00 00 00 00 00 00 00 ................
00:00:15.712510 00000000011e3210/00c0: 00 00 00 00 00 00 00 00-00 00 00 00 00 00 00 00 ................
00:00:15.712513 00000000011e3220/00d0: 00 00 00 00 00 00 00 00-00 00 00 00 00 00 00 00 ................
00:00:15.712516 00000000011e3230/00e0: 00 00 00 00 00 00 00 00-00 00 00 00 63 82 53 63 ............c.Sc
00:00:15.712519 00000000011e3240/00f0: 36 04 ac 10 01 03 35 01-02 01 04 ff ff ff 00 03 6.....5.........
00:00:15.712524 00000000011e3250/0100: 04 ac 10 01 01 06 04 c0-a8 01 fe 33 04 00 00 02 ...........3....
00:00:15.712528 00000000011e3260/0110: 58 ff 00 00 00 00 00 00-00 00 00 00 00 00 00 00 X...............
00:00:15.712532 00000000011e3270/0120: 00 00 00 00 00 00 00 00-00 00 00 00 00 00 00 00 ................
00:00:15.712535 00000000011e3280/0130: 00 00 00 00 00 00 00 00-00 00 00 00 00 00 00 00 ................
00:00:15.712538 00000000011e3290/0140: 00 00 00 00 00 00 00 00-00 00 00 00 00 00 00 00 ................
00:00:15.712542 00000000011e32a0/0150: 00 00 00 00 00 00 00 00-00 00 00 00 00 00 00 00 ................
00:00:15.712545 00000000011e32b0/0160: 00 00 00 00 00 00 00 00-00 00 00 00 00 00 00 00 ................
00:00:15.712549 00000000011e32c0/0170: 00 00 00 00 00 00 00 00-00 00 00 00 00 00 00 00 ................
00:00:15.712552 00000000011e32d0/0180: 00 00 00 00 00 00 00 00-00 00 00 00 00 00 00 00 ................
00:00:15.712555 00000000011e32e0/0190: 00 00 00 00 00 00 00 00-00 00 00 00 00 00 00 00 ................
00:00:15.712558 00000000011e32f0/01a0: 00 00 00 00 00 00 00 00-00 00 00 00 00 00 00 00 ................
00:00:15.712562 00000000011e3300/01b0: 00 00 00 00 00 00 00 00-00 00 00 00 00 00 00 00 ................
00:00:15.712565 00000000011e3310/01c0: 00 00 00 00 00 00 00 00-00 00 00 00 00 00 00 00 ................
00:00:15.712569 00000000011e3320/01d0: 00 00 00 00 00 00 00 00-00 00 00 00 00 00 00 00 ................
00:00:15.712572 00000000011e3330/01e0: 00 00 00 00 00 00 00 00-00 00 00 00 00 00 00 00 ................
00:00:15.712575 00000000011e3340/01f0: 00 00 00 00 00 00 00 00-00 00 00 00 00 00 00 00 ................
00:00:15.712579 00000000011e3350/0200: 00 00 00 00 00 00 00 00-00 00 00 00 00 00 00 00 ................
00:00:15.712582 00000000011e3360/0210: 00 00 00 00 00 00 00 00-00 00 00 00 00 00 00 00 ................
00:00:15.712586 00000000011e3370/0220: 00 00 00 00                                     ....
00:00:15.776874 REQUEST xid 0xa8bcf97f chaddr 00:db:89:97:9f:e1
00:00:15.776905  ciaddr 0.0.0.0
00:00:15.776914  for server 172.16.1.3 client id: 01 00 db 89 97 9f e1
00:00:15.776926  requested address 172.16.1.4
00:00:15.776935  params { 1 3 6 15 26 28 51 58 59 43 }
00:00:15.776976   54: ac 10 01 03
00:00:15.776981   57: 05 dc
00:00:15.776985   60: 'android-dhcp-9'
00:00:15.776993 > allocateAddress 172.16.1.4 to client [01:00:db:89:97:9f:e1] (00:db:89:97:9f:e1)
00:00:15.777001 > ... found existing binding 172.16.1.4 to [01:00:db:89:97:9f:e1] (00:db:89:97:9f:e1), offered, valid from 2024-10-17T02:18:24Z for 600s until 2024-10-17T02:28:24Z
00:00:15.777018 Lease time 600 secs (default)
00:00:15.777025 writing leases to C:\Users\mr.dildogun\.Ld9VirtualBox\LdNatNetwork1-Dhcpd.leases
00:00:15.780491 >>> requested option 1 (SubnetMask)
00:00:15.780510 ... always supplied
00:00:15.780517 >>> requested option 3 (Routers)
00:00:15.780524 ... found in GlobalConfig (type global)
00:00:15.780530 >>> requested option 6 (DNSes)
00:00:15.780536 ... found in GlobalConfig (type global)
00:00:15.780543 >>> requested option 15 (DomainName)
00:00:15.780549 ... not found
00:00:15.780555 >>> requested option 26 (InterfaceMTU)
00:00:15.780560 ... not found
00:00:15.780566 >>> requested option 28 (BroadcastAddress)
00:00:15.780652 ... not found
00:00:15.780663 >>> requested option 51 (LeaseTime)
00:00:15.780670 ... not found
00:00:15.780675 >>> requested option 58 (RenewalTime)
00:00:15.780681 ... not found
00:00:15.780686 >>> requested option 59 (RebindingTime)
00:00:15.780691 ... not found
00:00:15.780697 >>> requested option 43 (VendorSpecificInfo)
00:00:15.780703 ... not found
00:00:15.780718 encoding option 1 (SubnetMask)
00:00:15.780725 encoding option 3 (Routers)
00:00:15.780732 encoding option 6 (DNSes)
00:00:15.780737 encoding option 51 (LeaseTime)
00:00:15.780746 ACK xid 0xa8bcf97f chaddr 00:db:89:97:9f:e1
00:00:15.780766  ciaddr 0.0.0.0 yiaddr 172.16.1.4
00:00:15.780784 encoded message: 548 bytes
00:00:15.780786 00000000011e1e10/0000: 02 01 06 00 7f f9 bc a8-00 00 00 00 00 00 00 00 ................
00:00:15.780792 00000000011e1e20/0010: ac 10 01 04 00 00 00 00-00 00 00 00 00 db 89 97 ................
00:00:15.780796 00000000011e1e30/0020: 9f e1 00 00 00 00 00 00-00 00 00 00 00 00 00 00 ................
00:00:15.780800 00000000011e1e40/0030: 00 00 00 00 00 00 00 00-00 00 00 00 00 00 00 00 ................
00:00:15.780804 00000000011e1e50/0040: 00 00 00 00 00 00 00 00-00 00 00 00 00 00 00 00 ................
00:00:15.780807 00000000011e1e60/0050: 00 00 00 00 00 00 00 00-00 00 00 00 00 00 00 00 ................
00:00:15.780811 00000000011e1e70/0060: 00 00 00 00 00 00 00 00-00 00 00 00 00 00 00 00 ................
00:00:15.780814 00000000011e1e80/0070: 00 00 00 00 00 00 00 00-00 00 00 00 00 00 00 00 ................
00:00:15.780818 00000000011e1e90/0080: 00 00 00 00 00 00 00 00-00 00 00 00 00 00 00 00 ................
00:00:15.780822 00000000011e1ea0/0090: 00 00 00 00 00 00 00 00-00 00 00 00 00 00 00 00 ................
00:00:15.780825 00000000011e1eb0/00a0: 00 00 00 00 00 00 00 00-00 00 00 00 00 00 00 00 ................
00:00:15.780829 00000000011e1ec0/00b0: 00 00 00 00 00 00 00 00-00 00 00 00 00 00 00 00 ................
00:00:15.780833 00000000011e1ed0/00c0: 00 00 00 00 00 00 00 00-00 00 00 00 00 00 00 00 ................
00:00:15.780836 00000000011e1ee0/00d0: 00 00 00 00 00 00 00 00-00 00 00 00 00 00 00 00 ................
00:00:15.780840 00000000011e1ef0/00e0: 00 00 00 00 00 00 00 00-00 00 00 00 63 82 53 63 ............c.Sc
00:00:15.780844 00000000011e1f00/00f0: 36 04 ac 10 01 03 35 01-05 01 04 ff ff ff 00 03 6.....5.........
00:00:15.780848 00000000011e1f10/0100: 04 ac 10 01 01 06 04 c0-a8 01 fe 33 04 00 00 02 ...........3....
00:00:15.780852 00000000011e1f20/0110: 58 ff 00 00 00 00 00 00-00 00 00 00 00 00 00 00 X...............
00:00:15.780855 00000000011e1f30/0120: 00 00 00 00 00 00 00 00-00 00 00 00 00 00 00 00 ................
00:00:15.780858 00000000011e1f40/0130: 00 00 00 00 00 00 00 00-00 00 00 00 00 00 00 00 ................
00:00:15.780862 00000000011e1f50/0140: 00 00 00 00 00 00 00 00-00 00 00 00 00 00 00 00 ................
00:00:15.780865 00000000011e1f60/0150: 00 00 00 00 00 00 00 00-00 00 00 00 00 00 00 00 ................
00:00:15.780868 00000000011e1f70/0160: 00 00 00 00 00 00 00 00-00 00 00 00 00 00 00 00 ................
00:00:15.780872 00000000011e1f80/0170: 00 00 00 00 00 00 00 00-00 00 00 00 00 00 00 00 ................
00:00:15.780875 00000000011e1f90/0180: 00 00 00 00 00 00 00 00-00 00 00 00 00 00 00 00 ................
00:00:15.780878 00000000011e1fa0/0190: 00 00 00 00 00 00 00 00-00 00 00 00 00 00 00 00 ................
00:00:15.780881 00000000011e1fb0/01a0: 00 00 00 00 00 00 00 00-00 00 00 00 00 00 00 00 ................
00:00:15.780885 00000000011e1fc0/01b0: 00 00 00 00 00 00 00 00-00 00 00 00 00 00 00 00 ................
00:00:15.780888 00000000011e1fd0/01c0: 00 00 00 00 00 00 00 00-00 00 00 00 00 00 00 00 ................
00:00:15.780891 00000000011e1fe0/01d0: 00 00 00 00 00 00 00 00-00 00 00 00 00 00 00 00 ................
00:00:15.780895 00000000011e1ff0/01e0: 00 00 00 00 00 00 00 00-00 00 00 00 00 00 00 00 ................
00:00:15.780898 00000000011e2000/01f0: 00 00 00 00 00 00 00 00-00 00 00 00 00 00 00 00 ................
00:00:15.780902 00000000011e2010/0200: 00 00 00 00 00 00 00 00-00 00 00 00 00 00 00 00 ................
00:00:15.780906 00000000011e2020/0210: 00 00 00 00 00 00 00 00-00 00 00 00 00 00 00 00 ................
00:00:15.780909 00000000011e2030/0220: 00 00 00 00                                     ....
00:05:15.799531 REQUEST xid 0xf3098e2a chaddr 00:db:89:97:9f:e1
00:05:15.799562  ciaddr 172.16.1.4
00:05:15.799566  client id: 01 00 db 89 97 9f e1
00:05:15.799569  params { 1 3 6 15 26 28 51 58 59 43 }
00:05:15.799586   57: 05 dc
00:05:15.799588   60: 'android-dhcp-9'
00:05:15.799591 > allocateAddress to client [01:00:db:89:97:9f:e1] (00:db:89:97:9f:e1)
00:05:15.799595 > ... found existing binding 172.16.1.4 to [01:00:db:89:97:9f:e1] (00:db:89:97:9f:e1), acked, valid from 2024-10-17T02:18:24Z for 600s until 2024-10-17T02:28:24Z
00:05:15.799601 Lease time 600 secs (default)
00:05:15.799603 writing leases to C:\Users\mr.dildogun\.Ld9VirtualBox\LdNatNetwork1-Dhcpd.leases
00:05:15.801456 >>> requested option 1 (SubnetMask)
00:05:15.801462 ... always supplied
00:05:15.801463 >>> requested option 3 (Routers)
00:05:15.801465 ... found in GlobalConfig (type global)
00:05:15.801467 >>> requested option 6 (DNSes)
00:05:15.801469 ... found in GlobalConfig (type global)
00:05:15.801471 >>> requested option 15 (DomainName)
00:05:15.801473 ... not found
00:05:15.801474 >>> requested option 26 (InterfaceMTU)
00:05:15.801476 ... not found
00:05:15.801477 >>> requested option 28 (BroadcastAddress)
00:05:15.801479 ... not found
00:05:15.801481 >>> requested option 51 (LeaseTime)
00:05:15.801482 ... not found
00:05:15.801484 >>> requested option 58 (RenewalTime)
00:05:15.801485 ... not found
00:05:15.801487 >>> requested option 59 (RebindingTime)
00:05:15.801488 ... not found
00:05:15.801490 >>> requested option 43 (VendorSpecificInfo)
00:05:15.801492 ... not found
00:05:15.801496 encoding option 1 (SubnetMask)
00:05:15.801497 encoding option 3 (Routers)
00:05:15.801499 encoding option 6 (DNSes)
00:05:15.801501 encoding option 51 (LeaseTime)
00:05:15.801503 ACK xid 0xf3098e2a chaddr 00:db:89:97:9f:e1
00:05:15.801509  ciaddr 172.16.1.4 yiaddr 172.16.1.4
00:05:15.801514 encoded message: 548 bytes
00:05:15.801514 000000000114dc80/0000: 02 01 06 00 2a 8e 09 f3-00 00 00 00 ac 10 01 04 ....*...........
00:05:15.801516 000000000114dc90/0010: ac 10 01 04 00 00 00 00-00 00 00 00 00 db 89 97 ................
00:05:15.801517 000000000114dca0/0020: 9f e1 00 00 00 00 00 00-00 00 00 00 00 00 00 00 ................
00:05:15.801518 000000000114dcb0/0030: 00 00 00 00 00 00 00 00-00 00 00 00 00 00 00 00 ................
00:05:15.801519 000000000114dcc0/0040: 00 00 00 00 00 00 00 00-00 00 00 00 00 00 00 00 ................
00:05:15.801520 000000000114dcd0/0050: 00 00 00 00 00 00 00 00-00 00 00 00 00 00 00 00 ................
00:05:15.801521 000000000114dce0/0060: 00 00 00 00 00 00 00 00-00 00 00 00 00 00 00 00 ................
00:05:15.801522 000000000114dcf0/0070: 00 00 00 00 00 00 00 00-00 00 00 00 00 00 00 00 ................
00:05:15.801523 000000000114dd00/0080: 00 00 00 00 00 00 00 00-00 00 00 00 00 00 00 00 ................
00:05:15.801524 000000000114dd10/0090: 00 00 00 00 00 00 00 00-00 00 00 00 00 00 00 00 ................
00:05:15.801524 000000000114dd20/00a0: 00 00 00 00 00 00 00 00-00 00 00 00 00 00 00 00 ................
00:05:15.801525 000000000114dd30/00b0: 00 00 00 00 00 00 00 00-00 00 00 00 00 00 00 00 ................
00:05:15.801526 000000000114dd40/00c0: 00 00 00 00 00 00 00 00-00 00 00 00 00 00 00 00 ................
00:05:15.801527 000000000114dd50/00d0: 00 00 00 00 00 00 00 00-00 00 00 00 00 00 00 00 ................
00:05:15.801528 000000000114dd60/00e0: 00 00 00 00 00 00 00 00-00 00 00 00 63 82 53 63 ............c.Sc
00:05:15.801529 000000000114dd70/00f0: 36 04 ac 10 01 03 35 01-05 01 04 ff ff ff 00 03 6.....5.........
00:05:15.801530 000000000114dd80/0100: 04 ac 10 01 01 06 04 c0-a8 01 fe 33 04 00 00 02 ...........3....
00:05:15.801531 000000000114dd90/0110: 58 ff 00 00 00 00 00 00-00 00 00 00 00 00 00 00 X...............
00:05:15.801532 000000000114dda0/0120: 00 00 00 00 00 00 00 00-00 00 00 00 00 00 00 00 ................
00:05:15.801533 000000000114ddb0/0130: 00 00 00 00 00 00 00 00-00 00 00 00 00 00 00 00 ................
00:05:15.801534 000000000114ddc0/0140: 00 00 00 00 00 00 00 00-00 00 00 00 00 00 00 00 ................
00:05:15.801535 000000000114ddd0/0150: 00 00 00 00 00 00 00 00-00 00 00 00 00 00 00 00 ................
00:05:15.801536 000000000114dde0/0160: 00 00 00 00 00 00 00 00-00 00 00 00 00 00 00 00 ................
00:05:15.801537 000000000114ddf0/0170: 00 00 00 00 00 00 00 00-00 00 00 00 00 00 00 00 ................
00:05:15.801538 000000000114de00/0180: 00 00 00 00 00 00 00 00-00 00 00 00 00 00 00 00 ................
00:05:15.801539 000000000114de10/0190: 00 00 00 00 00 00 00 00-00 00 00 00 00 00 00 00 ................
00:05:15.801539 000000000114de20/01a0: 00 00 00 00 00 00 00 00-00 00 00 00 00 00 00 00 ................
00:05:15.801540 000000000114de30/01b0: 00 00 00 00 00 00 00 00-00 00 00 00 00 00 00 00 ................
00:05:15.801541 000000000114de40/01c0: 00 00 00 00 00 00 00 00-00 00 00 00 00 00 00 00 ................
00:05:15.801542 000000000114de50/01d0: 00 00 00 00 00 00 00 00-00 00 00 00 00 00 00 00 ................
00:05:15.801543 000000000114de60/01e0: 00 00 00 00 00 00 00 00-00 00 00 00 00 00 00 00 ................
00:05:15.801544 000000000114de70/01f0: 00 00 00 00 00 00 00 00-00 00 00 00 00 00 00 00 ................
00:05:15.801545 000000000114de80/0200: 00 00 00 00 00 00 00 00-00 00 00 00 00 00 00 00 ................
00:05:15.801546 000000000114de90/0210: 00 00 00 00 00 00 00 00-00 00 00 00 00 00 00 00 ................
00:05:15.801547 000000000114dea0/0220: 00 00 00 00                                     ....
00:10:15.807112 REQUEST xid 0xcad3213e chaddr 00:db:89:97:9f:e1
00:10:15.807131  ciaddr 172.16.1.4
00:10:15.807135  client id: 01 00 db 89 97 9f e1
00:10:15.807138  params { 1 3 6 15 26 28 51 58 59 43 }
00:10:15.807156   57: 05 dc
00:10:15.807158   60: 'android-dhcp-9'
00:10:15.807161 > allocateAddress to client [01:00:db:89:97:9f:e1] (00:db:89:97:9f:e1)
00:10:15.807165 > ... found existing binding 172.16.1.4 to [01:00:db:89:97:9f:e1] (00:db:89:97:9f:e1), acked, valid from 2024-10-17T02:23:24Z for 600s until 2024-10-17T02:33:24Z
00:10:15.807172 Lease time 600 secs (default)
00:10:15.807174 writing leases to C:\Users\mr.dildogun\.Ld9VirtualBox\LdNatNetwork1-Dhcpd.leases
00:10:15.809192 >>> requested option 1 (SubnetMask)
00:10:15.809197 ... always supplied
00:10:15.809199 >>> requested option 3 (Routers)
00:10:15.809201 ... found in GlobalConfig (type global)
00:10:15.809203 >>> requested option 6 (DNSes)
00:10:15.809205 ... found in GlobalConfig (type global)
00:10:15.809207 >>> requested option 15 (DomainName)
00:10:15.809209 ... not found
00:10:15.809210 >>> requested option 26 (InterfaceMTU)
00:10:15.809212 ... not found
00:10:15.809213 >>> requested option 28 (BroadcastAddress)
00:10:15.809215 ... not found
00:10:15.809217 >>> requested option 51 (LeaseTime)
00:10:15.809218 ... not found
00:10:15.809220 >>> requested option 58 (RenewalTime)
00:10:15.809222 ... not found
00:10:15.809223 >>> requested option 59 (RebindingTime)
00:10:15.809225 ... not found
00:10:15.809226 >>> requested option 43 (VendorSpecificInfo)
00:10:15.809228 ... not found
00:10:15.809232 encoding option 1 (SubnetMask)
00:10:15.809234 encoding option 3 (Routers)
00:10:15.809236 encoding option 6 (DNSes)
00:10:15.809237 encoding option 51 (LeaseTime)
00:10:15.809240 ACK xid 0xcad3213e chaddr 00:db:89:97:9f:e1
00:10:15.809246  ciaddr 172.16.1.4 yiaddr 172.16.1.4
00:10:15.809251 encoded message: 548 bytes
00:10:15.809252 000000000114df50/0000: 02 01 06 00 3e 21 d3 ca-00 00 00 00 ac 10 01 04 ....>!..........
00:10:15.809253 000000000114df60/0010: ac 10 01 04 00 00 00 00-00 00 00 00 00 db 89 97 ................
00:10:15.809255 000000000114df70/0020: 9f e1 00 00 00 00 00 00-00 00 00 00 00 00 00 00 ................
00:10:15.809256 000000000114df80/0030: 00 00 00 00 00 00 00 00-00 00 00 00 00 00 00 00 ................
00:10:15.809256 000000000114df90/0040: 00 00 00 00 00 00 00 00-00 00 00 00 00 00 00 00 ................
00:10:15.809257 000000000114dfa0/0050: 00 00 00 00 00 00 00 00-00 00 00 00 00 00 00 00 ................
00:10:15.809258 000000000114dfb0/0060: 00 00 00 00 00 00 00 00-00 00 00 00 00 00 00 00 ................
00:10:15.809259 000000000114dfc0/0070: 00 00 00 00 00 00 00 00-00 00 00 00 00 00 00 00 ................
00:10:15.809260 000000000114dfd0/0080: 00 00 00 00 00 00 00 00-00 00 00 00 00 00 00 00 ................
00:10:15.809261 000000000114dfe0/0090: 00 00 00 00 00 00 00 00-00 00 00 00 00 00 00 00 ................
00:10:15.809262 000000000114dff0/00a0: 00 00 00 00 00 00 00 00-00 00 00 00 00 00 00 00 ................
00:10:15.809263 000000000114e000/00b0: 00 00 00 00 00 00 00 00-00 00 00 00 00 00 00 00 ................
00:10:15.809264 000000000114e010/00c0: 00 00 00 00 00 00 00 00-00 00 00 00 00 00 00 00 ................
00:10:15.809265 000000000114e020/00d0: 00 00 00 00 00 00 00 00-00 00 00 00 00 00 00 00 ................
00:10:15.809266 000000000114e030/00e0: 00 00 00 00 00 00 00 00-00 00 00 00 63 82 53 63 ............c.Sc
00:10:15.809267 000000000114e040/00f0: 36 04 ac 10 01 03 35 01-05 01 04 ff ff ff 00 03 6.....5.........
00:10:15.809268 000000000114e050/0100: 04 ac 10 01 01 06 04 c0-a8 01 fe 33 04 00 00 02 ...........3....
00:10:15.809269 000000000114e060/0110: 58 ff 00 00 00 00 00 00-00 00 00 00 00 00 00 00 X...............
00:10:15.809270 000000000114e070/0120: 00 00 00 00 00 00 00 00-00 00 00 00 00 00 00 00 ................
00:10:15.809271 000000000114e080/0130: 00 00 00 00 00 00 00 00-00 00 00 00 00 00 00 00 ................
00:10:15.809272 000000000114e090/0140: 00 00 00 00 00 00 00 00-00 00 00 00 00 00 00 00 ................
00:10:15.809273 000000000114e0a0/0150: 00 00 00 00 00 00 00 00-00 00 00 00 00 00 00 00 ................
00:10:15.809274 000000000114e0b0/0160: 00 00 00 00 00 00 00 00-00 00 00 00 00 00 00 00 ................
00:10:15.809275 000000000114e0c0/0170: 00 00 00 00 00 00 00 00-00 00 00 00 00 00 00 00 ................
00:10:15.809275 000000000114e0d0/0180: 00 00 00 00 00 00 00 00-00 00 00 00 00 00 00 00 ................
00:10:15.809276 000000000114e0e0/0190: 00 00 00 00 00 00 00 00-00 00 00 00 00 00 00 00 ................
00:10:15.809277 000000000114e0f0/01a0: 00 00 00 00 00 00 00 00-00 00 00 00 00 00 00 00 ................
00:10:15.809278 000000000114e100/01b0: 00 00 00 00 00 00 00 00-00 00 00 00 00 00 00 00 ................
00:10:15.809279 000000000114e110/01c0: 00 00 00 00 00 00 00 00-00 00 00 00 00 00 00 00 ................
00:10:15.809280 000000000114e120/01d0: 00 00 00 00 00 00 00 00-00 00 00 00 00 00 00 00 ................
00:10:15.809281 000000000114e130/01e0: 00 00 00 00 00 00 00 00-00 00 00 00 00 00 00 00 ................
00:10:15.809282 000000000114e140/01f0: 00 00 00 00 00 00 00 00-00 00 00 00 00 00 00 00 ................
00:10:15.809283 000000000114e150/0200: 00 00 00 00 00 00 00 00-00 00 00 00 00 00 00 00 ................
00:10:15.809284 000000000114e160/0210: 00 00 00 00 00 00 00 00-00 00 00 00 00 00 00 00 ................
00:10:15.809285 000000000114e170/0220: 00 00 00 00                                     ....
00:15:15.828185 REQUEST xid 0x12b5f01c chaddr 00:db:89:97:9f:e1
00:15:15.828243  ciaddr 172.16.1.4
00:15:15.828260  client id: 01 00 db 89 97 9f e1
00:15:15.828271  params { 1 3 6 15 26 28 51 58 59 43 }
00:15:15.828346   57: 05 dc
00:15:15.828353   60: 'android-dhcp-9'
00:15:15.828367 > allocateAddress to client [01:00:db:89:97:9f:e1] (00:db:89:97:9f:e1)
00:15:15.828383 > ... found existing binding 172.16.1.4 to [01:00:db:89:97:9f:e1] (00:db:89:97:9f:e1), acked, valid from 2024-10-17T02:28:24Z for 600s until 2024-10-17T02:38:24Z
00:15:15.828405 Lease time 600 secs (default)
00:15:15.828415 writing leases to C:\Users\mr.dildogun\.Ld9VirtualBox\LdNatNetwork1-Dhcpd.leases
00:15:15.831782 >>> requested option 1 (SubnetMask)
00:15:15.831802 ... always supplied
00:15:15.831812 >>> requested option 3 (Routers)
00:15:15.831818 ... found in GlobalConfig (type global)
00:15:15.831824 >>> requested option 6 (DNSes)
00:15:15.831829 ... found in GlobalConfig (type global)
00:15:15.831835 >>> requested option 15 (DomainName)
00:15:15.831840 ... not found
00:15:15.831845 >>> requested option 26 (InterfaceMTU)
00:15:15.831850 ... not found
00:15:15.831855 >>> requested option 28 (BroadcastAddress)
00:15:15.831860 ... not found
00:15:15.831864 >>> requested option 51 (LeaseTime)
00:15:15.831869 ... not found
00:15:15.831874 >>> requested option 58 (RenewalTime)
00:15:15.831879 ... not found
00:15:15.831883 >>> requested option 59 (RebindingTime)
00:15:15.831888 ... not found
00:15:15.831893 >>> requested option 43 (VendorSpecificInfo)
00:15:15.831898 ... not found
00:15:15.831909 encoding option 1 (SubnetMask)
00:15:15.831915 encoding option 3 (Routers)
00:15:15.831920 encoding option 6 (DNSes)
00:15:15.831925 encoding option 51 (LeaseTime)
00:15:15.831932 ACK xid 0x12b5f01c chaddr 00:db:89:97:9f:e1
00:15:15.831948  ciaddr 172.16.1.4 yiaddr 172.16.1.4
00:15:15.831964 encoded message: 548 bytes
00:15:15.831966 00000000011e1d20/0000: 02 01 06 00 1c f0 b5 12-00 00 00 00 ac 10 01 04 ................
00:15:15.831971 00000000011e1d30/0010: ac 10 01 04 00 00 00 00-00 00 00 00 00 db 89 97 ................
00:15:15.831974 00000000011e1d40/0020: 9f e1 00 00 00 00 00 00-00 00 00 00 00 00 00 00 ................
00:15:15.831977 00000000011e1d50/0030: 00 00 00 00 00 00 00 00-00 00 00 00 00 00 00 00 ................
00:15:15.831980 00000000011e1d60/0040: 00 00 00 00 00 00 00 00-00 00 00 00 00 00 00 00 ................
00:15:15.831983 00000000011e1d70/0050: 00 00 00 00 00 00 00 00-00 00 00 00 00 00 00 00 ................
00:15:15.831986 00000000011e1d80/0060: 00 00 00 00 00 00 00 00-00 00 00 00 00 00 00 00 ................
00:15:15.831988 00000000011e1d90/0070: 00 00 00 00 00 00 00 00-00 00 00 00 00 00 00 00 ................
00:15:15.831991 00000000011e1da0/0080: 00 00 00 00 00 00 00 00-00 00 00 00 00 00 00 00 ................
00:15:15.831994 00000000011e1db0/0090: 00 00 00 00 00 00 00 00-00 00 00 00 00 00 00 00 ................
00:15:15.831996 00000000011e1dc0/00a0: 00 00 00 00 00 00 00 00-00 00 00 00 00 00 00 00 ................
00:15:15.831999 00000000011e1dd0/00b0: 00 00 00 00 00 00 00 00-00 00 00 00 00 00 00 00 ................
00:15:15.832002 00000000011e1de0/00c0: 00 00 00 00 00 00 00 00-00 00 00 00 00 00 00 00 ................
00:15:15.832005 00000000011e1df0/00d0: 00 00 00 00 00 00 00 00-00 00 00 00 00 00 00 00 ................
00:15:15.832007 00000000011e1e00/00e0: 00 00 00 00 00 00 00 00-00 00 00 00 63 82 53 63 ............c.Sc
00:15:15.832010 00000000011e1e10/00f0: 36 04 ac 10 01 03 35 01-05 01 04 ff ff ff 00 03 6.....5.........
00:15:15.832013 00000000011e1e20/0100: 04 ac 10 01 01 06 04 c0-a8 01 fe 33 04 00 00 02 ...........3....
00:15:15.832016 00000000011e1e30/0110: 58 ff 00 00 00 00 00 00-00 00 00 00 00 00 00 00 X...............
00:15:15.832019 00000000011e1e40/0120: 00 00 00 00 00 00 00 00-00 00 00 00 00 00 00 00 ................
00:15:15.832022 00000000011e1e50/0130: 00 00 00 00 00 00 00 00-00 00 00 00 00 00 00 00 ................
00:15:15.832025 00000000011e1e60/0140: 00 00 00 00 00 00 00 00-00 00 00 00 00 00 00 00 ................
00:15:15.832028 00000000011e1e70/0150: 00 00 00 00 00 00 00 00-00 00 00 00 00 00 00 00 ................
00:15:15.832031 00000000011e1e80/0160: 00 00 00 00 00 00 00 00-00 00 00 00 00 00 00 00 ................
00:15:15.832034 00000000011e1e90/0170: 00 00 00 00 00 00 00 00-00 00 00 00 00 00 00 00 ................
00:15:15.832036 00000000011e1ea0/0180: 00 00 00 00 00 00 00 00-00 00 00 00 00 00 00 00 ................
00:15:15.832039 00000000011e1eb0/0190: 00 00 00 00 00 00 00 00-00 00 00 00 00 00 00 00 ................
00:15:15.832042 00000000011e1ec0/01a0: 00 00 00 00 00 00 00 00-00 00 00 00 00 00 00 00 ................
00:15:15.832045 00000000011e1ed0/01b0: 00 00 00 00 00 00 00 00-00 00 00 00 00 00 00 00 ................
00:15:15.832047 00000000011e1ee0/01c0: 00 00 00 00 00 00 00 00-00 00 00 00 00 00 00 00 ................
00:15:15.832050 00000000011e1ef0/01d0: 00 00 00 00 00 00 00 00-00 00 00 00 00 00 00 00 ................
00:15:15.832053 00000000011e1f00/01e0: 00 00 00 00 00 00 00 00-00 00 00 00 00 00 00 00 ................
00:15:15.832055 00000000011e1f10/01f0: 00 00 00 00 00 00 00 00-00 00 00 00 00 00 00 00 ................
00:15:15.832058 00000000011e1f20/0200: 00 00 00 00 00 00 00 00-00 00 00 00 00 00 00 00 ................
00:15:15.832061 00000000011e1f30/0210: 00 00 00 00 00 00 00 00-00 00 00 00 00 00 00 00 ................
00:15:15.832064 00000000011e1f40/0220: 00 00 00 00                                     ....
